[0.272s] DEBUG:colcon:Command line arguments: ['/usr/bin/colcon', 'build']
[0.272s] DEBUG:colcon:Parsed command line arguments: Namespace(log_base=None, log_level=None, verb_name='build', build_base='build', install_base='install', merge_install=False, symlink_install=False, test_result_base=None, continue_on_error=False, executor='parallel', parallel_workers=16, event_handlers=None, ignore_user_meta=False, metas=['./colcon.meta'], base_paths=['.'], packages_ignore=None, packages_ignore_regex=None, paths=None, packages_up_to=None, packages_up_to_regex=None, packages_above=None, packages_above_and_dependencies=None, packages_above_depth=None, packages_select_by_dep=None, packages_skip_by_dep=None, packages_skip_up_to=None, packages_select_build_failed=False, packages_skip_build_finished=False, packages_select_test_failures=False, packages_skip_test_passed=False, packages_select=None, packages_skip=None, packages_select_regex=None, packages_skip_regex=None, packages_start=None, packages_end=None, allow_overriding=[], cmake_args=None, cmake_target=None, cmake_target_skip_unavailable=False, cmake_clean_cache=False, cmake_clean_first=False, cmake_force_configure=False, ament_cmake_args=None, catkin_cmake_args=None, catkin_skip_building_tests=False, verb_parser=<colcon_defaults.argument_parser.defaults.DefaultArgumentsDecorator object at 0x793be140f6a0>, verb_extension=<colcon_core.verb.build.BuildVerb object at 0x793be1e2e500>, main=<bound method BuildVerb.main of <colcon_core.verb.build.BuildVerb object at 0x793be1e2e500>>)
[0.289s] Level 1:colcon.colcon_core.package_discovery:discover_packages(colcon_meta) check parameters
[0.289s] Level 1:colcon.colcon_core.package_discovery:discover_packages(recursive) check parameters
[0.289s] Level 1:colcon.colcon_core.package_discovery:discover_packages(ignore) check parameters
[0.289s] Level 1:colcon.colcon_core.package_discovery:discover_packages(path) check parameters
[0.289s] Level 1:colcon.colcon_core.package_discovery:discover_packages(colcon_meta) discover
[0.289s] Level 1:colcon.colcon_core.package_discovery:discover_packages(recursive) discover
[0.290s] INFO:colcon.colcon_core.package_discovery:Crawling recursively for packages in '/home/triton_07/Documents/framRobot/S1_G2_Machillot_Dridi/tello_ws'
[0.290s] Level 1:colcon.colcon_core.package_identification:_identify(.) by extensions ['ignore', 'ignore_ament_install']
[0.290s] Level 1:colcon.colcon_core.package_identification:_identify(.) by extension 'ignore'
[0.290s] Level 1:colcon.colcon_core.package_identification:_identify(.) by extension 'ignore_ament_install'
[0.290s] Level 1:colcon.colcon_core.package_identification:_identify(.) by extensions ['colcon_pkg']
[0.290s] Level 1:colcon.colcon_core.package_identification:_identify(.) by extension 'colcon_pkg'
[0.290s] Level 1:colcon.colcon_core.package_identification:_identify(.) by extensions ['colcon_meta']
[0.290s] Level 1:colcon.colcon_core.package_identification:_identify(.) by extension 'colcon_meta'
[0.290s] Level 1:colcon.colcon_core.package_identification:_identify(.) by extensions ['ros']
[0.290s] Level 1:colcon.colcon_core.package_identification:_identify(.) by extension 'ros'
[0.298s] Level 1:colcon.colcon_core.package_identification:_identify(.) by extensions ['cmake', 'python']
[0.298s] Level 1:colcon.colcon_core.package_identification:_identify(.) by extension 'cmake'
[0.298s] Level 1:colcon.colcon_core.package_identification:_identify(.) by extension 'python'
[0.298s] Level 1:colcon.colcon_core.package_identification:_identify(.) by extensions ['python_setup_py']
[0.298s] Level 1:colcon.colcon_core.package_identification:_identify(.) by extension 'python_setup_py'
[0.298s] Level 1:colcon.colcon_core.package_identification:_identify(build) by extensions ['ignore', 'ignore_ament_install']
[0.298s] Level 1:colcon.colcon_core.package_identification:_identify(build) by extension 'ignore'
[0.298s] Level 1:colcon.colcon_core.package_identification:_identify(build) ignored
[0.298s] Level 1:colcon.colcon_core.package_identification:_identify(install) by extensions ['ignore', 'ignore_ament_install']
[0.298s] Level 1:colcon.colcon_core.package_identification:_identify(install) by extension 'ignore'
[0.299s] Level 1:colcon.colcon_core.package_identification:_identify(install) ignored
[0.299s] Level 1:colcon.colcon_core.package_identification:_identify(log) by extensions ['ignore', 'ignore_ament_install']
[0.299s] Level 1:colcon.colcon_core.package_identification:_identify(log) by extension 'ignore'
[0.299s] Level 1:colcon.colcon_core.package_identification:_identify(log) ignored
[0.299s] Level 1:colcon.colcon_core.package_identification:_identify(src) by extensions ['ignore', 'ignore_ament_install']
[0.299s] Level 1:colcon.colcon_core.package_identification:_identify(src) by extension 'ignore'
[0.299s] Level 1:colcon.colcon_core.package_identification:_identify(src) by extension 'ignore_ament_install'
[0.299s] Level 1:colcon.colcon_core.package_identification:_identify(src) by extensions ['colcon_pkg']
[0.299s] Level 1:colcon.colcon_core.package_identification:_identify(src) by extension 'colcon_pkg'
[0.299s] Level 1:colcon.colcon_core.package_identification:_identify(src) by extensions ['colcon_meta']
[0.299s] Level 1:colcon.colcon_core.package_identification:_identify(src) by extension 'colcon_meta'
[0.299s] Level 1:colcon.colcon_core.package_identification:_identify(src) by extensions ['ros']
[0.299s] Level 1:colcon.colcon_core.package_identification:_identify(src) by extension 'ros'
[0.299s] Level 1:colcon.colcon_core.package_identification:_identify(src) by extensions ['cmake', 'python']
[0.299s] Level 1:colcon.colcon_core.package_identification:_identify(src) by extension 'cmake'
[0.299s] Level 1:colcon.colcon_core.package_identification:_identify(src) by extension 'python'
[0.299s] Level 1:colcon.colcon_core.package_identification:_identify(src) by extensions ['python_setup_py']
[0.299s] Level 1:colcon.colcon_core.package_identification:_identify(src) by extension 'python_setup_py'
[0.299s] Level 1:colcon.colcon_core.package_identification:_identify(src/pypackage) by extensions ['ignore', 'ignore_ament_install']
[0.299s] Level 1:colcon.colcon_core.package_identification:_identify(src/pypackage) by extension 'ignore'
[0.299s] Level 1:colcon.colcon_core.package_identification:_identify(src/pypackage) by extension 'ignore_ament_install'
[0.299s] Level 1:colcon.colcon_core.package_identification:_identify(src/pypackage) by extensions ['colcon_pkg']
[0.299s] Level 1:colcon.colcon_core.package_identification:_identify(src/pypackage) by extension 'colcon_pkg'
[0.300s] Level 1:colcon.colcon_core.package_identification:_identify(src/pypackage) by extensions ['colcon_meta']
[0.300s] Level 1:colcon.colcon_core.package_identification:_identify(src/pypackage) by extension 'colcon_meta'
[0.300s] Level 1:colcon.colcon_core.package_identification:_identify(src/pypackage) by extensions ['ros']
[0.300s] Level 1:colcon.colcon_core.package_identification:_identify(src/pypackage) by extension 'ros'
[0.301s] DEBUG:colcon.colcon_core.package_identification:Package 'src/pypackage' with type 'ros.ament_python' and name 'pypackage'
[0.301s] Level 1:colcon.colcon_core.package_identification:_identify(src/tello) by extensions ['ignore', 'ignore_ament_install']
[0.301s] Level 1:colcon.colcon_core.package_identification:_identify(src/tello) by extension 'ignore'
[0.301s] Level 1:colcon.colcon_core.package_identification:_identify(src/tello) by extension 'ignore_ament_install'
[0.302s] Level 1:colcon.colcon_core.package_identification:_identify(src/tello) by extensions ['colcon_pkg']
[0.302s] Level 1:colcon.colcon_core.package_identification:_identify(src/tello) by extension 'colcon_pkg'
[0.302s] Level 1:colcon.colcon_core.package_identification:_identify(src/tello) by extensions ['colcon_meta']
[0.302s] Level 1:colcon.colcon_core.package_identification:_identify(src/tello) by extension 'colcon_meta'
[0.302s] Level 1:colcon.colcon_core.package_identification:_identify(src/tello) by extensions ['ros']
[0.302s] Level 1:colcon.colcon_core.package_identification:_identify(src/tello) by extension 'ros'
[0.302s] DEBUG:colcon.colcon_core.package_identification:Package 'src/tello' with type 'ros.ament_python' and name 'tello'
[0.302s] Level 1:colcon.colcon_core.package_identification:_identify(src/tello_control) by extensions ['ignore', 'ignore_ament_install']
[0.302s] Level 1:colcon.colcon_core.package_identification:_identify(src/tello_control) by extension 'ignore'
[0.302s] Level 1:colcon.colcon_core.package_identification:_identify(src/tello_control) by extension 'ignore_ament_install'
[0.302s] Level 1:colcon.colcon_core.package_identification:_identify(src/tello_control) by extensions ['colcon_pkg']
[0.302s] Level 1:colcon.colcon_core.package_identification:_identify(src/tello_control) by extension 'colcon_pkg'
[0.302s] Level 1:colcon.colcon_core.package_identification:_identify(src/tello_control) by extensions ['colcon_meta']
[0.302s] Level 1:colcon.colcon_core.package_identification:_identify(src/tello_control) by extension 'colcon_meta'
[0.303s] Level 1:colcon.colcon_core.package_identification:_identify(src/tello_control) by extensions ['ros']
[0.303s] Level 1:colcon.colcon_core.package_identification:_identify(src/tello_control) by extension 'ros'
[0.303s] DEBUG:colcon.colcon_core.package_identification:Package 'src/tello_control' with type 'ros.ament_cmake' and name 'tello_control'
[0.303s] Level 1:colcon.colcon_core.package_identification:_identify(src/tello_interfaces) by extensions ['ignore', 'ignore_ament_install']
[0.303s] Level 1:colcon.colcon_core.package_identification:_identify(src/tello_interfaces) by extension 'ignore'
[0.303s] Level 1:colcon.colcon_core.package_identification:_identify(src/tello_interfaces) by extension 'ignore_ament_install'
[0.303s] Level 1:colcon.colcon_core.package_identification:_identify(src/tello_interfaces) by extensions ['colcon_pkg']
[0.303s] Level 1:colcon.colcon_core.package_identification:_identify(src/tello_interfaces) by extension 'colcon_pkg'
[0.303s] Level 1:colcon.colcon_core.package_identification:_identify(src/tello_interfaces) by extensions ['colcon_meta']
[0.303s] Level 1:colcon.colcon_core.package_identification:_identify(src/tello_interfaces) by extension 'colcon_meta'
[0.303s] Level 1:colcon.colcon_core.package_identification:_identify(src/tello_interfaces) by extensions ['ros']
[0.303s] Level 1:colcon.colcon_core.package_identification:_identify(src/tello_interfaces) by extension 'ros'
[0.304s] DEBUG:colcon.colcon_core.package_identification:Package 'src/tello_interfaces' with type 'ros.ament_cmake' and name 'tello_interfaces'
[0.304s] Level 1:colcon.colcon_core.package_identification:_identify(src/tello_msg) by extensions ['ignore', 'ignore_ament_install']
[0.304s] Level 1:colcon.colcon_core.package_identification:_identify(src/tello_msg) by extension 'ignore'
[0.304s] Level 1:colcon.colcon_core.package_identification:_identify(src/tello_msg) by extension 'ignore_ament_install'
[0.304s] Level 1:colcon.colcon_core.package_identification:_identify(src/tello_msg) by extensions ['colcon_pkg']
[0.304s] Level 1:colcon.colcon_core.package_identification:_identify(src/tello_msg) by extension 'colcon_pkg'
[0.304s] Level 1:colcon.colcon_core.package_identification:_identify(src/tello_msg) by extensions ['colcon_meta']
[0.304s] Level 1:colcon.colcon_core.package_identification:_identify(src/tello_msg) by extension 'colcon_meta'
[0.304s] Level 1:colcon.colcon_core.package_identification:_identify(src/tello_msg) by extensions ['ros']
[0.304s] Level 1:colcon.colcon_core.package_identification:_identify(src/tello_msg) by extension 'ros'
[0.304s] DEBUG:colcon.colcon_core.package_identification:Package 'src/tello_msg' with type 'ros.ament_cmake' and name 'tello_msg'
[0.304s] Level 1:colcon.colcon_core.package_discovery:discover_packages(recursive) using defaults
[0.304s] Level 1:colcon.colcon_core.package_discovery:discover_packages(ignore) discover
[0.304s] Level 1:colcon.colcon_core.package_discovery:discover_packages(ignore) using defaults
[0.304s] Level 1:colcon.colcon_core.package_discovery:discover_packages(path) discover
[0.304s] Level 1:colcon.colcon_core.package_discovery:discover_packages(path) using defaults
[0.322s] Level 1:colcon.colcon_core.package_discovery:discover_packages(prefix_path) check parameters
[0.322s] Level 1:colcon.colcon_core.package_discovery:discover_packages(prefix_path) discover
[0.324s] DEBUG:colcon.colcon_installed_package_information.package_discovery:Found 5 installed packages in /home/triton_07/Documents/framRobot/S1_G2_Machillot_Dridi/tello_ws/install
[0.325s] DEBUG:colcon.colcon_installed_package_information.package_discovery:Found 288 installed packages in /opt/ros/humble
[0.326s] Level 1:colcon.colcon_core.package_discovery:discover_packages(prefix_path) using defaults
[0.374s] Level 5:colcon.colcon_core.verb:set package 'tello_control' build argument 'cmake_args' from command line to 'None'
[0.374s] Level 5:colcon.colcon_core.verb:set package 'tello_control' build argument 'cmake_target' from command line to 'None'
[0.374s] Level 5:colcon.colcon_core.verb:set package 'tello_control' build argument 'cmake_target_skip_unavailable' from command line to 'False'
[0.374s] Level 5:colcon.colcon_core.verb:set package 'tello_control' build argument 'cmake_clean_cache' from command line to 'False'
[0.374s] Level 5:colcon.colcon_core.verb:set package 'tello_control' build argument 'cmake_clean_first' from command line to 'False'
[0.374s] Level 5:colcon.colcon_core.verb:set package 'tello_control' build argument 'cmake_force_configure' from command line to 'False'
[0.375s] Level 5:colcon.colcon_core.verb:set package 'tello_control' build argument 'ament_cmake_args' from command line to 'None'
[0.375s] Level 5:colcon.colcon_core.verb:set package 'tello_control' build argument 'catkin_cmake_args' from command line to 'None'
[0.375s] Level 5:colcon.colcon_core.verb:set package 'tello_control' build argument 'catkin_skip_building_tests' from command line to 'False'
[0.375s] DEBUG:colcon.colcon_core.verb:Building package 'tello_control' with the following arguments: {'ament_cmake_args': None, 'build_base': '/home/triton_07/Documents/framRobot/S1_G2_Machillot_Dridi/tello_ws/build/tello_control', 'catkin_cmake_args': None, 'catkin_skip_building_tests': False, 'cmake_args': None, 'cmake_clean_cache': False, 'cmake_clean_first': False, 'cmake_force_configure': False, 'cmake_target': None, 'cmake_target_skip_unavailable': False, 'install_base': '/home/triton_07/Documents/framRobot/S1_G2_Machillot_Dridi/tello_ws/install/tello_control', 'merge_install': False, 'path': '/home/triton_07/Documents/framRobot/S1_G2_Machillot_Dridi/tello_ws/src/tello_control', 'symlink_install': False, 'test_result_base': None}
[0.375s] Level 5:colcon.colcon_core.verb:set package 'tello_interfaces' build argument 'cmake_args' from command line to 'None'
[0.375s] Level 5:colcon.colcon_core.verb:set package 'tello_interfaces' build argument 'cmake_target' from command line to 'None'
[0.375s] Level 5:colcon.colcon_core.verb:set package 'tello_interfaces' build argument 'cmake_target_skip_unavailable' from command line to 'False'
[0.375s] Level 5:colcon.colcon_core.verb:set package 'tello_interfaces' build argument 'cmake_clean_cache' from command line to 'False'
[0.375s] Level 5:colcon.colcon_core.verb:set package 'tello_interfaces' build argument 'cmake_clean_first' from command line to 'False'
[0.376s] Level 5:colcon.colcon_core.verb:set package 'tello_interfaces' build argument 'cmake_force_configure' from command line to 'False'
[0.376s] Level 5:colcon.colcon_core.verb:set package 'tello_interfaces' build argument 'ament_cmake_args' from command line to 'None'
[0.376s] Level 5:colcon.colcon_core.verb:set package 'tello_interfaces' build argument 'catkin_cmake_args' from command line to 'None'
[0.376s] Level 5:colcon.colcon_core.verb:set package 'tello_interfaces' build argument 'catkin_skip_building_tests' from command line to 'False'
[0.376s] DEBUG:colcon.colcon_core.verb:Building package 'tello_interfaces' with the following arguments: {'ament_cmake_args': None, 'build_base': '/home/triton_07/Documents/framRobot/S1_G2_Machillot_Dridi/tello_ws/build/tello_interfaces', 'catkin_cmake_args': None, 'catkin_skip_building_tests': False, 'cmake_args': None, 'cmake_clean_cache': False, 'cmake_clean_first': False, 'cmake_force_configure': False, 'cmake_target': None, 'cmake_target_skip_unavailable': False, 'install_base': '/home/triton_07/Documents/framRobot/S1_G2_Machillot_Dridi/tello_ws/install/tello_interfaces', 'merge_install': False, 'path': '/home/triton_07/Documents/framRobot/S1_G2_Machillot_Dridi/tello_ws/src/tello_interfaces', 'symlink_install': False, 'test_result_base': None}
[0.376s] Level 5:colcon.colcon_core.verb:set package 'tello_msg' build argument 'cmake_args' from command line to 'None'
[0.376s] Level 5:colcon.colcon_core.verb:set package 'tello_msg' build argument 'cmake_target' from command line to 'None'
[0.376s] Level 5:colcon.colcon_core.verb:set package 'tello_msg' build argument 'cmake_target_skip_unavailable' from command line to 'False'
[0.376s] Level 5:colcon.colcon_core.verb:set package 'tello_msg' build argument 'cmake_clean_cache' from command line to 'False'
[0.376s] Level 5:colcon.colcon_core.verb:set package 'tello_msg' build argument 'cmake_clean_first' from command line to 'False'
[0.376s] Level 5:colcon.colcon_core.verb:set package 'tello_msg' build argument 'cmake_force_configure' from command line to 'False'
[0.377s] Level 5:colcon.colcon_core.verb:set package 'tello_msg' build argument 'ament_cmake_args' from command line to 'None'
[0.377s] Level 5:colcon.colcon_core.verb:set package 'tello_msg' build argument 'catkin_cmake_args' from command line to 'None'
[0.377s] Level 5:colcon.colcon_core.verb:set package 'tello_msg' build argument 'catkin_skip_building_tests' from command line to 'False'
[0.377s] DEBUG:colcon.colcon_core.verb:Building package 'tello_msg' with the following arguments: {'ament_cmake_args': None, 'build_base': '/home/triton_07/Documents/framRobot/S1_G2_Machillot_Dridi/tello_ws/build/tello_msg', 'catkin_cmake_args': None, 'catkin_skip_building_tests': False, 'cmake_args': None, 'cmake_clean_cache': False, 'cmake_clean_first': False, 'cmake_force_configure': False, 'cmake_target': None, 'cmake_target_skip_unavailable': False, 'install_base': '/home/triton_07/Documents/framRobot/S1_G2_Machillot_Dridi/tello_ws/install/tello_msg', 'merge_install': False, 'path': '/home/triton_07/Documents/framRobot/S1_G2_Machillot_Dridi/tello_ws/src/tello_msg', 'symlink_install': False, 'test_result_base': None}
[0.377s] Level 5:colcon.colcon_core.verb:set package 'tello' build argument 'cmake_args' from command line to 'None'
[0.377s] Level 5:colcon.colcon_core.verb:set package 'tello' build argument 'cmake_target' from command line to 'None'
[0.377s] Level 5:colcon.colcon_core.verb:set package 'tello' build argument 'cmake_target_skip_unavailable' from command line to 'False'
[0.377s] Level 5:colcon.colcon_core.verb:set package 'tello' build argument 'cmake_clean_cache' from command line to 'False'
[0.377s] Level 5:colcon.colcon_core.verb:set package 'tello' build argument 'cmake_clean_first' from command line to 'False'
[0.377s] Level 5:colcon.colcon_core.verb:set package 'tello' build argument 'cmake_force_configure' from command line to 'False'
[0.377s] Level 5:colcon.colcon_core.verb:set package 'tello' build argument 'ament_cmake_args' from command line to 'None'
[0.377s] Level 5:colcon.colcon_core.verb:set package 'tello' build argument 'catkin_cmake_args' from command line to 'None'
[0.378s] Level 5:colcon.colcon_core.verb:set package 'tello' build argument 'catkin_skip_building_tests' from command line to 'False'
[0.378s] DEBUG:colcon.colcon_core.verb:Building package 'tello' with the following arguments: {'ament_cmake_args': None, 'build_base': '/home/triton_07/Documents/framRobot/S1_G2_Machillot_Dridi/tello_ws/build/tello', 'catkin_cmake_args': None, 'catkin_skip_building_tests': False, 'cmake_args': None, 'cmake_clean_cache': False, 'cmake_clean_first': False, 'cmake_force_configure': False, 'cmake_target': None, 'cmake_target_skip_unavailable': False, 'install_base': '/home/triton_07/Documents/framRobot/S1_G2_Machillot_Dridi/tello_ws/install/tello', 'merge_install': False, 'path': '/home/triton_07/Documents/framRobot/S1_G2_Machillot_Dridi/tello_ws/src/tello', 'symlink_install': False, 'test_result_base': None}
[0.378s] Level 5:colcon.colcon_core.verb:set package 'pypackage' build argument 'cmake_args' from command line to 'None'
[0.378s] Level 5:colcon.colcon_core.verb:set package 'pypackage' build argument 'cmake_target' from command line to 'None'
[0.378s] Level 5:colcon.colcon_core.verb:set package 'pypackage' build argument 'cmake_target_skip_unavailable' from command line to 'False'
[0.378s] Level 5:colcon.colcon_core.verb:set package 'pypackage' build argument 'cmake_clean_cache' from command line to 'False'
[0.378s] Level 5:colcon.colcon_core.verb:set package 'pypackage' build argument 'cmake_clean_first' from command line to 'False'
[0.378s] Level 5:colcon.colcon_core.verb:set package 'pypackage' build argument 'cmake_force_configure' from command line to 'False'
[0.378s] Level 5:colcon.colcon_core.verb:set package 'pypackage' build argument 'ament_cmake_args' from command line to 'None'
[0.378s] Level 5:colcon.colcon_core.verb:set package 'pypackage' build argument 'catkin_cmake_args' from command line to 'None'
[0.378s] Level 5:colcon.colcon_core.verb:set package 'pypackage' build argument 'catkin_skip_building_tests' from command line to 'False'
[0.379s] DEBUG:colcon.colcon_core.verb:Building package 'pypackage' with the following arguments: {'ament_cmake_args': None, 'build_base': '/home/triton_07/Documents/framRobot/S1_G2_Machillot_Dridi/tello_ws/build/pypackage', 'catkin_cmake_args': None, 'catkin_skip_building_tests': False, 'cmake_args': None, 'cmake_clean_cache': False, 'cmake_clean_first': False, 'cmake_force_configure': False, 'cmake_target': None, 'cmake_target_skip_unavailable': False, 'install_base': '/home/triton_07/Documents/framRobot/S1_G2_Machillot_Dridi/tello_ws/install/pypackage', 'merge_install': False, 'path': '/home/triton_07/Documents/framRobot/S1_G2_Machillot_Dridi/tello_ws/src/pypackage', 'symlink_install': False, 'test_result_base': None}
[0.379s] INFO:colcon.colcon_core.executor:Executing jobs using 'parallel' executor
[0.381s] DEBUG:colcon.colcon_parallel_executor.executor.parallel:run_until_complete
[0.382s] INFO:colcon.colcon_ros.task.ament_cmake.build:Building ROS package in '/home/triton_07/Documents/framRobot/S1_G2_Machillot_Dridi/tello_ws/src/tello_msg' with build type 'ament_cmake'
[0.382s] INFO:colcon.colcon_cmake.task.cmake.build:Building CMake package in '/home/triton_07/Documents/framRobot/S1_G2_Machillot_Dridi/tello_ws/src/tello_msg'
[0.385s] INFO:colcon.colcon_core.plugin_system:Skipping extension 'colcon_core.shell.bat': Not used on non-Windows systems
[0.385s] INFO:colcon.colcon_core.shell:Skip shell extension 'powershell' for command environment: Not usable outside of PowerShell
[0.385s] DEBUG:colcon.colcon_core.shell:Skip shell extension 'dsv' for command environment
[0.389s] INFO:colcon.colcon_ros.task.ament_cmake.build:Building ROS package in '/home/triton_07/Documents/framRobot/S1_G2_Machillot_Dridi/tello_ws/src/tello_interfaces' with build type 'ament_cmake'
[0.389s] INFO:colcon.colcon_cmake.task.cmake.build:Building CMake package in '/home/triton_07/Documents/framRobot/S1_G2_Machillot_Dridi/tello_ws/src/tello_interfaces'
[0.390s] INFO:colcon.colcon_core.shell:Skip shell extension 'powershell' for command environment: Not usable outside of PowerShell
[0.390s] DEBUG:colcon.colcon_core.shell:Skip shell extension 'dsv' for command environment
[0.393s] INFO:colcon.colcon_ros.task.ament_cmake.build:Building ROS package in '/home/triton_07/Documents/framRobot/S1_G2_Machillot_Dridi/tello_ws/src/tello_control' with build type 'ament_cmake'
[0.393s] INFO:colcon.colcon_cmake.task.cmake.build:Building CMake package in '/home/triton_07/Documents/framRobot/S1_G2_Machillot_Dridi/tello_ws/src/tello_control'
[0.394s] INFO:colcon.colcon_core.shell:Skip shell extension 'powershell' for command environment: Not usable outside of PowerShell
[0.394s] DEBUG:colcon.colcon_core.shell:Skip shell extension 'dsv' for command environment
[0.402s] DEBUG:colcon.colcon_core.event_handler.log_command:Invoking command in '/home/triton_07/Documents/framRobot/S1_G2_Machillot_Dridi/tello_ws/build/tello_msg': CMAKE_PREFIX_PATH=${CMAKE_PREFIX_PATH}:/home/triton_07/Documents/framRobot/S1_G2_Machillot_Dridi/tello_ws/install/pypackage:/home/triton_07/Documents/framRobot/S1_G2_Machillot_Dridi/tello_ws/install/tello:/opt/ros/humble /usr/bin/cmake --build /home/triton_07/Documents/framRobot/S1_G2_Machillot_Dridi/tello_ws/build/tello_msg -- -j16 -l16
[0.404s] DEBUG:colcon.colcon_core.event_handler.log_command:Invoking command in '/home/triton_07/Documents/framRobot/S1_G2_Machillot_Dridi/tello_ws/build/tello_interfaces': CMAKE_PREFIX_PATH=${CMAKE_PREFIX_PATH}:/home/triton_07/Documents/framRobot/S1_G2_Machillot_Dridi/tello_ws/install/pypackage:/home/triton_07/Documents/framRobot/S1_G2_Machillot_Dridi/tello_ws/install/tello:/opt/ros/humble /usr/bin/cmake --build /home/triton_07/Documents/framRobot/S1_G2_Machillot_Dridi/tello_ws/build/tello_interfaces -- -j16 -l16
[0.407s] DEBUG:colcon.colcon_core.event_handler.log_command:Invoking command in '/home/triton_07/Documents/framRobot/S1_G2_Machillot_Dridi/tello_ws/build/tello_control': CMAKE_PREFIX_PATH=${CMAKE_PREFIX_PATH}:/home/triton_07/Documents/framRobot/S1_G2_Machillot_Dridi/tello_ws/install/pypackage:/home/triton_07/Documents/framRobot/S1_G2_Machillot_Dridi/tello_ws/install/tello:/opt/ros/humble /usr/bin/cmake --build /home/triton_07/Documents/framRobot/S1_G2_Machillot_Dridi/tello_ws/build/tello_control -- -j16 -l16
[0.460s] DEBUG:colcon.colcon_core.event_handler.log_command:Invoked command in '/home/triton_07/Documents/framRobot/S1_G2_Machillot_Dridi/tello_ws/build/tello_control' returned '0': CMAKE_PREFIX_PATH=${CMAKE_PREFIX_PATH}:/home/triton_07/Documents/framRobot/S1_G2_Machillot_Dridi/tello_ws/install/pypackage:/home/triton_07/Documents/framRobot/S1_G2_Machillot_Dridi/tello_ws/install/tello:/opt/ros/humble /usr/bin/cmake --build /home/triton_07/Documents/framRobot/S1_G2_Machillot_Dridi/tello_ws/build/tello_control -- -j16 -l16
[0.483s] DEBUG:colcon.colcon_core.event_handler.log_command:Invoking command in '/home/triton_07/Documents/framRobot/S1_G2_Machillot_Dridi/tello_ws/build/tello_control': CMAKE_PREFIX_PATH=${CMAKE_PREFIX_PATH}:/home/triton_07/Documents/framRobot/S1_G2_Machillot_Dridi/tello_ws/install/pypackage:/home/triton_07/Documents/framRobot/S1_G2_Machillot_Dridi/tello_ws/install/tello:/opt/ros/humble /usr/bin/cmake --install /home/triton_07/Documents/framRobot/S1_G2_Machillot_Dridi/tello_ws/build/tello_control
[0.489s] Level 1:colcon.colcon_core.environment:create_environment_scripts_only(tello_control)
[0.490s] DEBUG:colcon.colcon_core.event_handler.log_command:Invoked command in '/home/triton_07/Documents/framRobot/S1_G2_Machillot_Dridi/tello_ws/build/tello_control' returned '0': CMAKE_PREFIX_PATH=${CMAKE_PREFIX_PATH}:/home/triton_07/Documents/framRobot/S1_G2_Machillot_Dridi/tello_ws/install/pypackage:/home/triton_07/Documents/framRobot/S1_G2_Machillot_Dridi/tello_ws/install/tello:/opt/ros/humble /usr/bin/cmake --install /home/triton_07/Documents/framRobot/S1_G2_Machillot_Dridi/tello_ws/build/tello_control
[0.494s] Level 1:colcon.colcon_core.environment:checking '/home/triton_07/Documents/framRobot/S1_G2_Machillot_Dridi/tello_ws/install/tello_control' for CMake module files
[0.495s] Level 1:colcon.colcon_core.environment:checking '/home/triton_07/Documents/framRobot/S1_G2_Machillot_Dridi/tello_ws/install/tello_control' for CMake config files
[0.495s] Level 1:colcon.colcon_core.shell:create_environment_hook('tello_control', 'cmake_prefix_path')
[0.496s] INFO:colcon.colcon_core.shell:Creating environment hook '/home/triton_07/Documents/framRobot/S1_G2_Machillot_Dridi/tello_ws/install/tello_control/share/tello_control/hook/cmake_prefix_path.ps1'
[0.497s] INFO:colcon.colcon_core.shell:Creating environment descriptor '/home/triton_07/Documents/framRobot/S1_G2_Machillot_Dridi/tello_ws/install/tello_control/share/tello_control/hook/cmake_prefix_path.dsv'
[0.497s] INFO:colcon.colcon_core.shell:Creating environment hook '/home/triton_07/Documents/framRobot/S1_G2_Machillot_Dridi/tello_ws/install/tello_control/share/tello_control/hook/cmake_prefix_path.sh'
[0.498s] Level 1:colcon.colcon_core.environment:checking '/home/triton_07/Documents/framRobot/S1_G2_Machillot_Dridi/tello_ws/install/tello_control/lib'
[0.498s] Level 1:colcon.colcon_core.environment:checking '/home/triton_07/Documents/framRobot/S1_G2_Machillot_Dridi/tello_ws/install/tello_control/bin'
[0.498s] Level 1:colcon.colcon_core.environment:checking '/home/triton_07/Documents/framRobot/S1_G2_Machillot_Dridi/tello_ws/install/tello_control/lib/pkgconfig/tello_control.pc'
[0.498s] Level 1:colcon.colcon_core.environment:checking '/home/triton_07/Documents/framRobot/S1_G2_Machillot_Dridi/tello_ws/install/tello_control/lib/python3.10/site-packages'
[0.498s] Level 1:colcon.colcon_core.environment:checking '/home/triton_07/Documents/framRobot/S1_G2_Machillot_Dridi/tello_ws/install/tello_control/bin'
[0.500s] INFO:colcon.colcon_core.shell:Creating package script '/home/triton_07/Documents/framRobot/S1_G2_Machillot_Dridi/tello_ws/install/tello_control/share/tello_control/package.ps1'
[0.501s] INFO:colcon.colcon_core.shell:Creating package descriptor '/home/triton_07/Documents/framRobot/S1_G2_Machillot_Dridi/tello_ws/install/tello_control/share/tello_control/package.dsv'
[0.501s] INFO:colcon.colcon_core.shell:Creating package script '/home/triton_07/Documents/framRobot/S1_G2_Machillot_Dridi/tello_ws/install/tello_control/share/tello_control/package.sh'
[0.502s] INFO:colcon.colcon_core.shell:Creating package script '/home/triton_07/Documents/framRobot/S1_G2_Machillot_Dridi/tello_ws/install/tello_control/share/tello_control/package.bash'
[0.502s] INFO:colcon.colcon_core.shell:Creating package script '/home/triton_07/Documents/framRobot/S1_G2_Machillot_Dridi/tello_ws/install/tello_control/share/tello_control/package.zsh'
[0.503s] Level 1:colcon.colcon_core.environment:create_file_with_runtime_dependencies(/home/triton_07/Documents/framRobot/S1_G2_Machillot_Dridi/tello_ws/install/tello_control/share/colcon-core/packages/tello_control)
[0.522s] Level 1:colcon.colcon_core.environment:create_environment_scripts_only(tello_control)
[0.524s] Level 1:colcon.colcon_core.environment:checking '/home/triton_07/Documents/framRobot/S1_G2_Machillot_Dridi/tello_ws/install/tello_control' for CMake module files
[0.525s] Level 1:colcon.colcon_core.environment:checking '/home/triton_07/Documents/framRobot/S1_G2_Machillot_Dridi/tello_ws/install/tello_control' for CMake config files
[0.526s] Level 1:colcon.colcon_core.shell:create_environment_hook('tello_control', 'cmake_prefix_path')
[0.527s] INFO:colcon.colcon_core.shell:Creating environment hook '/home/triton_07/Documents/framRobot/S1_G2_Machillot_Dridi/tello_ws/install/tello_control/share/tello_control/hook/cmake_prefix_path.ps1'
[0.527s] INFO:colcon.colcon_core.shell:Creating environment descriptor '/home/triton_07/Documents/framRobot/S1_G2_Machillot_Dridi/tello_ws/install/tello_control/share/tello_control/hook/cmake_prefix_path.dsv'
[0.528s] INFO:colcon.colcon_core.shell:Creating environment hook '/home/triton_07/Documents/framRobot/S1_G2_Machillot_Dridi/tello_ws/install/tello_control/share/tello_control/hook/cmake_prefix_path.sh'
[0.528s] Level 1:colcon.colcon_core.environment:checking '/home/triton_07/Documents/framRobot/S1_G2_Machillot_Dridi/tello_ws/install/tello_control/lib'
[0.528s] Level 1:colcon.colcon_core.environment:checking '/home/triton_07/Documents/framRobot/S1_G2_Machillot_Dridi/tello_ws/install/tello_control/bin'
[0.528s] Level 1:colcon.colcon_core.environment:checking '/home/triton_07/Documents/framRobot/S1_G2_Machillot_Dridi/tello_ws/install/tello_control/lib/pkgconfig/tello_control.pc'
[0.528s] Level 1:colcon.colcon_core.environment:checking '/home/triton_07/Documents/framRobot/S1_G2_Machillot_Dridi/tello_ws/install/tello_control/lib/python3.10/site-packages'
[0.529s] Level 1:colcon.colcon_core.environment:checking '/home/triton_07/Documents/framRobot/S1_G2_Machillot_Dridi/tello_ws/install/tello_control/bin'
[0.530s] INFO:colcon.colcon_core.shell:Creating package script '/home/triton_07/Documents/framRobot/S1_G2_Machillot_Dridi/tello_ws/install/tello_control/share/tello_control/package.ps1'
[0.530s] INFO:colcon.colcon_core.shell:Creating package descriptor '/home/triton_07/Documents/framRobot/S1_G2_Machillot_Dridi/tello_ws/install/tello_control/share/tello_control/package.dsv'
[0.530s] INFO:colcon.colcon_core.shell:Creating package script '/home/triton_07/Documents/framRobot/S1_G2_Machillot_Dridi/tello_ws/install/tello_control/share/tello_control/package.sh'
[0.531s] INFO:colcon.colcon_core.shell:Creating package script '/home/triton_07/Documents/framRobot/S1_G2_Machillot_Dridi/tello_ws/install/tello_control/share/tello_control/package.bash'
[0.531s] INFO:colcon.colcon_core.shell:Creating package script '/home/triton_07/Documents/framRobot/S1_G2_Machillot_Dridi/tello_ws/install/tello_control/share/tello_control/package.zsh'
[0.531s] Level 1:colcon.colcon_core.environment:create_file_with_runtime_dependencies(/home/triton_07/Documents/framRobot/S1_G2_Machillot_Dridi/tello_ws/install/tello_control/share/colcon-core/packages/tello_control)
[0.712s] DEBUG:colcon.colcon_core.event_handler.log_command:Invoked command in '/home/triton_07/Documents/framRobot/S1_G2_Machillot_Dridi/tello_ws/build/tello_interfaces' returned '0': CMAKE_PREFIX_PATH=${CMAKE_PREFIX_PATH}:/home/triton_07/Documents/framRobot/S1_G2_Machillot_Dridi/tello_ws/install/pypackage:/home/triton_07/Documents/framRobot/S1_G2_Machillot_Dridi/tello_ws/install/tello:/opt/ros/humble /usr/bin/cmake --build /home/triton_07/Documents/framRobot/S1_G2_Machillot_Dridi/tello_ws/build/tello_interfaces -- -j16 -l16
[0.713s] DEBUG:colcon.colcon_core.event_handler.log_command:Invoked command in '/home/triton_07/Documents/framRobot/S1_G2_Machillot_Dridi/tello_ws/build/tello_msg' returned '0': CMAKE_PREFIX_PATH=${CMAKE_PREFIX_PATH}:/home/triton_07/Documents/framRobot/S1_G2_Machillot_Dridi/tello_ws/install/pypackage:/home/triton_07/Documents/framRobot/S1_G2_Machillot_Dridi/tello_ws/install/tello:/opt/ros/humble /usr/bin/cmake --build /home/triton_07/Documents/framRobot/S1_G2_Machillot_Dridi/tello_ws/build/tello_msg -- -j16 -l16
[0.759s] DEBUG:colcon.colcon_core.event_handler.log_command:Invoking command in '/home/triton_07/Documents/framRobot/S1_G2_Machillot_Dridi/tello_ws/build/tello_interfaces': CMAKE_PREFIX_PATH=${CMAKE_PREFIX_PATH}:/home/triton_07/Documents/framRobot/S1_G2_Machillot_Dridi/tello_ws/install/pypackage:/home/triton_07/Documents/framRobot/S1_G2_Machillot_Dridi/tello_ws/install/tello:/opt/ros/humble /usr/bin/cmake --install /home/triton_07/Documents/framRobot/S1_G2_Machillot_Dridi/tello_ws/build/tello_interfaces
[0.773s] DEBUG:colcon.colcon_core.event_handler.log_command:Invoking command in '/home/triton_07/Documents/framRobot/S1_G2_Machillot_Dridi/tello_ws/build/tello_msg': CMAKE_PREFIX_PATH=${CMAKE_PREFIX_PATH}:/home/triton_07/Documents/framRobot/S1_G2_Machillot_Dridi/tello_ws/install/pypackage:/home/triton_07/Documents/framRobot/S1_G2_Machillot_Dridi/tello_ws/install/tello:/opt/ros/humble /usr/bin/cmake --install /home/triton_07/Documents/framRobot/S1_G2_Machillot_Dridi/tello_ws/build/tello_msg
[0.800s] Level 1:colcon.colcon_core.environment:create_environment_scripts_only(tello_interfaces)
[0.802s] Level 1:colcon.colcon_core.environment:checking '/home/triton_07/Documents/framRobot/S1_G2_Machillot_Dridi/tello_ws/install/tello_interfaces' for CMake module files
[0.802s] DEBUG:colcon.colcon_core.event_handler.log_command:Invoked command in '/home/triton_07/Documents/framRobot/S1_G2_Machillot_Dridi/tello_ws/build/tello_interfaces' returned '0': CMAKE_PREFIX_PATH=${CMAKE_PREFIX_PATH}:/home/triton_07/Documents/framRobot/S1_G2_Machillot_Dridi/tello_ws/install/pypackage:/home/triton_07/Documents/framRobot/S1_G2_Machillot_Dridi/tello_ws/install/tello:/opt/ros/humble /usr/bin/cmake --install /home/triton_07/Documents/framRobot/S1_G2_Machillot_Dridi/tello_ws/build/tello_interfaces
[0.803s] Level 1:colcon.colcon_core.environment:checking '/home/triton_07/Documents/framRobot/S1_G2_Machillot_Dridi/tello_ws/install/tello_interfaces' for CMake config files
[0.803s] Level 1:colcon.colcon_core.shell:create_environment_hook('tello_interfaces', 'cmake_prefix_path')
[0.804s] INFO:colcon.colcon_core.shell:Creating environment hook '/home/triton_07/Documents/framRobot/S1_G2_Machillot_Dridi/tello_ws/install/tello_interfaces/share/tello_interfaces/hook/cmake_prefix_path.ps1'
[0.805s] INFO:colcon.colcon_core.shell:Creating environment descriptor '/home/triton_07/Documents/framRobot/S1_G2_Machillot_Dridi/tello_ws/install/tello_interfaces/share/tello_interfaces/hook/cmake_prefix_path.dsv'
[0.805s] INFO:colcon.colcon_core.shell:Creating environment hook '/home/triton_07/Documents/framRobot/S1_G2_Machillot_Dridi/tello_ws/install/tello_interfaces/share/tello_interfaces/hook/cmake_prefix_path.sh'
[0.805s] Level 1:colcon.colcon_core.environment:checking '/home/triton_07/Documents/framRobot/S1_G2_Machillot_Dridi/tello_ws/install/tello_interfaces/lib'
[0.805s] Level 1:colcon.colcon_core.shell:create_environment_hook('tello_interfaces', 'ld_library_path_lib')
[0.806s] INFO:colcon.colcon_core.shell:Creating environment hook '/home/triton_07/Documents/framRobot/S1_G2_Machillot_Dridi/tello_ws/install/tello_interfaces/share/tello_interfaces/hook/ld_library_path_lib.ps1'
[0.807s] INFO:colcon.colcon_core.shell:Creating environment descriptor '/home/triton_07/Documents/framRobot/S1_G2_Machillot_Dridi/tello_ws/install/tello_interfaces/share/tello_interfaces/hook/ld_library_path_lib.dsv'
[0.807s] INFO:colcon.colcon_core.shell:Creating environment hook '/home/triton_07/Documents/framRobot/S1_G2_Machillot_Dridi/tello_ws/install/tello_interfaces/share/tello_interfaces/hook/ld_library_path_lib.sh'
[0.807s] Level 1:colcon.colcon_core.environment:checking '/home/triton_07/Documents/framRobot/S1_G2_Machillot_Dridi/tello_ws/install/tello_interfaces/bin'
[0.807s] Level 1:colcon.colcon_core.environment:checking '/home/triton_07/Documents/framRobot/S1_G2_Machillot_Dridi/tello_ws/install/tello_interfaces/lib/pkgconfig/tello_interfaces.pc'
[0.807s] Level 1:colcon.colcon_core.environment:checking '/home/triton_07/Documents/framRobot/S1_G2_Machillot_Dridi/tello_ws/install/tello_interfaces/lib/python3.10/site-packages'
[0.808s] Level 1:colcon.colcon_core.environment:checking '/home/triton_07/Documents/framRobot/S1_G2_Machillot_Dridi/tello_ws/install/tello_interfaces/bin'
[0.809s] INFO:colcon.colcon_core.shell:Creating package script '/home/triton_07/Documents/framRobot/S1_G2_Machillot_Dridi/tello_ws/install/tello_interfaces/share/tello_interfaces/package.ps1'
[0.810s] INFO:colcon.colcon_core.shell:Creating package descriptor '/home/triton_07/Documents/framRobot/S1_G2_Machillot_Dridi/tello_ws/install/tello_interfaces/share/tello_interfaces/package.dsv'
[0.810s] INFO:colcon.colcon_core.shell:Creating package script '/home/triton_07/Documents/framRobot/S1_G2_Machillot_Dridi/tello_ws/install/tello_interfaces/share/tello_interfaces/package.sh'
[0.811s] INFO:colcon.colcon_core.shell:Creating package script '/home/triton_07/Documents/framRobot/S1_G2_Machillot_Dridi/tello_ws/install/tello_interfaces/share/tello_interfaces/package.bash'
[0.811s] INFO:colcon.colcon_core.shell:Creating package script '/home/triton_07/Documents/framRobot/S1_G2_Machillot_Dridi/tello_ws/install/tello_interfaces/share/tello_interfaces/package.zsh'
[0.812s] Level 1:colcon.colcon_core.environment:create_file_with_runtime_dependencies(/home/triton_07/Documents/framRobot/S1_G2_Machillot_Dridi/tello_ws/install/tello_interfaces/share/colcon-core/packages/tello_interfaces)
[0.813s] Level 1:colcon.colcon_core.environment:create_environment_scripts_only(tello_msg)
[0.815s] Level 1:colcon.colcon_core.environment:checking '/home/triton_07/Documents/framRobot/S1_G2_Machillot_Dridi/tello_ws/install/tello_msg' for CMake module files
[0.816s] Level 1:colcon.colcon_core.environment:checking '/home/triton_07/Documents/framRobot/S1_G2_Machillot_Dridi/tello_ws/install/tello_msg' for CMake config files
[0.817s] Level 1:colcon.colcon_core.shell:create_environment_hook('tello_msg', 'cmake_prefix_path')
[0.818s] INFO:colcon.colcon_core.shell:Creating environment hook '/home/triton_07/Documents/framRobot/S1_G2_Machillot_Dridi/tello_ws/install/tello_msg/share/tello_msg/hook/cmake_prefix_path.ps1'
[0.819s] DEBUG:colcon.colcon_core.event_handler.log_command:Invoked command in '/home/triton_07/Documents/framRobot/S1_G2_Machillot_Dridi/tello_ws/build/tello_msg' returned '0': CMAKE_PREFIX_PATH=${CMAKE_PREFIX_PATH}:/home/triton_07/Documents/framRobot/S1_G2_Machillot_Dridi/tello_ws/install/pypackage:/home/triton_07/Documents/framRobot/S1_G2_Machillot_Dridi/tello_ws/install/tello:/opt/ros/humble /usr/bin/cmake --install /home/triton_07/Documents/framRobot/S1_G2_Machillot_Dridi/tello_ws/build/tello_msg
[0.819s] INFO:colcon.colcon_core.shell:Creating environment descriptor '/home/triton_07/Documents/framRobot/S1_G2_Machillot_Dridi/tello_ws/install/tello_msg/share/tello_msg/hook/cmake_prefix_path.dsv'
[0.819s] INFO:colcon.colcon_core.shell:Creating environment hook '/home/triton_07/Documents/framRobot/S1_G2_Machillot_Dridi/tello_ws/install/tello_msg/share/tello_msg/hook/cmake_prefix_path.sh'
[0.820s] Level 1:colcon.colcon_core.environment:checking '/home/triton_07/Documents/framRobot/S1_G2_Machillot_Dridi/tello_ws/install/tello_msg/lib'
[0.820s] Level 1:colcon.colcon_core.shell:create_environment_hook('tello_msg', 'ld_library_path_lib')
[0.821s] INFO:colcon.colcon_core.shell:Creating environment hook '/home/triton_07/Documents/framRobot/S1_G2_Machillot_Dridi/tello_ws/install/tello_msg/share/tello_msg/hook/ld_library_path_lib.ps1'
[0.821s] INFO:colcon.colcon_core.shell:Creating environment descriptor '/home/triton_07/Documents/framRobot/S1_G2_Machillot_Dridi/tello_ws/install/tello_msg/share/tello_msg/hook/ld_library_path_lib.dsv'
[0.821s] INFO:colcon.colcon_core.shell:Creating environment hook '/home/triton_07/Documents/framRobot/S1_G2_Machillot_Dridi/tello_ws/install/tello_msg/share/tello_msg/hook/ld_library_path_lib.sh'
[0.821s] Level 1:colcon.colcon_core.environment:checking '/home/triton_07/Documents/framRobot/S1_G2_Machillot_Dridi/tello_ws/install/tello_msg/bin'
[0.822s] Level 1:colcon.colcon_core.environment:checking '/home/triton_07/Documents/framRobot/S1_G2_Machillot_Dridi/tello_ws/install/tello_msg/lib/pkgconfig/tello_msg.pc'
[0.822s] Level 1:colcon.colcon_core.environment:checking '/home/triton_07/Documents/framRobot/S1_G2_Machillot_Dridi/tello_ws/install/tello_msg/lib/python3.10/site-packages'
[0.822s] Level 1:colcon.colcon_core.environment:checking '/home/triton_07/Documents/framRobot/S1_G2_Machillot_Dridi/tello_ws/install/tello_msg/bin'
[0.823s] INFO:colcon.colcon_core.shell:Creating package script '/home/triton_07/Documents/framRobot/S1_G2_Machillot_Dridi/tello_ws/install/tello_msg/share/tello_msg/package.ps1'
[0.823s] INFO:colcon.colcon_core.shell:Creating package descriptor '/home/triton_07/Documents/framRobot/S1_G2_Machillot_Dridi/tello_ws/install/tello_msg/share/tello_msg/package.dsv'
[0.824s] INFO:colcon.colcon_core.shell:Creating package script '/home/triton_07/Documents/framRobot/S1_G2_Machillot_Dridi/tello_ws/install/tello_msg/share/tello_msg/package.sh'
[0.824s] INFO:colcon.colcon_core.shell:Creating package script '/home/triton_07/Documents/framRobot/S1_G2_Machillot_Dridi/tello_ws/install/tello_msg/share/tello_msg/package.bash'
[0.824s] INFO:colcon.colcon_core.shell:Creating package script '/home/triton_07/Documents/framRobot/S1_G2_Machillot_Dridi/tello_ws/install/tello_msg/share/tello_msg/package.zsh'
[0.824s] Level 1:colcon.colcon_core.environment:create_file_with_runtime_dependencies(/home/triton_07/Documents/framRobot/S1_G2_Machillot_Dridi/tello_ws/install/tello_msg/share/colcon-core/packages/tello_msg)
[0.860s] Level 1:colcon.colcon_core.environment:create_environment_scripts_only(tello_interfaces)
[0.862s] Level 1:colcon.colcon_core.environment:checking '/home/triton_07/Documents/framRobot/S1_G2_Machillot_Dridi/tello_ws/install/tello_interfaces' for CMake module files
[0.863s] Level 1:colcon.colcon_core.environment:checking '/home/triton_07/Documents/framRobot/S1_G2_Machillot_Dridi/tello_ws/install/tello_interfaces' for CMake config files
[0.863s] Level 1:colcon.colcon_core.shell:create_environment_hook('tello_interfaces', 'cmake_prefix_path')
[0.864s] INFO:colcon.colcon_core.shell:Creating environment hook '/home/triton_07/Documents/framRobot/S1_G2_Machillot_Dridi/tello_ws/install/tello_interfaces/share/tello_interfaces/hook/cmake_prefix_path.ps1'
[0.864s] INFO:colcon.colcon_core.shell:Creating environment descriptor '/home/triton_07/Documents/framRobot/S1_G2_Machillot_Dridi/tello_ws/install/tello_interfaces/share/tello_interfaces/hook/cmake_prefix_path.dsv'
[0.865s] INFO:colcon.colcon_core.shell:Creating environment hook '/home/triton_07/Documents/framRobot/S1_G2_Machillot_Dridi/tello_ws/install/tello_interfaces/share/tello_interfaces/hook/cmake_prefix_path.sh'
[0.865s] Level 1:colcon.colcon_core.environment:checking '/home/triton_07/Documents/framRobot/S1_G2_Machillot_Dridi/tello_ws/install/tello_interfaces/lib'
[0.865s] Level 1:colcon.colcon_core.shell:create_environment_hook('tello_interfaces', 'ld_library_path_lib')
[0.866s] INFO:colcon.colcon_core.shell:Creating environment hook '/home/triton_07/Documents/framRobot/S1_G2_Machillot_Dridi/tello_ws/install/tello_interfaces/share/tello_interfaces/hook/ld_library_path_lib.ps1'
[0.867s] INFO:colcon.colcon_core.shell:Creating environment descriptor '/home/triton_07/Documents/framRobot/S1_G2_Machillot_Dridi/tello_ws/install/tello_interfaces/share/tello_interfaces/hook/ld_library_path_lib.dsv'
[0.867s] INFO:colcon.colcon_core.shell:Creating environment hook '/home/triton_07/Documents/framRobot/S1_G2_Machillot_Dridi/tello_ws/install/tello_interfaces/share/tello_interfaces/hook/ld_library_path_lib.sh'
[0.867s] Level 1:colcon.colcon_core.environment:checking '/home/triton_07/Documents/framRobot/S1_G2_Machillot_Dridi/tello_ws/install/tello_interfaces/bin'
[0.867s] Level 1:colcon.colcon_core.environment:checking '/home/triton_07/Documents/framRobot/S1_G2_Machillot_Dridi/tello_ws/install/tello_interfaces/lib/pkgconfig/tello_interfaces.pc'
[0.867s] Level 1:colcon.colcon_core.environment:checking '/home/triton_07/Documents/framRobot/S1_G2_Machillot_Dridi/tello_ws/install/tello_interfaces/lib/python3.10/site-packages'
[0.867s] Level 1:colcon.colcon_core.environment:checking '/home/triton_07/Documents/framRobot/S1_G2_Machillot_Dridi/tello_ws/install/tello_interfaces/bin'
[0.868s] INFO:colcon.colcon_core.shell:Creating package script '/home/triton_07/Documents/framRobot/S1_G2_Machillot_Dridi/tello_ws/install/tello_interfaces/share/tello_interfaces/package.ps1'
[0.869s] INFO:colcon.colcon_core.shell:Creating package descriptor '/home/triton_07/Documents/framRobot/S1_G2_Machillot_Dridi/tello_ws/install/tello_interfaces/share/tello_interfaces/package.dsv'
[0.869s] INFO:colcon.colcon_core.shell:Creating package script '/home/triton_07/Documents/framRobot/S1_G2_Machillot_Dridi/tello_ws/install/tello_interfaces/share/tello_interfaces/package.sh'
[0.870s] INFO:colcon.colcon_core.shell:Creating package script '/home/triton_07/Documents/framRobot/S1_G2_Machillot_Dridi/tello_ws/install/tello_interfaces/share/tello_interfaces/package.bash'
[0.870s] INFO:colcon.colcon_core.shell:Creating package script '/home/triton_07/Documents/framRobot/S1_G2_Machillot_Dridi/tello_ws/install/tello_interfaces/share/tello_interfaces/package.zsh'
[0.870s] Level 1:colcon.colcon_core.environment:create_file_with_runtime_dependencies(/home/triton_07/Documents/framRobot/S1_G2_Machillot_Dridi/tello_ws/install/tello_interfaces/share/colcon-core/packages/tello_interfaces)
[0.883s] Level 1:colcon.colcon_core.environment:create_environment_scripts_only(tello_msg)
[0.884s] Level 1:colcon.colcon_core.environment:checking '/home/triton_07/Documents/framRobot/S1_G2_Machillot_Dridi/tello_ws/install/tello_msg' for CMake module files
[0.885s] Level 1:colcon.colcon_core.environment:checking '/home/triton_07/Documents/framRobot/S1_G2_Machillot_Dridi/tello_ws/install/tello_msg' for CMake config files
[0.885s] Level 1:colcon.colcon_core.shell:create_environment_hook('tello_msg', 'cmake_prefix_path')
[0.886s] INFO:colcon.colcon_core.shell:Creating environment hook '/home/triton_07/Documents/framRobot/S1_G2_Machillot_Dridi/tello_ws/install/tello_msg/share/tello_msg/hook/cmake_prefix_path.ps1'
[0.887s] INFO:colcon.colcon_core.shell:Creating environment descriptor '/home/triton_07/Documents/framRobot/S1_G2_Machillot_Dridi/tello_ws/install/tello_msg/share/tello_msg/hook/cmake_prefix_path.dsv'
[0.887s] INFO:colcon.colcon_core.shell:Creating environment hook '/home/triton_07/Documents/framRobot/S1_G2_Machillot_Dridi/tello_ws/install/tello_msg/share/tello_msg/hook/cmake_prefix_path.sh'
[0.887s] Level 1:colcon.colcon_core.environment:checking '/home/triton_07/Documents/framRobot/S1_G2_Machillot_Dridi/tello_ws/install/tello_msg/lib'
[0.887s] Level 1:colcon.colcon_core.shell:create_environment_hook('tello_msg', 'ld_library_path_lib')
[0.888s] INFO:colcon.colcon_core.shell:Creating environment hook '/home/triton_07/Documents/framRobot/S1_G2_Machillot_Dridi/tello_ws/install/tello_msg/share/tello_msg/hook/ld_library_path_lib.ps1'
[0.888s] INFO:colcon.colcon_core.shell:Creating environment descriptor '/home/triton_07/Documents/framRobot/S1_G2_Machillot_Dridi/tello_ws/install/tello_msg/share/tello_msg/hook/ld_library_path_lib.dsv'
[0.889s] INFO:colcon.colcon_core.shell:Creating environment hook '/home/triton_07/Documents/framRobot/S1_G2_Machillot_Dridi/tello_ws/install/tello_msg/share/tello_msg/hook/ld_library_path_lib.sh'
[0.889s] Level 1:colcon.colcon_core.environment:checking '/home/triton_07/Documents/framRobot/S1_G2_Machillot_Dridi/tello_ws/install/tello_msg/bin'
[0.889s] Level 1:colcon.colcon_core.environment:checking '/home/triton_07/Documents/framRobot/S1_G2_Machillot_Dridi/tello_ws/install/tello_msg/lib/pkgconfig/tello_msg.pc'
[0.889s] Level 1:colcon.colcon_core.environment:checking '/home/triton_07/Documents/framRobot/S1_G2_Machillot_Dridi/tello_ws/install/tello_msg/lib/python3.10/site-packages'
[0.889s] Level 1:colcon.colcon_core.environment:checking '/home/triton_07/Documents/framRobot/S1_G2_Machillot_Dridi/tello_ws/install/tello_msg/bin'
[0.890s] INFO:colcon.colcon_core.shell:Creating package script '/home/triton_07/Documents/framRobot/S1_G2_Machillot_Dridi/tello_ws/install/tello_msg/share/tello_msg/package.ps1'
[0.891s] INFO:colcon.colcon_core.shell:Creating package descriptor '/home/triton_07/Documents/framRobot/S1_G2_Machillot_Dridi/tello_ws/install/tello_msg/share/tello_msg/package.dsv'
[0.891s] INFO:colcon.colcon_core.shell:Creating package script '/home/triton_07/Documents/framRobot/S1_G2_Machillot_Dridi/tello_ws/install/tello_msg/share/tello_msg/package.sh'
[0.891s] INFO:colcon.colcon_core.shell:Creating package script '/home/triton_07/Documents/framRobot/S1_G2_Machillot_Dridi/tello_ws/install/tello_msg/share/tello_msg/package.bash'
[0.892s] INFO:colcon.colcon_core.shell:Creating package script '/home/triton_07/Documents/framRobot/S1_G2_Machillot_Dridi/tello_ws/install/tello_msg/share/tello_msg/package.zsh'
[0.892s] Level 1:colcon.colcon_core.environment:create_file_with_runtime_dependencies(/home/triton_07/Documents/framRobot/S1_G2_Machillot_Dridi/tello_ws/install/tello_msg/share/colcon-core/packages/tello_msg)
[0.892s] INFO:colcon.colcon_ros.task.ament_python.build:Building ROS package in '/home/triton_07/Documents/framRobot/S1_G2_Machillot_Dridi/tello_ws/src/tello' with build type 'ament_python'
[0.892s] Level 1:colcon.colcon_core.shell:create_environment_hook('tello', 'ament_prefix_path')
[0.893s] INFO:colcon.colcon_core.shell:Creating environment hook '/home/triton_07/Documents/framRobot/S1_G2_Machillot_Dridi/tello_ws/install/tello/share/tello/hook/ament_prefix_path.ps1'
[0.894s] INFO:colcon.colcon_core.shell:Creating environment descriptor '/home/triton_07/Documents/framRobot/S1_G2_Machillot_Dridi/tello_ws/install/tello/share/tello/hook/ament_prefix_path.dsv'
[0.894s] INFO:colcon.colcon_core.shell:Creating environment hook '/home/triton_07/Documents/framRobot/S1_G2_Machillot_Dridi/tello_ws/install/tello/share/tello/hook/ament_prefix_path.sh'
[0.895s] INFO:colcon.colcon_core.shell:Skip shell extension 'powershell' for command environment: Not usable outside of PowerShell
[0.895s] DEBUG:colcon.colcon_core.shell:Skip shell extension 'dsv' for command environment
[1.127s] INFO:colcon.colcon_core.task.python.build:Building Python package in '/home/triton_07/Documents/framRobot/S1_G2_Machillot_Dridi/tello_ws/src/tello'
[1.128s] INFO:colcon.colcon_core.shell:Skip shell extension 'powershell' for command environment: Not usable outside of PowerShell
[1.128s] DEBUG:colcon.colcon_core.shell:Skip shell extension 'dsv' for command environment
[1.471s] DEBUG:colcon.colcon_core.event_handler.log_command:Invoking command in '/home/triton_07/Documents/framRobot/S1_G2_Machillot_Dridi/tello_ws/src/tello': PYTHONPATH=/home/triton_07/Documents/framRobot/S1_G2_Machillot_Dridi/tello_ws/build/tello/prefix_override:/home/triton_07/Documents/framRobot/S1_G2_Machillot_Dridi/tello_ws/install/tello/lib/python3.10/site-packages:${PYTHONPATH} /usr/bin/python3 setup.py egg_info --egg-base ../../build/tello build --build-base /home/triton_07/Documents/framRobot/S1_G2_Machillot_Dridi/tello_ws/build/tello/build install --record /home/triton_07/Documents/framRobot/S1_G2_Machillot_Dridi/tello_ws/build/tello/install.log --install-scripts $base/lib/tello --single-version-externally-managed
[1.719s] Level 1:colcon.colcon_core.environment:checking '/home/triton_07/Documents/framRobot/S1_G2_Machillot_Dridi/tello_ws/install/tello' for CMake module files
[1.720s] DEBUG:colcon.colcon_core.event_handler.log_command:Invoked command in '/home/triton_07/Documents/framRobot/S1_G2_Machillot_Dridi/tello_ws/src/tello' returned '0': PYTHONPATH=/home/triton_07/Documents/framRobot/S1_G2_Machillot_Dridi/tello_ws/build/tello/prefix_override:/home/triton_07/Documents/framRobot/S1_G2_Machillot_Dridi/tello_ws/install/tello/lib/python3.10/site-packages:${PYTHONPATH} /usr/bin/python3 setup.py egg_info --egg-base ../../build/tello build --build-base /home/triton_07/Documents/framRobot/S1_G2_Machillot_Dridi/tello_ws/build/tello/build install --record /home/triton_07/Documents/framRobot/S1_G2_Machillot_Dridi/tello_ws/build/tello/install.log --install-scripts $base/lib/tello --single-version-externally-managed
[1.720s] Level 1:colcon.colcon_core.environment:checking '/home/triton_07/Documents/framRobot/S1_G2_Machillot_Dridi/tello_ws/install/tello' for CMake config files
[1.721s] Level 1:colcon.colcon_core.environment:checking '/home/triton_07/Documents/framRobot/S1_G2_Machillot_Dridi/tello_ws/install/tello/lib'
[1.721s] Level 1:colcon.colcon_core.environment:checking '/home/triton_07/Documents/framRobot/S1_G2_Machillot_Dridi/tello_ws/install/tello/bin'
[1.721s] Level 1:colcon.colcon_core.environment:checking '/home/triton_07/Documents/framRobot/S1_G2_Machillot_Dridi/tello_ws/install/tello/lib/pkgconfig/tello.pc'
[1.721s] Level 1:colcon.colcon_core.environment:checking '/home/triton_07/Documents/framRobot/S1_G2_Machillot_Dridi/tello_ws/install/tello/lib/python3.10/site-packages'
[1.721s] Level 1:colcon.colcon_core.shell:create_environment_hook('tello', 'pythonpath')
[1.722s] INFO:colcon.colcon_core.shell:Creating environment hook '/home/triton_07/Documents/framRobot/S1_G2_Machillot_Dridi/tello_ws/install/tello/share/tello/hook/pythonpath.ps1'
[1.722s] INFO:colcon.colcon_core.shell:Creating environment descriptor '/home/triton_07/Documents/framRobot/S1_G2_Machillot_Dridi/tello_ws/install/tello/share/tello/hook/pythonpath.dsv'
[1.723s] INFO:colcon.colcon_core.shell:Creating environment hook '/home/triton_07/Documents/framRobot/S1_G2_Machillot_Dridi/tello_ws/install/tello/share/tello/hook/pythonpath.sh'
[1.723s] Level 1:colcon.colcon_core.environment:checking '/home/triton_07/Documents/framRobot/S1_G2_Machillot_Dridi/tello_ws/install/tello/bin'
[1.723s] Level 1:colcon.colcon_core.environment:create_environment_scripts_only(tello)
[1.724s] INFO:colcon.colcon_core.shell:Creating package script '/home/triton_07/Documents/framRobot/S1_G2_Machillot_Dridi/tello_ws/install/tello/share/tello/package.ps1'
[1.725s] INFO:colcon.colcon_core.shell:Creating package descriptor '/home/triton_07/Documents/framRobot/S1_G2_Machillot_Dridi/tello_ws/install/tello/share/tello/package.dsv'
[1.725s] INFO:colcon.colcon_core.shell:Creating package script '/home/triton_07/Documents/framRobot/S1_G2_Machillot_Dridi/tello_ws/install/tello/share/tello/package.sh'
[1.726s] INFO:colcon.colcon_core.shell:Creating package script '/home/triton_07/Documents/framRobot/S1_G2_Machillot_Dridi/tello_ws/install/tello/share/tello/package.bash'
[1.726s] INFO:colcon.colcon_core.shell:Creating package script '/home/triton_07/Documents/framRobot/S1_G2_Machillot_Dridi/tello_ws/install/tello/share/tello/package.zsh'
[1.726s] Level 1:colcon.colcon_core.environment:create_file_with_runtime_dependencies(/home/triton_07/Documents/framRobot/S1_G2_Machillot_Dridi/tello_ws/install/tello/share/colcon-core/packages/tello)
[1.726s] INFO:colcon.colcon_ros.task.ament_python.build:Building ROS package in '/home/triton_07/Documents/framRobot/S1_G2_Machillot_Dridi/tello_ws/src/pypackage' with build type 'ament_python'
[1.727s] Level 1:colcon.colcon_core.shell:create_environment_hook('pypackage', 'ament_prefix_path')
[1.728s] INFO:colcon.colcon_core.shell:Creating environment hook '/home/triton_07/Documents/framRobot/S1_G2_Machillot_Dridi/tello_ws/install/pypackage/share/pypackage/hook/ament_prefix_path.ps1'
[1.729s] INFO:colcon.colcon_core.shell:Creating environment descriptor '/home/triton_07/Documents/framRobot/S1_G2_Machillot_Dridi/tello_ws/install/pypackage/share/pypackage/hook/ament_prefix_path.dsv'
[1.729s] INFO:colcon.colcon_core.shell:Creating environment hook '/home/triton_07/Documents/framRobot/S1_G2_Machillot_Dridi/tello_ws/install/pypackage/share/pypackage/hook/ament_prefix_path.sh'
[1.730s] INFO:colcon.colcon_core.shell:Skip shell extension 'powershell' for command environment: Not usable outside of PowerShell
[1.730s] DEBUG:colcon.colcon_core.shell:Skip shell extension 'dsv' for command environment
[1.961s] INFO:colcon.colcon_core.task.python.build:Building Python package in '/home/triton_07/Documents/framRobot/S1_G2_Machillot_Dridi/tello_ws/src/pypackage'
[1.962s] INFO:colcon.colcon_core.shell:Skip shell extension 'powershell' for command environment: Not usable outside of PowerShell
[1.962s] DEBUG:colcon.colcon_core.shell:Skip shell extension 'dsv' for command environment
[2.301s] DEBUG:colcon.colcon_core.event_handler.log_command:Invoking command in '/home/triton_07/Documents/framRobot/S1_G2_Machillot_Dridi/tello_ws/src/pypackage': AMENT_PREFIX_PATH=/home/triton_07/Documents/framRobot/S1_G2_Machillot_Dridi/tello_ws/install/tello:/home/triton_07/Documents/framRobot/S1_G2_Machillot_Dridi/tello_ws/install/pypackage:/home/triton_07/Documents/framRobot/S1_G2_Machillot_Dridi/tello_ws/install/tello_msg:/home/triton_07/Documents/framRobot/S1_G2_Machillot_Dridi/tello_ws/install/tello_interfaces:/home/triton_07/Documents/framRobot/S1_G2_Machillot_Dridi/tello_ws/install/tello_control:/opt/ros/humble PYTHONPATH=/home/triton_07/Documents/framRobot/S1_G2_Machillot_Dridi/tello_ws/build/pypackage/prefix_override:/home/triton_07/Documents/framRobot/S1_G2_Machillot_Dridi/tello_ws/install/pypackage/lib/python3.10/site-packages:/home/triton_07/Documents/framRobot/S1_G2_Machillot_Dridi/tello_ws/install/tello/lib/python3.10/site-packages:/home/triton_07/Documents/framRobot/S1_G2_Machillot_Dridi/tello_ws/install/pypackage/lib/python3.10/site-packages:/home/triton_07/Documents/framRobot/S1_G2_Machillot_Dridi/tello_ws/install/tello_msg/local/lib/python3.10/dist-packages:/home/triton_07/Documents/framRobot/S1_G2_Machillot_Dridi/tello_ws/install/tello_interfaces/local/lib/python3.10/dist-packages:/opt/ros/humble/lib/python3.10/site-packages:/opt/ros/humble/local/lib/python3.10/dist-packages /usr/bin/python3 setup.py egg_info --egg-base ../../build/pypackage build --build-base /home/triton_07/Documents/framRobot/S1_G2_Machillot_Dridi/tello_ws/build/pypackage/build install --record /home/triton_07/Documents/framRobot/S1_G2_Machillot_Dridi/tello_ws/build/pypackage/install.log --single-version-externally-managed
[2.546s] Level 1:colcon.colcon_core.environment:checking '/home/triton_07/Documents/framRobot/S1_G2_Machillot_Dridi/tello_ws/install/pypackage' for CMake module files
[2.547s] DEBUG:colcon.colcon_core.event_handler.log_command:Invoked command in '/home/triton_07/Documents/framRobot/S1_G2_Machillot_Dridi/tello_ws/src/pypackage' returned '0': AMENT_PREFIX_PATH=/home/triton_07/Documents/framRobot/S1_G2_Machillot_Dridi/tello_ws/install/tello:/home/triton_07/Documents/framRobot/S1_G2_Machillot_Dridi/tello_ws/install/pypackage:/home/triton_07/Documents/framRobot/S1_G2_Machillot_Dridi/tello_ws/install/tello_msg:/home/triton_07/Documents/framRobot/S1_G2_Machillot_Dridi/tello_ws/install/tello_interfaces:/home/triton_07/Documents/framRobot/S1_G2_Machillot_Dridi/tello_ws/install/tello_control:/opt/ros/humble PYTHONPATH=/home/triton_07/Documents/framRobot/S1_G2_Machillot_Dridi/tello_ws/build/pypackage/prefix_override:/home/triton_07/Documents/framRobot/S1_G2_Machillot_Dridi/tello_ws/install/pypackage/lib/python3.10/site-packages:/home/triton_07/Documents/framRobot/S1_G2_Machillot_Dridi/tello_ws/install/tello/lib/python3.10/site-packages:/home/triton_07/Documents/framRobot/S1_G2_Machillot_Dridi/tello_ws/install/pypackage/lib/python3.10/site-packages:/home/triton_07/Documents/framRobot/S1_G2_Machillot_Dridi/tello_ws/install/tello_msg/local/lib/python3.10/dist-packages:/home/triton_07/Documents/framRobot/S1_G2_Machillot_Dridi/tello_ws/install/tello_interfaces/local/lib/python3.10/dist-packages:/opt/ros/humble/lib/python3.10/site-packages:/opt/ros/humble/local/lib/python3.10/dist-packages /usr/bin/python3 setup.py egg_info --egg-base ../../build/pypackage build --build-base /home/triton_07/Documents/framRobot/S1_G2_Machillot_Dridi/tello_ws/build/pypackage/build install --record /home/triton_07/Documents/framRobot/S1_G2_Machillot_Dridi/tello_ws/build/pypackage/install.log --single-version-externally-managed
[2.547s] Level 1:colcon.colcon_core.environment:checking '/home/triton_07/Documents/framRobot/S1_G2_Machillot_Dridi/tello_ws/install/pypackage' for CMake config files
[2.547s] Level 1:colcon.colcon_core.environment:checking '/home/triton_07/Documents/framRobot/S1_G2_Machillot_Dridi/tello_ws/install/pypackage/lib'
[2.547s] Level 1:colcon.colcon_core.environment:checking '/home/triton_07/Documents/framRobot/S1_G2_Machillot_Dridi/tello_ws/install/pypackage/bin'
[2.547s] Level 1:colcon.colcon_core.environment:checking '/home/triton_07/Documents/framRobot/S1_G2_Machillot_Dridi/tello_ws/install/pypackage/lib/pkgconfig/pypackage.pc'
[2.548s] Level 1:colcon.colcon_core.environment:checking '/home/triton_07/Documents/framRobot/S1_G2_Machillot_Dridi/tello_ws/install/pypackage/lib/python3.10/site-packages'
[2.548s] Level 1:colcon.colcon_core.shell:create_environment_hook('pypackage', 'pythonpath')
[2.549s] INFO:colcon.colcon_core.shell:Creating environment hook '/home/triton_07/Documents/framRobot/S1_G2_Machillot_Dridi/tello_ws/install/pypackage/share/pypackage/hook/pythonpath.ps1'
[2.549s] INFO:colcon.colcon_core.shell:Creating environment descriptor '/home/triton_07/Documents/framRobot/S1_G2_Machillot_Dridi/tello_ws/install/pypackage/share/pypackage/hook/pythonpath.dsv'
[2.549s] INFO:colcon.colcon_core.shell:Creating environment hook '/home/triton_07/Documents/framRobot/S1_G2_Machillot_Dridi/tello_ws/install/pypackage/share/pypackage/hook/pythonpath.sh'
[2.549s] Level 1:colcon.colcon_core.environment:checking '/home/triton_07/Documents/framRobot/S1_G2_Machillot_Dridi/tello_ws/install/pypackage/bin'
[2.550s] Level 1:colcon.colcon_core.environment:create_environment_scripts_only(pypackage)
[2.551s] INFO:colcon.colcon_core.shell:Creating package script '/home/triton_07/Documents/framRobot/S1_G2_Machillot_Dridi/tello_ws/install/pypackage/share/pypackage/package.ps1'
[2.551s] INFO:colcon.colcon_core.shell:Creating package descriptor '/home/triton_07/Documents/framRobot/S1_G2_Machillot_Dridi/tello_ws/install/pypackage/share/pypackage/package.dsv'
[2.551s] INFO:colcon.colcon_core.shell:Creating package script '/home/triton_07/Documents/framRobot/S1_G2_Machillot_Dridi/tello_ws/install/pypackage/share/pypackage/package.sh'
[2.551s] INFO:colcon.colcon_core.shell:Creating package script '/home/triton_07/Documents/framRobot/S1_G2_Machillot_Dridi/tello_ws/install/pypackage/share/pypackage/package.bash'
[2.552s] INFO:colcon.colcon_core.shell:Creating package script '/home/triton_07/Documents/framRobot/S1_G2_Machillot_Dridi/tello_ws/install/pypackage/share/pypackage/package.zsh'
[2.552s] Level 1:colcon.colcon_core.environment:create_file_with_runtime_dependencies(/home/triton_07/Documents/framRobot/S1_G2_Machillot_Dridi/tello_ws/install/pypackage/share/colcon-core/packages/pypackage)
[2.552s] DEBUG:colcon.colcon_parallel_executor.executor.parallel:closing loop
[2.552s] DEBUG:colcon.colcon_parallel_executor.executor.parallel:loop closed
[2.552s] DEBUG:colcon.colcon_parallel_executor.executor.parallel:run_until_complete finished with '0'
[2.553s] DEBUG:colcon.colcon_core.event_reactor:joining thread
[2.556s] INFO:colcon.colcon_core.plugin_system:Skipping extension 'colcon_notification.desktop_notification.terminal_notifier': Not used on non-Darwin systems
[2.556s] INFO:colcon.colcon_core.plugin_system:Skipping extension 'colcon_notification.desktop_notification.win32': Not used on non-Windows systems
[2.556s] INFO:colcon.colcon_notification.desktop_notification:Sending desktop notification using 'notify2'
[2.564s] DEBUG:colcon.colcon_core.event_reactor:joined thread
[2.566s] INFO:colcon.colcon_core.shell:Creating prefix script '/home/triton_07/Documents/framRobot/S1_G2_Machillot_Dridi/tello_ws/install/local_setup.ps1'
[2.566s] INFO:colcon.colcon_core.shell:Creating prefix util module '/home/triton_07/Documents/framRobot/S1_G2_Machillot_Dridi/tello_ws/install/_local_setup_util_ps1.py'
[2.567s] INFO:colcon.colcon_core.shell:Creating prefix chain script '/home/triton_07/Documents/framRobot/S1_G2_Machillot_Dridi/tello_ws/install/setup.ps1'
[2.568s] INFO:colcon.colcon_core.shell:Creating prefix script '/home/triton_07/Documents/framRobot/S1_G2_Machillot_Dridi/tello_ws/install/local_setup.sh'
[2.568s] INFO:colcon.colcon_core.shell:Creating prefix util module '/home/triton_07/Documents/framRobot/S1_G2_Machillot_Dridi/tello_ws/install/_local_setup_util_sh.py'
[2.569s] INFO:colcon.colcon_core.shell:Creating prefix chain script '/home/triton_07/Documents/framRobot/S1_G2_Machillot_Dridi/tello_ws/install/setup.sh'
[2.570s] INFO:colcon.colcon_core.shell:Creating prefix script '/home/triton_07/Documents/framRobot/S1_G2_Machillot_Dridi/tello_ws/install/local_setup.bash'
[2.570s] INFO:colcon.colcon_core.shell:Creating prefix chain script '/home/triton_07/Documents/framRobot/S1_G2_Machillot_Dridi/tello_ws/install/setup.bash'
[2.571s] INFO:colcon.colcon_core.shell:Creating prefix script '/home/triton_07/Documents/framRobot/S1_G2_Machillot_Dridi/tello_ws/install/local_setup.zsh'
[2.572s] INFO:colcon.colcon_core.shell:Creating prefix chain script '/home/triton_07/Documents/framRobot/S1_G2_Machillot_Dridi/tello_ws/install/setup.zsh'
