[0.010s] Invoking command in '/home/triton_07/Documents/framRobot/S1_G2_Machillot_Dridi/tello_ws/build/tello_interfaces': CMAKE_PREFIX_PATH=${CMAKE_PREFIX_PATH}:/home/triton_07/Documents/framRobot/S1_G2_Machillot_Dridi/tello_ws/install/pypackage:/home/triton_07/Documents/framRobot/S1_G2_Machillot_Dridi/tello_ws/install/tello:/opt/ros/humble /usr/bin/cmake --build /home/triton_07/Documents/framRobot/S1_G2_Machillot_Dridi/tello_ws/build/tello_interfaces -- -j16 -l16
[0.026s] -- Found ament_cmake: 1.3.3 (/opt/ros/humble/share/ament_cmake/cmake)
[0.127s] -- Found rosidl_default_generators: 1.2.0 (/opt/ros/humble/share/rosidl_default_generators/cmake)
[0.128s] -- Using all available rosidl_typesupport_c: rosidl_typesupport_fastrtps_c;rosidl_typesupport_introspection_c
[0.130s] -- Found rosidl_adapter: 3.1.4 (/opt/ros/humble/share/rosidl_adapter/cmake)
[0.152s] -- Using all available rosidl_typesupport_cpp: rosidl_typesupport_fastrtps_cpp;rosidl_typesupport_introspection_cpp
[0.344s] -- Found ament_cmake_ros: 0.10.0 (/opt/ros/humble/share/ament_cmake_ros/cmake)
[0.468s] -- Using all available rosidl_typesupport_c: rosidl_typesupport_fastrtps_c;rosidl_typesupport_introspection_c
[0.640s] -- Using all available rosidl_typesupport_cpp: rosidl_typesupport_fastrtps_cpp;rosidl_typesupport_introspection_cpp
[0.656s] -- Found python_cmake_module: 0.10.0 (/opt/ros/humble/share/python_cmake_module/cmake)
[0.672s] -- Using PYTHON_EXECUTABLE: /usr/bin/python3
[0.672s] -- Using PYTHON_INCLUDE_DIRS: /usr/include/python3.10
[0.672s] -- Using PYTHON_LIBRARIES: /usr/lib/x86_64-linux-gnu/libpython3.10.so
[0.680s] -- Found ament_lint_auto: 0.12.5 (/opt/ros/humble/share/ament_lint_auto/cmake)
[0.688s] -- Added test 'lint_cmake' to check CMake code style
[0.688s] -- Added test 'xmllint' to check XML markup files
[0.690s] -- Configuring done
[0.710s] -- Generating done
[0.712s] -- Build files have been written to: /home/triton_07/Documents/framRobot/S1_G2_Machillot_Dridi/tello_ws/build/tello_interfaces
[0.729s] [  2%] [34m[1mGenerating C code for ROS interfaces[0m
[0.736s] [  5%] [34m[1mGenerating C++ code for ROS interfaces[0m
[0.743s] [  5%] Built target ament_cmake_python_copy_tello_interfaces
[0.969s] running egg_info
[0.969s] [  5%] Built target tello_interfaces__cpp
[0.970s] writing tello_interfaces.egg-info/PKG-INFO
[0.970s] writing dependency_links to tello_interfaces.egg-info/dependency_links.txt
[0.970s] writing top-level names to tello_interfaces.egg-info/top_level.txt
[0.973s] reading manifest file 'tello_interfaces.egg-info/SOURCES.txt'
[0.973s] writing manifest file 'tello_interfaces.egg-info/SOURCES.txt'
[0.976s] [35m[1mConsolidate compiler generated dependencies of target tello_interfaces__rosidl_generator_c[0m
[0.977s] [ 10%] [34m[1mGenerating C++ type support for eProsima Fast-RTPS[0m
[0.977s] [ 10%] [34m[1mGenerating C++ type support dispatch for ROS interfaces[0m
[0.977s] [ 12%] [34m[1mGenerating C++ introspection for ROS interfaces[0m
[0.985s] [ 17%] [32mBuilding C object CMakeFiles/tello_interfaces__rosidl_generator_c.dir/rosidl_generator_c/tello_interfaces/srv/detail/drone_mode__functions.c.o[0m
[0.985s] [ 17%] [32mBuilding C object CMakeFiles/tello_interfaces__rosidl_generator_c.dir/rosidl_generator_c/tello_interfaces/msg/detail/coord__functions.c.o[0m
[0.997s] [ 17%] Built target ament_cmake_python_build_tello_interfaces_egg
[1.026s] [ 20%] [32m[1mLinking C shared library libtello_interfaces__rosidl_generator_c.so[0m
[1.052s] [ 20%] Built target tello_interfaces__rosidl_generator_c
[1.058s] [ 28%] [34m[1mGenerating C type support dispatch for ROS interfaces[0m
[1.059s] [ 28%] [34m[1mGenerating C introspection for ROS interfaces[0m
[1.059s] [ 28%] [34m[1mGenerating C type support for eProsima Fast-RTPS[0m
[1.176s] [35m[1mConsolidate compiler generated dependencies of target tello_interfaces__rosidl_typesupport_cpp[0m
[1.185s] [ 30%] [32mBuilding CXX object CMakeFiles/tello_interfaces__rosidl_typesupport_cpp.dir/rosidl_typesupport_cpp/tello_interfaces/msg/coord__type_support.cpp.o[0m
[1.185s] [ 33%] [32mBuilding CXX object CMakeFiles/tello_interfaces__rosidl_typesupport_cpp.dir/rosidl_typesupport_cpp/tello_interfaces/srv/drone_mode__type_support.cpp.o[0m
[1.197s] [35m[1mConsolidate compiler generated dependencies of target tello_interfaces__rosidl_typesupport_introspection_cpp[0m
[1.207s] [ 35%] [32mBuilding CXX object CMakeFiles/tello_interfaces__rosidl_typesupport_introspection_cpp.dir/rosidl_typesupport_introspection_cpp/tello_interfaces/srv/detail/drone_mode__type_support.cpp.o[0m
[1.210s] [ 38%] [32mBuilding CXX object CMakeFiles/tello_interfaces__rosidl_typesupport_introspection_cpp.dir/rosidl_typesupport_introspection_cpp/tello_interfaces/msg/detail/coord__type_support.cpp.o[0m
[1.215s] [35m[1mConsolidate compiler generated dependencies of target tello_interfaces__rosidl_typesupport_fastrtps_cpp[0m
[1.226s] [ 41%] [32mBuilding CXX object CMakeFiles/tello_interfaces__rosidl_typesupport_fastrtps_cpp.dir/rosidl_typesupport_fastrtps_cpp/tello_interfaces/srv/detail/dds_fastrtps/drone_mode__type_support.cpp.o[0m
[1.228s] [ 43%] [32mBuilding CXX object CMakeFiles/tello_interfaces__rosidl_typesupport_fastrtps_cpp.dir/rosidl_typesupport_fastrtps_cpp/tello_interfaces/msg/detail/dds_fastrtps/coord__type_support.cpp.o[0m
[1.258s] [35m[1mConsolidate compiler generated dependencies of target tello_interfaces__rosidl_typesupport_c[0m
[1.269s] [ 48%] [32mBuilding CXX object CMakeFiles/tello_interfaces__rosidl_typesupport_c.dir/rosidl_typesupport_c/tello_interfaces/srv/drone_mode__type_support.cpp.o[0m
[1.269s] [ 48%] [32mBuilding CXX object CMakeFiles/tello_interfaces__rosidl_typesupport_c.dir/rosidl_typesupport_c/tello_interfaces/msg/coord__type_support.cpp.o[0m
[1.298s] [35m[1mConsolidate compiler generated dependencies of target tello_interfaces__rosidl_typesupport_introspection_c[0m
[1.300s] [ 51%] [32m[1mLinking CXX shared library libtello_interfaces__rosidl_typesupport_c.so[0m
[1.304s] [35m[1mConsolidate compiler generated dependencies of target tello_interfaces__rosidl_typesupport_fastrtps_c[0m
[1.307s] [ 53%] [32mBuilding C object CMakeFiles/tello_interfaces__rosidl_typesupport_introspection_c.dir/rosidl_typesupport_introspection_c/tello_interfaces/srv/detail/drone_mode__type_support.c.o[0m
[1.310s] [ 56%] [32mBuilding C object CMakeFiles/tello_interfaces__rosidl_typesupport_introspection_c.dir/rosidl_typesupport_introspection_c/tello_interfaces/msg/detail/coord__type_support.c.o[0m
[1.315s] [ 58%] [32mBuilding CXX object CMakeFiles/tello_interfaces__rosidl_typesupport_fastrtps_c.dir/rosidl_typesupport_fastrtps_c/tello_interfaces/srv/detail/drone_mode__type_support_c.cpp.o[0m
[1.317s] [ 61%] [32mBuilding CXX object CMakeFiles/tello_interfaces__rosidl_typesupport_fastrtps_c.dir/rosidl_typesupport_fastrtps_c/tello_interfaces/msg/detail/coord__type_support_c.cpp.o[0m
[1.334s] [ 61%] Built target tello_interfaces__rosidl_typesupport_c
[1.348s] [ 64%] [32m[1mLinking C shared library libtello_interfaces__rosidl_typesupport_introspection_c.so[0m
[1.381s] [ 64%] Built target tello_interfaces__rosidl_typesupport_introspection_c
[1.419s] [ 66%] [32m[1mLinking CXX shared library libtello_interfaces__rosidl_typesupport_cpp.so[0m
[1.450s] [ 66%] Built target tello_interfaces__rosidl_typesupport_cpp
[1.513s] [ 69%] [32m[1mLinking CXX shared library libtello_interfaces__rosidl_typesupport_introspection_cpp.so[0m
[1.545s] [ 69%] Built target tello_interfaces__rosidl_typesupport_introspection_cpp
[1.591s] [ 71%] [32m[1mLinking CXX shared library libtello_interfaces__rosidl_typesupport_fastrtps_c.so[0m
[1.591s] [ 74%] [32m[1mLinking CXX shared library libtello_interfaces__rosidl_typesupport_fastrtps_cpp.so[0m
[1.645s] [ 74%] Built target tello_interfaces__rosidl_typesupport_fastrtps_cpp
[1.645s] [ 74%] Built target tello_interfaces__rosidl_typesupport_fastrtps_c
[1.658s] [ 74%] Built target tello_interfaces
[1.670s] [ 76%] [34m[1mGenerating Python code for ROS interfaces[0m
[2.029s] [ 76%] Built target tello_interfaces__py
[2.036s] [35m[1mConsolidate compiler generated dependencies of target tello_interfaces__rosidl_generator_py[0m
[2.044s] [ 82%] [32mBuilding C object CMakeFiles/tello_interfaces__rosidl_generator_py.dir/rosidl_generator_py/tello_interfaces/msg/_coord_s.c.o[0m
[2.044s] [ 82%] [32mBuilding C object CMakeFiles/tello_interfaces__rosidl_generator_py.dir/rosidl_generator_py/tello_interfaces/srv/_drone_mode_s.c.o[0m
[2.115s] [ 84%] [32m[1mLinking C shared library rosidl_generator_py/tello_interfaces/libtello_interfaces__rosidl_generator_py.so[0m
[2.140s] [ 84%] Built target tello_interfaces__rosidl_generator_py
[2.147s] [35m[1mConsolidate compiler generated dependencies of target tello_interfaces__rosidl_typesupport_c__pyext[0m
[2.147s] [35m[1mConsolidate compiler generated dependencies of target tello_interfaces__rosidl_typesupport_introspection_c__pyext[0m
[2.147s] [35m[1mConsolidate compiler generated dependencies of target tello_interfaces__rosidl_typesupport_fastrtps_c__pyext[0m
[2.157s] [ 92%] [32mBuilding C object CMakeFiles/tello_interfaces__rosidl_typesupport_c__pyext.dir/rosidl_generator_py/tello_interfaces/_tello_interfaces_s.ep.rosidl_typesupport_c.c.o[0m
[2.157s] [ 92%] [32mBuilding C object CMakeFiles/tello_interfaces__rosidl_typesupport_fastrtps_c__pyext.dir/rosidl_generator_py/tello_interfaces/_tello_interfaces_s.ep.rosidl_typesupport_fastrtps_c.c.o[0m
[2.157s] [ 92%] [32mBuilding C object CMakeFiles/tello_interfaces__rosidl_typesupport_introspection_c__pyext.dir/rosidl_generator_py/tello_interfaces/_tello_interfaces_s.ep.rosidl_typesupport_introspection_c.c.o[0m
[2.229s] [ 94%] [32m[1mLinking C shared library rosidl_generator_py/tello_interfaces/tello_interfaces_s__rosidl_typesupport_c.cpython-310-x86_64-linux-gnu.so[0m
[2.229s] [ 97%] [32m[1mLinking C shared library rosidl_generator_py/tello_interfaces/tello_interfaces_s__rosidl_typesupport_introspection_c.cpython-310-x86_64-linux-gnu.so[0m
[2.230s] [100%] [32m[1mLinking C shared library rosidl_generator_py/tello_interfaces/tello_interfaces_s__rosidl_typesupport_fastrtps_c.cpython-310-x86_64-linux-gnu.so[0m
[2.254s] [100%] Built target tello_interfaces__rosidl_typesupport_introspection_c__pyext
[2.254s] [100%] Built target tello_interfaces__rosidl_typesupport_c__pyext
[2.254s] [100%] Built target tello_interfaces__rosidl_typesupport_fastrtps_c__pyext
[2.262s] Invoked command in '/home/triton_07/Documents/framRobot/S1_G2_Machillot_Dridi/tello_ws/build/tello_interfaces' returned '0': CMAKE_PREFIX_PATH=${CMAKE_PREFIX_PATH}:/home/triton_07/Documents/framRobot/S1_G2_Machillot_Dridi/tello_ws/install/pypackage:/home/triton_07/Documents/framRobot/S1_G2_Machillot_Dridi/tello_ws/install/tello:/opt/ros/humble /usr/bin/cmake --build /home/triton_07/Documents/framRobot/S1_G2_Machillot_Dridi/tello_ws/build/tello_interfaces -- -j16 -l16
[2.317s] Invoking command in '/home/triton_07/Documents/framRobot/S1_G2_Machillot_Dridi/tello_ws/build/tello_interfaces': CMAKE_PREFIX_PATH=${CMAKE_PREFIX_PATH}:/home/triton_07/Documents/framRobot/S1_G2_Machillot_Dridi/tello_ws/install/pypackage:/home/triton_07/Documents/framRobot/S1_G2_Machillot_Dridi/tello_ws/install/tello:/opt/ros/humble /usr/bin/cmake --install /home/triton_07/Documents/framRobot/S1_G2_Machillot_Dridi/tello_ws/build/tello_interfaces
[2.322s] -- Install configuration: ""
[2.322s] -- Up-to-date: /home/triton_07/Documents/framRobot/S1_G2_Machillot_Dridi/tello_ws/install/tello_interfaces/share/ament_index/resource_index/rosidl_interfaces/tello_interfaces
[2.322s] -- Up-to-date: /home/triton_07/Documents/framRobot/S1_G2_Machillot_Dridi/tello_ws/install/tello_interfaces/include/tello_interfaces/tello_interfaces
[2.322s] -- Up-to-date: /home/triton_07/Documents/framRobot/S1_G2_Machillot_Dridi/tello_ws/install/tello_interfaces/include/tello_interfaces/tello_interfaces/msg
[2.322s] -- Installing: /home/triton_07/Documents/framRobot/S1_G2_Machillot_Dridi/tello_ws/install/tello_interfaces/include/tello_interfaces/tello_interfaces/msg/coord.h
[2.322s] -- Up-to-date: /home/triton_07/Documents/framRobot/S1_G2_Machillot_Dridi/tello_ws/install/tello_interfaces/include/tello_interfaces/tello_interfaces/msg/rosidl_generator_c__visibility_control.h
[2.322s] -- Up-to-date: /home/triton_07/Documents/framRobot/S1_G2_Machillot_Dridi/tello_ws/install/tello_interfaces/include/tello_interfaces/tello_interfaces/msg/detail
[2.322s] -- Installing: /home/triton_07/Documents/framRobot/S1_G2_Machillot_Dridi/tello_ws/install/tello_interfaces/include/tello_interfaces/tello_interfaces/msg/detail/coord__functions.c
[2.322s] -- Installing: /home/triton_07/Documents/framRobot/S1_G2_Machillot_Dridi/tello_ws/install/tello_interfaces/include/tello_interfaces/tello_interfaces/msg/detail/coord__type_support.h
[2.322s] -- Installing: /home/triton_07/Documents/framRobot/S1_G2_Machillot_Dridi/tello_ws/install/tello_interfaces/include/tello_interfaces/tello_interfaces/msg/detail/coord__struct.h
[2.323s] -- Installing: /home/triton_07/Documents/framRobot/S1_G2_Machillot_Dridi/tello_ws/install/tello_interfaces/include/tello_interfaces/tello_interfaces/msg/detail/coord__functions.h
[2.323s] -- Up-to-date: /home/triton_07/Documents/framRobot/S1_G2_Machillot_Dridi/tello_ws/install/tello_interfaces/include/tello_interfaces/tello_interfaces/srv
[2.323s] -- Installing: /home/triton_07/Documents/framRobot/S1_G2_Machillot_Dridi/tello_ws/install/tello_interfaces/include/tello_interfaces/tello_interfaces/srv/drone_mode.h
[2.323s] -- Up-to-date: /home/triton_07/Documents/framRobot/S1_G2_Machillot_Dridi/tello_ws/install/tello_interfaces/include/tello_interfaces/tello_interfaces/srv/detail
[2.323s] -- Installing: /home/triton_07/Documents/framRobot/S1_G2_Machillot_Dridi/tello_ws/install/tello_interfaces/include/tello_interfaces/tello_interfaces/srv/detail/drone_mode__functions.h
[2.323s] -- Installing: /home/triton_07/Documents/framRobot/S1_G2_Machillot_Dridi/tello_ws/install/tello_interfaces/include/tello_interfaces/tello_interfaces/srv/detail/drone_mode__functions.c
[2.323s] -- Installing: /home/triton_07/Documents/framRobot/S1_G2_Machillot_Dridi/tello_ws/install/tello_interfaces/include/tello_interfaces/tello_interfaces/srv/detail/drone_mode__struct.h
[2.323s] -- Installing: /home/triton_07/Documents/framRobot/S1_G2_Machillot_Dridi/tello_ws/install/tello_interfaces/include/tello_interfaces/tello_interfaces/srv/detail/drone_mode__type_support.h
[2.323s] -- Up-to-date: /home/triton_07/Documents/framRobot/S1_G2_Machillot_Dridi/tello_ws/install/tello_interfaces/share/tello_interfaces/environment/library_path.sh
[2.323s] -- Installing: /home/triton_07/Documents/framRobot/S1_G2_Machillot_Dridi/tello_ws/install/tello_interfaces/share/tello_interfaces/environment/library_path.dsv
[2.323s] -- Installing: /home/triton_07/Documents/framRobot/S1_G2_Machillot_Dridi/tello_ws/install/tello_interfaces/lib/libtello_interfaces__rosidl_generator_c.so
[2.323s] -- Set runtime path of "/home/triton_07/Documents/framRobot/S1_G2_Machillot_Dridi/tello_ws/install/tello_interfaces/lib/libtello_interfaces__rosidl_generator_c.so" to ""
[2.323s] -- Up-to-date: /home/triton_07/Documents/framRobot/S1_G2_Machillot_Dridi/tello_ws/install/tello_interfaces/include/tello_interfaces/tello_interfaces
[2.323s] -- Up-to-date: /home/triton_07/Documents/framRobot/S1_G2_Machillot_Dridi/tello_ws/install/tello_interfaces/include/tello_interfaces/tello_interfaces/msg
[2.323s] -- Up-to-date: /home/triton_07/Documents/framRobot/S1_G2_Machillot_Dridi/tello_ws/install/tello_interfaces/include/tello_interfaces/tello_interfaces/msg/rosidl_typesupport_fastrtps_c__visibility_control.h
[2.323s] -- Up-to-date: /home/triton_07/Documents/framRobot/S1_G2_Machillot_Dridi/tello_ws/install/tello_interfaces/include/tello_interfaces/tello_interfaces/msg/detail
[2.324s] -- Installing: /home/triton_07/Documents/framRobot/S1_G2_Machillot_Dridi/tello_ws/install/tello_interfaces/include/tello_interfaces/tello_interfaces/msg/detail/coord__rosidl_typesupport_fastrtps_c.h
[2.324s] -- Up-to-date: /home/triton_07/Documents/framRobot/S1_G2_Machillot_Dridi/tello_ws/install/tello_interfaces/include/tello_interfaces/tello_interfaces/srv
[2.324s] -- Up-to-date: /home/triton_07/Documents/framRobot/S1_G2_Machillot_Dridi/tello_ws/install/tello_interfaces/include/tello_interfaces/tello_interfaces/srv/detail
[2.324s] -- Installing: /home/triton_07/Documents/framRobot/S1_G2_Machillot_Dridi/tello_ws/install/tello_interfaces/include/tello_interfaces/tello_interfaces/srv/detail/drone_mode__rosidl_typesupport_fastrtps_c.h
[2.324s] -- Installing: /home/triton_07/Documents/framRobot/S1_G2_Machillot_Dridi/tello_ws/install/tello_interfaces/lib/libtello_interfaces__rosidl_typesupport_fastrtps_c.so
[2.324s] -- Set runtime path of "/home/triton_07/Documents/framRobot/S1_G2_Machillot_Dridi/tello_ws/install/tello_interfaces/lib/libtello_interfaces__rosidl_typesupport_fastrtps_c.so" to ""
[2.324s] -- Up-to-date: /home/triton_07/Documents/framRobot/S1_G2_Machillot_Dridi/tello_ws/install/tello_interfaces/include/tello_interfaces/tello_interfaces
[2.324s] -- Up-to-date: /home/triton_07/Documents/framRobot/S1_G2_Machillot_Dridi/tello_ws/install/tello_interfaces/include/tello_interfaces/tello_interfaces/msg
[2.324s] -- Up-to-date: /home/triton_07/Documents/framRobot/S1_G2_Machillot_Dridi/tello_ws/install/tello_interfaces/include/tello_interfaces/tello_interfaces/msg/detail
[2.324s] -- Installing: /home/triton_07/Documents/framRobot/S1_G2_Machillot_Dridi/tello_ws/install/tello_interfaces/include/tello_interfaces/tello_interfaces/msg/detail/coord__rosidl_typesupport_introspection_c.h
[2.324s] -- Installing: /home/triton_07/Documents/framRobot/S1_G2_Machillot_Dridi/tello_ws/install/tello_interfaces/include/tello_interfaces/tello_interfaces/msg/detail/coord__type_support.c
[2.324s] -- Up-to-date: /home/triton_07/Documents/framRobot/S1_G2_Machillot_Dridi/tello_ws/install/tello_interfaces/include/tello_interfaces/tello_interfaces/msg/rosidl_typesupport_introspection_c__visibility_control.h
[2.324s] -- Up-to-date: /home/triton_07/Documents/framRobot/S1_G2_Machillot_Dridi/tello_ws/install/tello_interfaces/include/tello_interfaces/tello_interfaces/srv
[2.324s] -- Up-to-date: /home/triton_07/Documents/framRobot/S1_G2_Machillot_Dridi/tello_ws/install/tello_interfaces/include/tello_interfaces/tello_interfaces/srv/detail
[2.324s] -- Installing: /home/triton_07/Documents/framRobot/S1_G2_Machillot_Dridi/tello_ws/install/tello_interfaces/include/tello_interfaces/tello_interfaces/srv/detail/drone_mode__rosidl_typesupport_introspection_c.h
[2.325s] -- Installing: /home/triton_07/Documents/framRobot/S1_G2_Machillot_Dridi/tello_ws/install/tello_interfaces/include/tello_interfaces/tello_interfaces/srv/detail/drone_mode__type_support.c
[2.325s] -- Installing: /home/triton_07/Documents/framRobot/S1_G2_Machillot_Dridi/tello_ws/install/tello_interfaces/lib/libtello_interfaces__rosidl_typesupport_introspection_c.so
[2.325s] -- Set runtime path of "/home/triton_07/Documents/framRobot/S1_G2_Machillot_Dridi/tello_ws/install/tello_interfaces/lib/libtello_interfaces__rosidl_typesupport_introspection_c.so" to ""
[2.325s] -- Installing: /home/triton_07/Documents/framRobot/S1_G2_Machillot_Dridi/tello_ws/install/tello_interfaces/lib/libtello_interfaces__rosidl_typesupport_c.so
[2.325s] -- Set runtime path of "/home/triton_07/Documents/framRobot/S1_G2_Machillot_Dridi/tello_ws/install/tello_interfaces/lib/libtello_interfaces__rosidl_typesupport_c.so" to ""
[2.325s] -- Up-to-date: /home/triton_07/Documents/framRobot/S1_G2_Machillot_Dridi/tello_ws/install/tello_interfaces/include/tello_interfaces/tello_interfaces
[2.325s] -- Up-to-date: /home/triton_07/Documents/framRobot/S1_G2_Machillot_Dridi/tello_ws/install/tello_interfaces/include/tello_interfaces/tello_interfaces/msg
[2.325s] -- Installing: /home/triton_07/Documents/framRobot/S1_G2_Machillot_Dridi/tello_ws/install/tello_interfaces/include/tello_interfaces/tello_interfaces/msg/coord.hpp
[2.325s] -- Up-to-date: /home/triton_07/Documents/framRobot/S1_G2_Machillot_Dridi/tello_ws/install/tello_interfaces/include/tello_interfaces/tello_interfaces/msg/detail
[2.325s] -- Installing: /home/triton_07/Documents/framRobot/S1_G2_Machillot_Dridi/tello_ws/install/tello_interfaces/include/tello_interfaces/tello_interfaces/msg/detail/coord__builder.hpp
[2.325s] -- Installing: /home/triton_07/Documents/framRobot/S1_G2_Machillot_Dridi/tello_ws/install/tello_interfaces/include/tello_interfaces/tello_interfaces/msg/detail/coord__struct.hpp
[2.325s] -- Installing: /home/triton_07/Documents/framRobot/S1_G2_Machillot_Dridi/tello_ws/install/tello_interfaces/include/tello_interfaces/tello_interfaces/msg/detail/coord__traits.hpp
[2.326s] -- Up-to-date: /home/triton_07/Documents/framRobot/S1_G2_Machillot_Dridi/tello_ws/install/tello_interfaces/include/tello_interfaces/tello_interfaces/srv
[2.326s] -- Up-to-date: /home/triton_07/Documents/framRobot/S1_G2_Machillot_Dridi/tello_ws/install/tello_interfaces/include/tello_interfaces/tello_interfaces/srv/detail
[2.326s] -- Installing: /home/triton_07/Documents/framRobot/S1_G2_Machillot_Dridi/tello_ws/install/tello_interfaces/include/tello_interfaces/tello_interfaces/srv/detail/drone_mode__traits.hpp
[2.326s] -- Installing: /home/triton_07/Documents/framRobot/S1_G2_Machillot_Dridi/tello_ws/install/tello_interfaces/include/tello_interfaces/tello_interfaces/srv/detail/drone_mode__builder.hpp
[2.326s] -- Installing: /home/triton_07/Documents/framRobot/S1_G2_Machillot_Dridi/tello_ws/install/tello_interfaces/include/tello_interfaces/tello_interfaces/srv/detail/drone_mode__struct.hpp
[2.326s] -- Installing: /home/triton_07/Documents/framRobot/S1_G2_Machillot_Dridi/tello_ws/install/tello_interfaces/include/tello_interfaces/tello_interfaces/srv/drone_mode.hpp
[2.326s] -- Up-to-date: /home/triton_07/Documents/framRobot/S1_G2_Machillot_Dridi/tello_ws/install/tello_interfaces/include/tello_interfaces/tello_interfaces
[2.326s] -- Up-to-date: /home/triton_07/Documents/framRobot/S1_G2_Machillot_Dridi/tello_ws/install/tello_interfaces/include/tello_interfaces/tello_interfaces/msg
[2.326s] -- Up-to-date: /home/triton_07/Documents/framRobot/S1_G2_Machillot_Dridi/tello_ws/install/tello_interfaces/include/tello_interfaces/tello_interfaces/msg/rosidl_typesupport_fastrtps_cpp__visibility_control.h
[2.326s] -- Up-to-date: /home/triton_07/Documents/framRobot/S1_G2_Machillot_Dridi/tello_ws/install/tello_interfaces/include/tello_interfaces/tello_interfaces/msg/detail
[2.326s] -- Installing: /home/triton_07/Documents/framRobot/S1_G2_Machillot_Dridi/tello_ws/install/tello_interfaces/include/tello_interfaces/tello_interfaces/msg/detail/coord__rosidl_typesupport_fastrtps_cpp.hpp
[2.326s] -- Up-to-date: /home/triton_07/Documents/framRobot/S1_G2_Machillot_Dridi/tello_ws/install/tello_interfaces/include/tello_interfaces/tello_interfaces/msg/detail/dds_fastrtps
[2.326s] -- Up-to-date: /home/triton_07/Documents/framRobot/S1_G2_Machillot_Dridi/tello_ws/install/tello_interfaces/include/tello_interfaces/tello_interfaces/srv
[2.326s] -- Up-to-date: /home/triton_07/Documents/framRobot/S1_G2_Machillot_Dridi/tello_ws/install/tello_interfaces/include/tello_interfaces/tello_interfaces/srv/detail
[2.326s] -- Up-to-date: /home/triton_07/Documents/framRobot/S1_G2_Machillot_Dridi/tello_ws/install/tello_interfaces/include/tello_interfaces/tello_interfaces/srv/detail/dds_fastrtps
[2.327s] -- Installing: /home/triton_07/Documents/framRobot/S1_G2_Machillot_Dridi/tello_ws/install/tello_interfaces/include/tello_interfaces/tello_interfaces/srv/detail/drone_mode__rosidl_typesupport_fastrtps_cpp.hpp
[2.327s] -- Installing: /home/triton_07/Documents/framRobot/S1_G2_Machillot_Dridi/tello_ws/install/tello_interfaces/lib/libtello_interfaces__rosidl_typesupport_fastrtps_cpp.so
[2.327s] -- Set runtime path of "/home/triton_07/Documents/framRobot/S1_G2_Machillot_Dridi/tello_ws/install/tello_interfaces/lib/libtello_interfaces__rosidl_typesupport_fastrtps_cpp.so" to ""
[2.327s] -- Up-to-date: /home/triton_07/Documents/framRobot/S1_G2_Machillot_Dridi/tello_ws/install/tello_interfaces/include/tello_interfaces/tello_interfaces
[2.327s] -- Up-to-date: /home/triton_07/Documents/framRobot/S1_G2_Machillot_Dridi/tello_ws/install/tello_interfaces/include/tello_interfaces/tello_interfaces/msg
[2.327s] -- Up-to-date: /home/triton_07/Documents/framRobot/S1_G2_Machillot_Dridi/tello_ws/install/tello_interfaces/include/tello_interfaces/tello_interfaces/msg/detail
[2.327s] -- Installing: /home/triton_07/Documents/framRobot/S1_G2_Machillot_Dridi/tello_ws/install/tello_interfaces/include/tello_interfaces/tello_interfaces/msg/detail/coord__type_support.cpp
[2.327s] -- Installing: /home/triton_07/Documents/framRobot/S1_G2_Machillot_Dridi/tello_ws/install/tello_interfaces/include/tello_interfaces/tello_interfaces/msg/detail/coord__rosidl_typesupport_introspection_cpp.hpp
[2.327s] -- Up-to-date: /home/triton_07/Documents/framRobot/S1_G2_Machillot_Dridi/tello_ws/install/tello_interfaces/include/tello_interfaces/tello_interfaces/srv
[2.327s] -- Up-to-date: /home/triton_07/Documents/framRobot/S1_G2_Machillot_Dridi/tello_ws/install/tello_interfaces/include/tello_interfaces/tello_interfaces/srv/detail
[2.327s] -- Installing: /home/triton_07/Documents/framRobot/S1_G2_Machillot_Dridi/tello_ws/install/tello_interfaces/include/tello_interfaces/tello_interfaces/srv/detail/drone_mode__type_support.cpp
[2.327s] -- Installing: /home/triton_07/Documents/framRobot/S1_G2_Machillot_Dridi/tello_ws/install/tello_interfaces/include/tello_interfaces/tello_interfaces/srv/detail/drone_mode__rosidl_typesupport_introspection_cpp.hpp
[2.327s] -- Installing: /home/triton_07/Documents/framRobot/S1_G2_Machillot_Dridi/tello_ws/install/tello_interfaces/lib/libtello_interfaces__rosidl_typesupport_introspection_cpp.so
[2.327s] -- Set runtime path of "/home/triton_07/Documents/framRobot/S1_G2_Machillot_Dridi/tello_ws/install/tello_interfaces/lib/libtello_interfaces__rosidl_typesupport_introspection_cpp.so" to ""
[2.327s] -- Installing: /home/triton_07/Documents/framRobot/S1_G2_Machillot_Dridi/tello_ws/install/tello_interfaces/lib/libtello_interfaces__rosidl_typesupport_cpp.so
[2.327s] -- Set runtime path of "/home/triton_07/Documents/framRobot/S1_G2_Machillot_Dridi/tello_ws/install/tello_interfaces/lib/libtello_interfaces__rosidl_typesupport_cpp.so" to ""
[2.328s] -- Up-to-date: /home/triton_07/Documents/framRobot/S1_G2_Machillot_Dridi/tello_ws/install/tello_interfaces/share/tello_interfaces/environment/pythonpath.sh
[2.328s] -- Installing: /home/triton_07/Documents/framRobot/S1_G2_Machillot_Dridi/tello_ws/install/tello_interfaces/share/tello_interfaces/environment/pythonpath.dsv
[2.328s] -- Up-to-date: /home/triton_07/Documents/framRobot/S1_G2_Machillot_Dridi/tello_ws/install/tello_interfaces/local/lib/python3.10/dist-packages/tello_interfaces-0.0.0-py3.10.egg-info
[2.328s] -- Installing: /home/triton_07/Documents/framRobot/S1_G2_Machillot_Dridi/tello_ws/install/tello_interfaces/local/lib/python3.10/dist-packages/tello_interfaces-0.0.0-py3.10.egg-info/top_level.txt
[2.328s] -- Installing: /home/triton_07/Documents/framRobot/S1_G2_Machillot_Dridi/tello_ws/install/tello_interfaces/local/lib/python3.10/dist-packages/tello_interfaces-0.0.0-py3.10.egg-info/PKG-INFO
[2.328s] -- Installing: /home/triton_07/Documents/framRobot/S1_G2_Machillot_Dridi/tello_ws/install/tello_interfaces/local/lib/python3.10/dist-packages/tello_interfaces-0.0.0-py3.10.egg-info/SOURCES.txt
[2.328s] -- Installing: /home/triton_07/Documents/framRobot/S1_G2_Machillot_Dridi/tello_ws/install/tello_interfaces/local/lib/python3.10/dist-packages/tello_interfaces-0.0.0-py3.10.egg-info/dependency_links.txt
[2.328s] -- Up-to-date: /home/triton_07/Documents/framRobot/S1_G2_Machillot_Dridi/tello_ws/install/tello_interfaces/local/lib/python3.10/dist-packages/tello_interfaces
[2.328s] -- Installing: /home/triton_07/Documents/framRobot/S1_G2_Machillot_Dridi/tello_ws/install/tello_interfaces/local/lib/python3.10/dist-packages/tello_interfaces/tello_interfaces_s__rosidl_typesupport_c.cpython-310-x86_64-linux-gnu.so
[2.328s] -- Installing: /home/triton_07/Documents/framRobot/S1_G2_Machillot_Dridi/tello_ws/install/tello_interfaces/local/lib/python3.10/dist-packages/tello_interfaces/tello_interfaces_s__rosidl_typesupport_fastrtps_c.cpython-310-x86_64-linux-gnu.so
[2.328s] -- Up-to-date: /home/triton_07/Documents/framRobot/S1_G2_Machillot_Dridi/tello_ws/install/tello_interfaces/local/lib/python3.10/dist-packages/tello_interfaces/msg
[2.328s] -- Installing: /home/triton_07/Documents/framRobot/S1_G2_Machillot_Dridi/tello_ws/install/tello_interfaces/local/lib/python3.10/dist-packages/tello_interfaces/msg/__init__.py
[2.328s] -- Installing: /home/triton_07/Documents/framRobot/S1_G2_Machillot_Dridi/tello_ws/install/tello_interfaces/local/lib/python3.10/dist-packages/tello_interfaces/msg/_coord.py
[2.328s] -- Installing: /home/triton_07/Documents/framRobot/S1_G2_Machillot_Dridi/tello_ws/install/tello_interfaces/local/lib/python3.10/dist-packages/tello_interfaces/msg/_coord_s.c
[2.329s] -- Up-to-date: /home/triton_07/Documents/framRobot/S1_G2_Machillot_Dridi/tello_ws/install/tello_interfaces/local/lib/python3.10/dist-packages/tello_interfaces/srv
[2.329s] -- Installing: /home/triton_07/Documents/framRobot/S1_G2_Machillot_Dridi/tello_ws/install/tello_interfaces/local/lib/python3.10/dist-packages/tello_interfaces/srv/_drone_mode.py
[2.329s] -- Installing: /home/triton_07/Documents/framRobot/S1_G2_Machillot_Dridi/tello_ws/install/tello_interfaces/local/lib/python3.10/dist-packages/tello_interfaces/srv/__init__.py
[2.329s] -- Installing: /home/triton_07/Documents/framRobot/S1_G2_Machillot_Dridi/tello_ws/install/tello_interfaces/local/lib/python3.10/dist-packages/tello_interfaces/srv/_drone_mode_s.c
[2.329s] -- Installing: /home/triton_07/Documents/framRobot/S1_G2_Machillot_Dridi/tello_ws/install/tello_interfaces/local/lib/python3.10/dist-packages/tello_interfaces/__init__.py
[2.329s] -- Installing: /home/triton_07/Documents/framRobot/S1_G2_Machillot_Dridi/tello_ws/install/tello_interfaces/local/lib/python3.10/dist-packages/tello_interfaces/tello_interfaces_s__rosidl_typesupport_introspection_c.cpython-310-x86_64-linux-gnu.so
[2.329s] -- Installing: /home/triton_07/Documents/framRobot/S1_G2_Machillot_Dridi/tello_ws/install/tello_interfaces/local/lib/python3.10/dist-packages/tello_interfaces/_tello_interfaces_s.ep.rosidl_typesupport_fastrtps_c.c
[2.329s] -- Installing: /home/triton_07/Documents/framRobot/S1_G2_Machillot_Dridi/tello_ws/install/tello_interfaces/local/lib/python3.10/dist-packages/tello_interfaces/libtello_interfaces__rosidl_generator_py.so
[2.329s] -- Installing: /home/triton_07/Documents/framRobot/S1_G2_Machillot_Dridi/tello_ws/install/tello_interfaces/local/lib/python3.10/dist-packages/tello_interfaces/_tello_interfaces_s.ep.rosidl_typesupport_c.c
[2.329s] -- Installing: /home/triton_07/Documents/framRobot/S1_G2_Machillot_Dridi/tello_ws/install/tello_interfaces/local/lib/python3.10/dist-packages/tello_interfaces/_tello_interfaces_s.ep.rosidl_typesupport_introspection_c.c
[2.356s] Listing '/home/triton_07/Documents/framRobot/S1_G2_Machillot_Dridi/tello_ws/install/tello_interfaces/local/lib/python3.10/dist-packages/tello_interfaces'...
[2.356s] Compiling '/home/triton_07/Documents/framRobot/S1_G2_Machillot_Dridi/tello_ws/install/tello_interfaces/local/lib/python3.10/dist-packages/tello_interfaces/__init__.py'...
[2.356s] Listing '/home/triton_07/Documents/framRobot/S1_G2_Machillot_Dridi/tello_ws/install/tello_interfaces/local/lib/python3.10/dist-packages/tello_interfaces/msg'...
[2.356s] Compiling '/home/triton_07/Documents/framRobot/S1_G2_Machillot_Dridi/tello_ws/install/tello_interfaces/local/lib/python3.10/dist-packages/tello_interfaces/msg/__init__.py'...
[2.356s] Compiling '/home/triton_07/Documents/framRobot/S1_G2_Machillot_Dridi/tello_ws/install/tello_interfaces/local/lib/python3.10/dist-packages/tello_interfaces/msg/_coord.py'...
[2.357s] Listing '/home/triton_07/Documents/framRobot/S1_G2_Machillot_Dridi/tello_ws/install/tello_interfaces/local/lib/python3.10/dist-packages/tello_interfaces/srv'...
[2.357s] Compiling '/home/triton_07/Documents/framRobot/S1_G2_Machillot_Dridi/tello_ws/install/tello_interfaces/local/lib/python3.10/dist-packages/tello_interfaces/srv/__init__.py'...
[2.357s] Compiling '/home/triton_07/Documents/framRobot/S1_G2_Machillot_Dridi/tello_ws/install/tello_interfaces/local/lib/python3.10/dist-packages/tello_interfaces/srv/_drone_mode.py'...
[2.359s] -- Installing: /home/triton_07/Documents/framRobot/S1_G2_Machillot_Dridi/tello_ws/install/tello_interfaces/local/lib/python3.10/dist-packages/tello_interfaces/tello_interfaces_s__rosidl_typesupport_fastrtps_c.cpython-310-x86_64-linux-gnu.so
[2.359s] -- Set runtime path of "/home/triton_07/Documents/framRobot/S1_G2_Machillot_Dridi/tello_ws/install/tello_interfaces/local/lib/python3.10/dist-packages/tello_interfaces/tello_interfaces_s__rosidl_typesupport_fastrtps_c.cpython-310-x86_64-linux-gnu.so" to ""
[2.360s] -- Installing: /home/triton_07/Documents/framRobot/S1_G2_Machillot_Dridi/tello_ws/install/tello_interfaces/local/lib/python3.10/dist-packages/tello_interfaces/tello_interfaces_s__rosidl_typesupport_introspection_c.cpython-310-x86_64-linux-gnu.so
[2.360s] -- Set runtime path of "/home/triton_07/Documents/framRobot/S1_G2_Machillot_Dridi/tello_ws/install/tello_interfaces/local/lib/python3.10/dist-packages/tello_interfaces/tello_interfaces_s__rosidl_typesupport_introspection_c.cpython-310-x86_64-linux-gnu.so" to ""
[2.360s] -- Installing: /home/triton_07/Documents/framRobot/S1_G2_Machillot_Dridi/tello_ws/install/tello_interfaces/local/lib/python3.10/dist-packages/tello_interfaces/tello_interfaces_s__rosidl_typesupport_c.cpython-310-x86_64-linux-gnu.so
[2.360s] -- Set runtime path of "/home/triton_07/Documents/framRobot/S1_G2_Machillot_Dridi/tello_ws/install/tello_interfaces/local/lib/python3.10/dist-packages/tello_interfaces/tello_interfaces_s__rosidl_typesupport_c.cpython-310-x86_64-linux-gnu.so" to ""
[2.360s] -- Installing: /home/triton_07/Documents/framRobot/S1_G2_Machillot_Dridi/tello_ws/install/tello_interfaces/lib/libtello_interfaces__rosidl_generator_py.so
[2.360s] -- Set runtime path of "/home/triton_07/Documents/framRobot/S1_G2_Machillot_Dridi/tello_ws/install/tello_interfaces/lib/libtello_interfaces__rosidl_generator_py.so" to ""
[2.360s] -- Up-to-date: /home/triton_07/Documents/framRobot/S1_G2_Machillot_Dridi/tello_ws/install/tello_interfaces/share/tello_interfaces/srv/DroneMode.idl
[2.361s] -- Installing: /home/triton_07/Documents/framRobot/S1_G2_Machillot_Dridi/tello_ws/install/tello_interfaces/share/tello_interfaces/msg/Coord.idl
[2.361s] -- Up-to-date: /home/triton_07/Documents/framRobot/S1_G2_Machillot_Dridi/tello_ws/install/tello_interfaces/share/tello_interfaces/srv/DroneMode.srv
[2.361s] -- Up-to-date: /home/triton_07/Documents/framRobot/S1_G2_Machillot_Dridi/tello_ws/install/tello_interfaces/share/tello_interfaces/srv/DroneMode_Request.msg
[2.361s] -- Up-to-date: /home/triton_07/Documents/framRobot/S1_G2_Machillot_Dridi/tello_ws/install/tello_interfaces/share/tello_interfaces/srv/DroneMode_Response.msg
[2.361s] -- Installing: /home/triton_07/Documents/framRobot/S1_G2_Machillot_Dridi/tello_ws/install/tello_interfaces/share/tello_interfaces/msg/Coord.msg
[2.361s] -- Up-to-date: /home/triton_07/Documents/framRobot/S1_G2_Machillot_Dridi/tello_ws/install/tello_interfaces/share/ament_index/resource_index/package_run_dependencies/tello_interfaces
[2.361s] -- Up-to-date: /home/triton_07/Documents/framRobot/S1_G2_Machillot_Dridi/tello_ws/install/tello_interfaces/share/ament_index/resource_index/parent_prefix_path/tello_interfaces
[2.361s] -- Up-to-date: /home/triton_07/Documents/framRobot/S1_G2_Machillot_Dridi/tello_ws/install/tello_interfaces/share/tello_interfaces/environment/ament_prefix_path.sh
[2.361s] -- Installing: /home/triton_07/Documents/framRobot/S1_G2_Machillot_Dridi/tello_ws/install/tello_interfaces/share/tello_interfaces/environment/ament_prefix_path.dsv
[2.361s] -- Up-to-date: /home/triton_07/Documents/framRobot/S1_G2_Machillot_Dridi/tello_ws/install/tello_interfaces/share/tello_interfaces/environment/path.sh
[2.362s] -- Installing: /home/triton_07/Documents/framRobot/S1_G2_Machillot_Dridi/tello_ws/install/tello_interfaces/share/tello_interfaces/environment/path.dsv
[2.362s] -- Up-to-date: /home/triton_07/Documents/framRobot/S1_G2_Machillot_Dridi/tello_ws/install/tello_interfaces/share/tello_interfaces/local_setup.bash
[2.362s] -- Up-to-date: /home/triton_07/Documents/framRobot/S1_G2_Machillot_Dridi/tello_ws/install/tello_interfaces/share/tello_interfaces/local_setup.sh
[2.362s] -- Up-to-date: /home/triton_07/Documents/framRobot/S1_G2_Machillot_Dridi/tello_ws/install/tello_interfaces/share/tello_interfaces/local_setup.zsh
[2.362s] -- Installing: /home/triton_07/Documents/framRobot/S1_G2_Machillot_Dridi/tello_ws/install/tello_interfaces/share/tello_interfaces/local_setup.dsv
[2.362s] -- Installing: /home/triton_07/Documents/framRobot/S1_G2_Machillot_Dridi/tello_ws/install/tello_interfaces/share/tello_interfaces/package.dsv
[2.362s] -- Up-to-date: /home/triton_07/Documents/framRobot/S1_G2_Machillot_Dridi/tello_ws/install/tello_interfaces/share/ament_index/resource_index/packages/tello_interfaces
[2.362s] -- Up-to-date: /home/triton_07/Documents/framRobot/S1_G2_Machillot_Dridi/tello_ws/install/tello_interfaces/share/tello_interfaces/cmake/export_tello_interfaces__rosidl_generator_cExport.cmake
[2.362s] -- Up-to-date: /home/triton_07/Documents/framRobot/S1_G2_Machillot_Dridi/tello_ws/install/tello_interfaces/share/tello_interfaces/cmake/export_tello_interfaces__rosidl_generator_cExport-noconfig.cmake
[2.362s] -- Up-to-date: /home/triton_07/Documents/framRobot/S1_G2_Machillot_Dridi/tello_ws/install/tello_interfaces/share/tello_interfaces/cmake/export_tello_interfaces__rosidl_typesupport_fastrtps_cExport.cmake
[2.363s] -- Up-to-date: /home/triton_07/Documents/framRobot/S1_G2_Machillot_Dridi/tello_ws/install/tello_interfaces/share/tello_interfaces/cmake/export_tello_interfaces__rosidl_typesupport_fastrtps_cExport-noconfig.cmake
[2.363s] -- Up-to-date: /home/triton_07/Documents/framRobot/S1_G2_Machillot_Dridi/tello_ws/install/tello_interfaces/share/tello_interfaces/cmake/tello_interfaces__rosidl_typesupport_introspection_cExport.cmake
[2.363s] -- Up-to-date: /home/triton_07/Documents/framRobot/S1_G2_Machillot_Dridi/tello_ws/install/tello_interfaces/share/tello_interfaces/cmake/tello_interfaces__rosidl_typesupport_introspection_cExport-noconfig.cmake
[2.363s] -- Up-to-date: /home/triton_07/Documents/framRobot/S1_G2_Machillot_Dridi/tello_ws/install/tello_interfaces/share/tello_interfaces/cmake/tello_interfaces__rosidl_typesupport_cExport.cmake
[2.363s] -- Up-to-date: /home/triton_07/Documents/framRobot/S1_G2_Machillot_Dridi/tello_ws/install/tello_interfaces/share/tello_interfaces/cmake/tello_interfaces__rosidl_typesupport_cExport-noconfig.cmake
[2.363s] -- Up-to-date: /home/triton_07/Documents/framRobot/S1_G2_Machillot_Dridi/tello_ws/install/tello_interfaces/share/tello_interfaces/cmake/export_tello_interfaces__rosidl_generator_cppExport.cmake
[2.363s] -- Up-to-date: /home/triton_07/Documents/framRobot/S1_G2_Machillot_Dridi/tello_ws/install/tello_interfaces/share/tello_interfaces/cmake/export_tello_interfaces__rosidl_typesupport_fastrtps_cppExport.cmake
[2.363s] -- Up-to-date: /home/triton_07/Documents/framRobot/S1_G2_Machillot_Dridi/tello_ws/install/tello_interfaces/share/tello_interfaces/cmake/export_tello_interfaces__rosidl_typesupport_fastrtps_cppExport-noconfig.cmake
[2.363s] -- Up-to-date: /home/triton_07/Documents/framRobot/S1_G2_Machillot_Dridi/tello_ws/install/tello_interfaces/share/tello_interfaces/cmake/tello_interfaces__rosidl_typesupport_introspection_cppExport.cmake
[2.363s] -- Up-to-date: /home/triton_07/Documents/framRobot/S1_G2_Machillot_Dridi/tello_ws/install/tello_interfaces/share/tello_interfaces/cmake/tello_interfaces__rosidl_typesupport_introspection_cppExport-noconfig.cmake
[2.363s] -- Up-to-date: /home/triton_07/Documents/framRobot/S1_G2_Machillot_Dridi/tello_ws/install/tello_interfaces/share/tello_interfaces/cmake/tello_interfaces__rosidl_typesupport_cppExport.cmake
[2.364s] -- Up-to-date: /home/triton_07/Documents/framRobot/S1_G2_Machillot_Dridi/tello_ws/install/tello_interfaces/share/tello_interfaces/cmake/tello_interfaces__rosidl_typesupport_cppExport-noconfig.cmake
[2.364s] -- Up-to-date: /home/triton_07/Documents/framRobot/S1_G2_Machillot_Dridi/tello_ws/install/tello_interfaces/share/tello_interfaces/cmake/export_tello_interfaces__rosidl_generator_pyExport.cmake
[2.364s] -- Up-to-date: /home/triton_07/Documents/framRobot/S1_G2_Machillot_Dridi/tello_ws/install/tello_interfaces/share/tello_interfaces/cmake/export_tello_interfaces__rosidl_generator_pyExport-noconfig.cmake
[2.364s] -- Up-to-date: /home/triton_07/Documents/framRobot/S1_G2_Machillot_Dridi/tello_ws/install/tello_interfaces/share/tello_interfaces/cmake/rosidl_cmake-extras.cmake
[2.364s] -- Up-to-date: /home/triton_07/Documents/framRobot/S1_G2_Machillot_Dridi/tello_ws/install/tello_interfaces/share/tello_interfaces/cmake/ament_cmake_export_include_directories-extras.cmake
[2.365s] -- Up-to-date: /home/triton_07/Documents/framRobot/S1_G2_Machillot_Dridi/tello_ws/install/tello_interfaces/share/tello_interfaces/cmake/ament_cmake_export_libraries-extras.cmake
[2.365s] -- Up-to-date: /home/triton_07/Documents/framRobot/S1_G2_Machillot_Dridi/tello_ws/install/tello_interfaces/share/tello_interfaces/cmake/ament_cmake_export_targets-extras.cmake
[2.365s] -- Up-to-date: /home/triton_07/Documents/framRobot/S1_G2_Machillot_Dridi/tello_ws/install/tello_interfaces/share/tello_interfaces/cmake/rosidl_cmake_export_typesupport_targets-extras.cmake
[2.365s] -- Up-to-date: /home/triton_07/Documents/framRobot/S1_G2_Machillot_Dridi/tello_ws/install/tello_interfaces/share/tello_interfaces/cmake/ament_cmake_export_dependencies-extras.cmake
[2.366s] -- Up-to-date: /home/triton_07/Documents/framRobot/S1_G2_Machillot_Dridi/tello_ws/install/tello_interfaces/share/tello_interfaces/cmake/rosidl_cmake_export_typesupport_libraries-extras.cmake
[2.366s] -- Up-to-date: /home/triton_07/Documents/framRobot/S1_G2_Machillot_Dridi/tello_ws/install/tello_interfaces/share/tello_interfaces/cmake/tello_interfacesConfig.cmake
[2.366s] -- Up-to-date: /home/triton_07/Documents/framRobot/S1_G2_Machillot_Dridi/tello_ws/install/tello_interfaces/share/tello_interfaces/cmake/tello_interfacesConfig-version.cmake
[2.366s] -- Up-to-date: /home/triton_07/Documents/framRobot/S1_G2_Machillot_Dridi/tello_ws/install/tello_interfaces/share/tello_interfaces/package.xml
[2.367s] Invoked command in '/home/triton_07/Documents/framRobot/S1_G2_Machillot_Dridi/tello_ws/build/tello_interfaces' returned '0': CMAKE_PREFIX_PATH=${CMAKE_PREFIX_PATH}:/home/triton_07/Documents/framRobot/S1_G2_Machillot_Dridi/tello_ws/install/pypackage:/home/triton_07/Documents/framRobot/S1_G2_Machillot_Dridi/tello_ws/install/tello:/opt/ros/humble /usr/bin/cmake --install /home/triton_07/Documents/framRobot/S1_G2_Machillot_Dridi/tello_ws/build/tello_interfaces
