[0.009s] Invoking command in '/home/triton_07/Documents/framRobot/S1_G2_Machillot_Dridi/tello_ws/build/tello_interfaces': CMAKE_PREFIX_PATH=${CMAKE_PREFIX_PATH}:/home/triton_07/Documents/framRobot/S1_G2_Machillot_Dridi/tello_ws/install/pypackage:/home/triton_07/Documents/framRobot/S1_G2_Machillot_Dridi/tello_ws/install/tello:/opt/ros/humble /usr/bin/cmake /home/triton_07/Documents/framRobot/S1_G2_Machillot_Dridi/tello_ws/src/tello_interfaces -DCMAKE_INSTALL_PREFIX=/home/triton_07/Documents/framRobot/S1_G2_Machillot_Dridi/tello_ws/install/tello_interfaces
[0.043s] -- The C compiler identification is GNU 11.4.0
[0.078s] -- The CXX compiler identification is GNU 11.4.0
[0.082s] -- Detecting C compiler ABI info
[0.125s] -- Detecting C compiler ABI info - done
[0.130s] -- Check for working C compiler: /usr/bin/cc - skipped
[0.131s] -- Detecting C compile features
[0.131s] -- Detecting C compile features - done
[0.133s] -- Detecting CXX compiler ABI info
[0.189s] -- Detecting CXX compiler ABI info - done
[0.197s] -- Check for working CXX compiler: /usr/bin/c++ - skipped
[0.197s] -- Detecting CXX compile features
[0.197s] -- Detecting CXX compile features - done
[0.199s] -- Found ament_cmake: 1.3.3 (/opt/ros/humble/share/ament_cmake/cmake)
[0.322s] -- Found Python3: /usr/bin/python3.10 (found version "3.10.12") found components: Interpreter 
[0.378s] -- Found rosidl_default_generators: 1.2.0 (/opt/ros/humble/share/rosidl_default_generators/cmake)
[0.380s] -- Using all available rosidl_typesupport_c: rosidl_typesupport_fastrtps_c;rosidl_typesupport_introspection_c
[0.383s] -- Found rosidl_adapter: 3.1.4 (/opt/ros/humble/share/rosidl_adapter/cmake)
[0.409s] -- Using all available rosidl_typesupport_cpp: rosidl_typesupport_fastrtps_cpp;rosidl_typesupport_introspection_cpp
[0.556s] [31mCMake Error at /opt/ros/humble/share/rosidl_adapter/cmake/rosidl_adapt_interfaces.cmake:59 (message):
[0.556s]   execute_process(/usr/bin/python3.10 -m rosidl_adapter --package-name
[0.556s]   tello_interfaces --arguments-file
[0.556s]   /home/triton_07/Documents/framRobot/S1_G2_Machillot_Dridi/tello_ws/build/tello_interfaces/rosidl_adapter__arguments__tello_interfaces.json
[0.556s]   --output-dir
[0.556s]   /home/triton_07/Documents/framRobot/S1_G2_Machillot_Dridi/tello_ws/build/tello_interfaces/rosidl_adapter/tello_interfaces
[0.556s]   --output-file
[0.556s]   /home/triton_07/Documents/framRobot/S1_G2_Machillot_Dridi/tello_ws/build/tello_interfaces/rosidl_adapter/tello_interfaces.idls)
[0.556s]   returned error code 1:
[0.556s] 
[0.556s]   Traceback (most recent call last):
[0.556s] 
[0.556s]     File "/usr/lib/python3.10/runpy.py", line 196, in _run_module_as_main
[0.556s]       return _run_code(code, main_globals, None,
[0.556s]     File "/usr/lib/python3.10/runpy.py", line 86, in _run_code
[0.556s]       exec(code, run_globals)
[0.556s]     File "/opt/ros/humble/local/lib/python3.10/dist-packages/rosidl_adapter/__main__.py", line 19, in <module>
[0.556s]       sys.exit(main())
[0.557s]     File "/opt/ros/humble/local/lib/python3.10/dist-packages/rosidl_adapter/main.py", line 53, in main
[0.557s]       abs_idl_file = convert_to_idl(
[0.557s]     File "/opt/ros/humble/local/lib/python3.10/dist-packages/rosidl_adapter/__init__.py", line 19, in convert_to_idl
[0.557s]       return convert_msg_to_idl(
[0.557s]     File "/opt/ros/humble/local/lib/python3.10/dist-packages/rosidl_adapter/msg/__init__.py", line 28, in convert_msg_to_idl
[0.557s]       msg = parse_message_string(package_name, input_file.stem, content)
[0.557s]     File "/opt/ros/humble/local/lib/python3.10/dist-packages/rosidl_adapter/parser.py", line 544, in parse_message_string
[0.557s]       msg = MessageSpecification(pkg_name, msg_name, fields, constants)
[0.557s]     File "/opt/ros/humble/local/lib/python3.10/dist-packages/rosidl_adapter/parser.py", line 388, in __init__
[0.557s]       self.base_type = BaseType(
[0.557s]     File "/opt/ros/humble/local/lib/python3.10/dist-packages/rosidl_adapter/parser.py", line 205, in __init__
[0.557s]       raise InvalidResourceName(
[0.557s] 
[0.557s]   rosidl_adapter.parser.InvalidResourceName: 'coord' is an invalid message
[0.557s]   name.  It should have the pattern '^[A-Z][A-Za-z0-9]*$'
[0.557s] 
[0.557s] Call Stack (most recent call first):
[0.557s]   /opt/ros/humble/share/rosidl_cmake/cmake/rosidl_generate_interfaces.cmake:130 (rosidl_adapt_interfaces)
[0.557s]   CMakeLists.txt:12 (rosidl_generate_interfaces)
[0.557s] 
[0.557s] [0m
[0.557s] -- Configuring incomplete, errors occurred!
[0.557s] See also "/home/triton_07/Documents/framRobot/S1_G2_Machillot_Dridi/tello_ws/build/tello_interfaces/CMakeFiles/CMakeOutput.log".
[0.560s] Invoked command in '/home/triton_07/Documents/framRobot/S1_G2_Machillot_Dridi/tello_ws/build/tello_interfaces' returned '1': CMAKE_PREFIX_PATH=${CMAKE_PREFIX_PATH}:/home/triton_07/Documents/framRobot/S1_G2_Machillot_Dridi/tello_ws/install/pypackage:/home/triton_07/Documents/framRobot/S1_G2_Machillot_Dridi/tello_ws/install/tello:/opt/ros/humble /usr/bin/cmake /home/triton_07/Documents/framRobot/S1_G2_Machillot_Dridi/tello_ws/src/tello_interfaces -DCMAKE_INSTALL_PREFIX=/home/triton_07/Documents/framRobot/S1_G2_Machillot_Dridi/tello_ws/install/tello_interfaces
