[0.010s] Invoking command in '/home/triton_07/Documents/framRobot/S1_G2_Machillot_Dridi/tello_ws/build/tello_interfaces': CMAKE_PREFIX_PATH=${CMAKE_PREFIX_PATH}:/home/triton_07/Documents/framRobot/S1_G2_Machillot_Dridi/tello_ws/install/pypackage:/home/triton_07/Documents/framRobot/S1_G2_Machillot_Dridi/tello_ws/install/tello:/opt/ros/humble /usr/bin/cmake /home/triton_07/Documents/framRobot/S1_G2_Machillot_Dridi/tello_ws/src/tello_interfaces -DCMAKE_INSTALL_PREFIX=/home/triton_07/Documents/framRobot/S1_G2_Machillot_Dridi/tello_ws/install/tello_interfaces
[0.017s] -- Found ament_cmake: 1.3.3 (/opt/ros/humble/share/ament_cmake/cmake)
[0.116s] -- Found rosidl_default_generators: 1.2.0 (/opt/ros/humble/share/rosidl_default_generators/cmake)
[0.117s] -- Using all available rosidl_typesupport_c: rosidl_typesupport_fastrtps_c;rosidl_typesupport_introspection_c
[0.119s] -- Found rosidl_adapter: 3.1.4 (/opt/ros/humble/share/rosidl_adapter/cmake)
[0.141s] -- Using all available rosidl_typesupport_cpp: rosidl_typesupport_fastrtps_cpp;rosidl_typesupport_introspection_cpp
[0.325s] -- Found ament_cmake_ros: 0.10.0 (/opt/ros/humble/share/ament_cmake_ros/cmake)
[0.447s] -- Using all available rosidl_typesupport_c: rosidl_typesupport_fastrtps_c;rosidl_typesupport_introspection_c
[0.614s] -- Using all available rosidl_typesupport_cpp: rosidl_typesupport_fastrtps_cpp;rosidl_typesupport_introspection_cpp
[0.630s] -- Found PythonInterp: /usr/bin/python3 (found suitable version "3.10.12", minimum required is "3.6") 
[0.631s] -- Found python_cmake_module: 0.10.0 (/opt/ros/humble/share/python_cmake_module/cmake)
[0.650s] -- Found PythonLibs: /usr/lib/x86_64-linux-gnu/libpython3.10.so (found suitable version "3.10.12", minimum required is "3.5") 
[0.650s] -- Using PYTHON_EXECUTABLE: /usr/bin/python3
[0.650s] -- Using PYTHON_INCLUDE_DIRS: /usr/include/python3.10
[0.650s] -- Using PYTHON_LIBRARIES: /usr/lib/x86_64-linux-gnu/libpython3.10.so
[0.665s] -- Found PythonExtra: .so  
[0.689s] -- Found ament_lint_auto: 0.12.5 (/opt/ros/humble/share/ament_lint_auto/cmake)
[0.700s] -- Added test 'lint_cmake' to check CMake code style
[0.701s] -- Added test 'xmllint' to check XML markup files
[0.703s] -- Configuring done
[0.720s] -- Generating done
[0.723s] -- Build files have been written to: /home/triton_07/Documents/framRobot/S1_G2_Machillot_Dridi/tello_ws/build/tello_interfaces
[0.728s] Invoked command in '/home/triton_07/Documents/framRobot/S1_G2_Machillot_Dridi/tello_ws/build/tello_interfaces' returned '0': CMAKE_PREFIX_PATH=${CMAKE_PREFIX_PATH}:/home/triton_07/Documents/framRobot/S1_G2_Machillot_Dridi/tello_ws/install/pypackage:/home/triton_07/Documents/framRobot/S1_G2_Machillot_Dridi/tello_ws/install/tello:/opt/ros/humble /usr/bin/cmake /home/triton_07/Documents/framRobot/S1_G2_Machillot_Dridi/tello_ws/src/tello_interfaces -DCMAKE_INSTALL_PREFIX=/home/triton_07/Documents/framRobot/S1_G2_Machillot_Dridi/tello_ws/install/tello_interfaces
[0.729s] Invoking command in '/home/triton_07/Documents/framRobot/S1_G2_Machillot_Dridi/tello_ws/build/tello_interfaces': CMAKE_PREFIX_PATH=${CMAKE_PREFIX_PATH}:/home/triton_07/Documents/framRobot/S1_G2_Machillot_Dridi/tello_ws/install/pypackage:/home/triton_07/Documents/framRobot/S1_G2_Machillot_Dridi/tello_ws/install/tello:/opt/ros/humble /usr/bin/cmake --build /home/triton_07/Documents/framRobot/S1_G2_Machillot_Dridi/tello_ws/build/tello_interfaces -- -j16 -l16
[0.752s] [  3%] [34m[1mGenerating C code for ROS interfaces[0m
[0.759s] [  6%] [34m[1mGenerating C++ code for ROS interfaces[0m
[0.764s] [  6%] Built target ament_cmake_python_copy_tello_interfaces
[0.964s] [  6%] Built target tello_interfaces__cpp
[0.968s] [  9%] [32mBuilding C object CMakeFiles/tello_interfaces__rosidl_generator_c.dir/rosidl_generator_c/tello_interfaces/srv/detail/drone_mode__functions.c.o[0m
[0.971s] [ 16%] [34m[1mGenerating C++ introspection for ROS interfaces[0m
[0.971s] [ 16%] [34m[1mGenerating C++ type support dispatch for ROS interfaces[0m
[0.971s] [ 19%] [34m[1mGenerating C++ type support for eProsima Fast-RTPS[0m
[0.984s] running egg_info
[0.985s] creating tello_interfaces.egg-info
[0.985s] writing tello_interfaces.egg-info/PKG-INFO
[0.985s] writing dependency_links to tello_interfaces.egg-info/dependency_links.txt
[0.986s] writing top-level names to tello_interfaces.egg-info/top_level.txt
[0.986s] writing manifest file 'tello_interfaces.egg-info/SOURCES.txt'
[0.987s] reading manifest file 'tello_interfaces.egg-info/SOURCES.txt'
[0.988s] writing manifest file 'tello_interfaces.egg-info/SOURCES.txt'
[1.008s] [ 22%] [32m[1mLinking C shared library libtello_interfaces__rosidl_generator_c.so[0m
[1.009s] [ 22%] Built target ament_cmake_python_build_tello_interfaces_egg
[1.034s] [ 22%] Built target tello_interfaces__rosidl_generator_c
[1.041s] [ 32%] [34m[1mGenerating C type support for eProsima Fast-RTPS[0m
[1.041s] [ 32%] [34m[1mGenerating C type support dispatch for ROS interfaces[0m
[1.041s] [ 32%] [34m[1mGenerating C introspection for ROS interfaces[0m
[1.155s] [ 35%] [32mBuilding CXX object CMakeFiles/tello_interfaces__rosidl_typesupport_cpp.dir/rosidl_typesupport_cpp/tello_interfaces/srv/drone_mode__type_support.cpp.o[0m
[1.174s] [ 38%] [32mBuilding CXX object CMakeFiles/tello_interfaces__rosidl_typesupport_introspection_cpp.dir/rosidl_typesupport_introspection_cpp/tello_interfaces/srv/detail/drone_mode__type_support.cpp.o[0m
[1.183s] [ 41%] [32mBuilding CXX object CMakeFiles/tello_interfaces__rosidl_typesupport_fastrtps_cpp.dir/rosidl_typesupport_fastrtps_cpp/tello_interfaces/srv/detail/dds_fastrtps/drone_mode__type_support.cpp.o[0m
[1.225s] [ 45%] [32mBuilding CXX object CMakeFiles/tello_interfaces__rosidl_typesupport_c.dir/rosidl_typesupport_c/tello_interfaces/srv/drone_mode__type_support.cpp.o[0m
[1.251s] [ 48%] [32mBuilding C object CMakeFiles/tello_interfaces__rosidl_typesupport_introspection_c.dir/rosidl_typesupport_introspection_c/tello_interfaces/srv/detail/drone_mode__type_support.c.o[0m
[1.251s] [ 51%] [32mBuilding CXX object CMakeFiles/tello_interfaces__rosidl_typesupport_fastrtps_c.dir/rosidl_typesupport_fastrtps_c/tello_interfaces/srv/detail/drone_mode__type_support_c.cpp.o[0m
[1.251s] [ 54%] [32m[1mLinking CXX shared library libtello_interfaces__rosidl_typesupport_c.so[0m
[1.276s] [ 58%] [32m[1mLinking C shared library libtello_interfaces__rosidl_typesupport_introspection_c.so[0m
[1.281s] [ 58%] Built target tello_interfaces__rosidl_typesupport_c
[1.297s] [ 58%] Built target tello_interfaces__rosidl_typesupport_introspection_c
[1.356s] [ 61%] [32m[1mLinking CXX shared library libtello_interfaces__rosidl_typesupport_cpp.so[0m
[1.385s] [ 61%] Built target tello_interfaces__rosidl_typesupport_cpp
[1.453s] [ 64%] [32m[1mLinking CXX shared library libtello_interfaces__rosidl_typesupport_introspection_cpp.so[0m
[1.480s] [ 64%] Built target tello_interfaces__rosidl_typesupport_introspection_cpp
[1.482s] [ 67%] [32m[1mLinking CXX shared library libtello_interfaces__rosidl_typesupport_fastrtps_cpp.so[0m
[1.500s] [ 70%] [32m[1mLinking CXX shared library libtello_interfaces__rosidl_typesupport_fastrtps_c.so[0m
[1.531s] [ 70%] Built target tello_interfaces__rosidl_typesupport_fastrtps_cpp
[1.550s] [ 70%] Built target tello_interfaces__rosidl_typesupport_fastrtps_c
[1.562s] [ 70%] Built target tello_interfaces
[1.574s] [ 74%] [34m[1mGenerating Python code for ROS interfaces[0m
[1.835s] [ 74%] Built target tello_interfaces__py
[1.847s] [ 77%] [32mBuilding C object CMakeFiles/tello_interfaces__rosidl_generator_py.dir/rosidl_generator_py/tello_interfaces/srv/_drone_mode_s.c.o[0m
[1.915s] [ 80%] [32m[1mLinking C shared library rosidl_generator_py/tello_interfaces/libtello_interfaces__rosidl_generator_py.so[0m
[1.939s] [ 80%] Built target tello_interfaces__rosidl_generator_py
[1.953s] [ 87%] [32mBuilding C object CMakeFiles/tello_interfaces__rosidl_typesupport_fastrtps_c__pyext.dir/rosidl_generator_py/tello_interfaces/_tello_interfaces_s.ep.rosidl_typesupport_fastrtps_c.c.o[0m
[1.953s] [ 87%] [32mBuilding C object CMakeFiles/tello_interfaces__rosidl_typesupport_introspection_c__pyext.dir/rosidl_generator_py/tello_interfaces/_tello_interfaces_s.ep.rosidl_typesupport_introspection_c.c.o[0m
[1.953s] [ 90%] [32mBuilding C object CMakeFiles/tello_interfaces__rosidl_typesupport_c__pyext.dir/rosidl_generator_py/tello_interfaces/_tello_interfaces_s.ep.rosidl_typesupport_c.c.o[0m
[2.020s] [ 96%] [32m[1mLinking C shared library rosidl_generator_py/tello_interfaces/tello_interfaces_s__rosidl_typesupport_introspection_c.cpython-310-x86_64-linux-gnu.so[0m
[2.020s] [ 96%] [32m[1mLinking C shared library rosidl_generator_py/tello_interfaces/tello_interfaces_s__rosidl_typesupport_c.cpython-310-x86_64-linux-gnu.so[0m
[2.021s] [100%] [32m[1mLinking C shared library rosidl_generator_py/tello_interfaces/tello_interfaces_s__rosidl_typesupport_fastrtps_c.cpython-310-x86_64-linux-gnu.so[0m
[2.042s] [100%] Built target tello_interfaces__rosidl_typesupport_c__pyext
[2.042s] [100%] Built target tello_interfaces__rosidl_typesupport_introspection_c__pyext
[2.043s] [100%] Built target tello_interfaces__rosidl_typesupport_fastrtps_c__pyext
[2.051s] Invoked command in '/home/triton_07/Documents/framRobot/S1_G2_Machillot_Dridi/tello_ws/build/tello_interfaces' returned '0': CMAKE_PREFIX_PATH=${CMAKE_PREFIX_PATH}:/home/triton_07/Documents/framRobot/S1_G2_Machillot_Dridi/tello_ws/install/pypackage:/home/triton_07/Documents/framRobot/S1_G2_Machillot_Dridi/tello_ws/install/tello:/opt/ros/humble /usr/bin/cmake --build /home/triton_07/Documents/framRobot/S1_G2_Machillot_Dridi/tello_ws/build/tello_interfaces -- -j16 -l16
[2.091s] Invoking command in '/home/triton_07/Documents/framRobot/S1_G2_Machillot_Dridi/tello_ws/build/tello_interfaces': CMAKE_PREFIX_PATH=${CMAKE_PREFIX_PATH}:/home/triton_07/Documents/framRobot/S1_G2_Machillot_Dridi/tello_ws/install/pypackage:/home/triton_07/Documents/framRobot/S1_G2_Machillot_Dridi/tello_ws/install/tello:/opt/ros/humble /usr/bin/cmake --install /home/triton_07/Documents/framRobot/S1_G2_Machillot_Dridi/tello_ws/build/tello_interfaces
[2.096s] -- Install configuration: ""
[2.096s] -- Installing: /home/triton_07/Documents/framRobot/S1_G2_Machillot_Dridi/tello_ws/install/tello_interfaces/share/ament_index/resource_index/rosidl_interfaces/tello_interfaces
[2.096s] -- Installing: /home/triton_07/Documents/framRobot/S1_G2_Machillot_Dridi/tello_ws/install/tello_interfaces/include/tello_interfaces/tello_interfaces
[2.096s] -- Installing: /home/triton_07/Documents/framRobot/S1_G2_Machillot_Dridi/tello_ws/install/tello_interfaces/include/tello_interfaces/tello_interfaces/msg
[2.096s] -- Installing: /home/triton_07/Documents/framRobot/S1_G2_Machillot_Dridi/tello_ws/install/tello_interfaces/include/tello_interfaces/tello_interfaces/msg/rosidl_generator_c__visibility_control.h
[2.096s] -- Installing: /home/triton_07/Documents/framRobot/S1_G2_Machillot_Dridi/tello_ws/install/tello_interfaces/include/tello_interfaces/tello_interfaces/srv
[2.096s] -- Installing: /home/triton_07/Documents/framRobot/S1_G2_Machillot_Dridi/tello_ws/install/tello_interfaces/include/tello_interfaces/tello_interfaces/srv/drone_mode.h
[2.096s] -- Installing: /home/triton_07/Documents/framRobot/S1_G2_Machillot_Dridi/tello_ws/install/tello_interfaces/include/tello_interfaces/tello_interfaces/srv/detail
[2.096s] -- Installing: /home/triton_07/Documents/framRobot/S1_G2_Machillot_Dridi/tello_ws/install/tello_interfaces/include/tello_interfaces/tello_interfaces/srv/detail/drone_mode__functions.h
[2.096s] -- Installing: /home/triton_07/Documents/framRobot/S1_G2_Machillot_Dridi/tello_ws/install/tello_interfaces/include/tello_interfaces/tello_interfaces/srv/detail/drone_mode__functions.c
[2.096s] -- Installing: /home/triton_07/Documents/framRobot/S1_G2_Machillot_Dridi/tello_ws/install/tello_interfaces/include/tello_interfaces/tello_interfaces/srv/detail/drone_mode__struct.h
[2.096s] -- Installing: /home/triton_07/Documents/framRobot/S1_G2_Machillot_Dridi/tello_ws/install/tello_interfaces/include/tello_interfaces/tello_interfaces/srv/detail/drone_mode__type_support.h
[2.097s] -- Installing: /home/triton_07/Documents/framRobot/S1_G2_Machillot_Dridi/tello_ws/install/tello_interfaces/share/tello_interfaces/environment/library_path.sh
[2.097s] -- Installing: /home/triton_07/Documents/framRobot/S1_G2_Machillot_Dridi/tello_ws/install/tello_interfaces/share/tello_interfaces/environment/library_path.dsv
[2.097s] -- Installing: /home/triton_07/Documents/framRobot/S1_G2_Machillot_Dridi/tello_ws/install/tello_interfaces/lib/libtello_interfaces__rosidl_generator_c.so
[2.097s] -- Set runtime path of "/home/triton_07/Documents/framRobot/S1_G2_Machillot_Dridi/tello_ws/install/tello_interfaces/lib/libtello_interfaces__rosidl_generator_c.so" to ""
[2.097s] -- Up-to-date: /home/triton_07/Documents/framRobot/S1_G2_Machillot_Dridi/tello_ws/install/tello_interfaces/include/tello_interfaces/tello_interfaces
[2.097s] -- Up-to-date: /home/triton_07/Documents/framRobot/S1_G2_Machillot_Dridi/tello_ws/install/tello_interfaces/include/tello_interfaces/tello_interfaces/msg
[2.097s] -- Installing: /home/triton_07/Documents/framRobot/S1_G2_Machillot_Dridi/tello_ws/install/tello_interfaces/include/tello_interfaces/tello_interfaces/msg/rosidl_typesupport_fastrtps_c__visibility_control.h
[2.098s] -- Up-to-date: /home/triton_07/Documents/framRobot/S1_G2_Machillot_Dridi/tello_ws/install/tello_interfaces/include/tello_interfaces/tello_interfaces/srv
[2.098s] -- Up-to-date: /home/triton_07/Documents/framRobot/S1_G2_Machillot_Dridi/tello_ws/install/tello_interfaces/include/tello_interfaces/tello_interfaces/srv/detail
[2.098s] -- Installing: /home/triton_07/Documents/framRobot/S1_G2_Machillot_Dridi/tello_ws/install/tello_interfaces/include/tello_interfaces/tello_interfaces/srv/detail/drone_mode__rosidl_typesupport_fastrtps_c.h
[2.098s] -- Installing: /home/triton_07/Documents/framRobot/S1_G2_Machillot_Dridi/tello_ws/install/tello_interfaces/lib/libtello_interfaces__rosidl_typesupport_fastrtps_c.so
[2.098s] -- Set runtime path of "/home/triton_07/Documents/framRobot/S1_G2_Machillot_Dridi/tello_ws/install/tello_interfaces/lib/libtello_interfaces__rosidl_typesupport_fastrtps_c.so" to ""
[2.098s] -- Up-to-date: /home/triton_07/Documents/framRobot/S1_G2_Machillot_Dridi/tello_ws/install/tello_interfaces/include/tello_interfaces/tello_interfaces
[2.098s] -- Up-to-date: /home/triton_07/Documents/framRobot/S1_G2_Machillot_Dridi/tello_ws/install/tello_interfaces/include/tello_interfaces/tello_interfaces/msg
[2.098s] -- Installing: /home/triton_07/Documents/framRobot/S1_G2_Machillot_Dridi/tello_ws/install/tello_interfaces/include/tello_interfaces/tello_interfaces/msg/rosidl_typesupport_introspection_c__visibility_control.h
[2.098s] -- Up-to-date: /home/triton_07/Documents/framRobot/S1_G2_Machillot_Dridi/tello_ws/install/tello_interfaces/include/tello_interfaces/tello_interfaces/srv
[2.098s] -- Up-to-date: /home/triton_07/Documents/framRobot/S1_G2_Machillot_Dridi/tello_ws/install/tello_interfaces/include/tello_interfaces/tello_interfaces/srv/detail
[2.098s] -- Installing: /home/triton_07/Documents/framRobot/S1_G2_Machillot_Dridi/tello_ws/install/tello_interfaces/include/tello_interfaces/tello_interfaces/srv/detail/drone_mode__rosidl_typesupport_introspection_c.h
[2.098s] -- Installing: /home/triton_07/Documents/framRobot/S1_G2_Machillot_Dridi/tello_ws/install/tello_interfaces/include/tello_interfaces/tello_interfaces/srv/detail/drone_mode__type_support.c
[2.098s] -- Installing: /home/triton_07/Documents/framRobot/S1_G2_Machillot_Dridi/tello_ws/install/tello_interfaces/lib/libtello_interfaces__rosidl_typesupport_introspection_c.so
[2.098s] -- Set runtime path of "/home/triton_07/Documents/framRobot/S1_G2_Machillot_Dridi/tello_ws/install/tello_interfaces/lib/libtello_interfaces__rosidl_typesupport_introspection_c.so" to ""
[2.099s] -- Installing: /home/triton_07/Documents/framRobot/S1_G2_Machillot_Dridi/tello_ws/install/tello_interfaces/lib/libtello_interfaces__rosidl_typesupport_c.so
[2.099s] -- Set runtime path of "/home/triton_07/Documents/framRobot/S1_G2_Machillot_Dridi/tello_ws/install/tello_interfaces/lib/libtello_interfaces__rosidl_typesupport_c.so" to ""
[2.099s] -- Up-to-date: /home/triton_07/Documents/framRobot/S1_G2_Machillot_Dridi/tello_ws/install/tello_interfaces/include/tello_interfaces/tello_interfaces
[2.099s] -- Up-to-date: /home/triton_07/Documents/framRobot/S1_G2_Machillot_Dridi/tello_ws/install/tello_interfaces/include/tello_interfaces/tello_interfaces/srv
[2.099s] -- Up-to-date: /home/triton_07/Documents/framRobot/S1_G2_Machillot_Dridi/tello_ws/install/tello_interfaces/include/tello_interfaces/tello_interfaces/srv/detail
[2.099s] -- Installing: /home/triton_07/Documents/framRobot/S1_G2_Machillot_Dridi/tello_ws/install/tello_interfaces/include/tello_interfaces/tello_interfaces/srv/detail/drone_mode__traits.hpp
[2.099s] -- Installing: /home/triton_07/Documents/framRobot/S1_G2_Machillot_Dridi/tello_ws/install/tello_interfaces/include/tello_interfaces/tello_interfaces/srv/detail/drone_mode__builder.hpp
[2.099s] -- Installing: /home/triton_07/Documents/framRobot/S1_G2_Machillot_Dridi/tello_ws/install/tello_interfaces/include/tello_interfaces/tello_interfaces/srv/detail/drone_mode__struct.hpp
[2.099s] -- Installing: /home/triton_07/Documents/framRobot/S1_G2_Machillot_Dridi/tello_ws/install/tello_interfaces/include/tello_interfaces/tello_interfaces/srv/drone_mode.hpp
[2.099s] -- Up-to-date: /home/triton_07/Documents/framRobot/S1_G2_Machillot_Dridi/tello_ws/install/tello_interfaces/include/tello_interfaces/tello_interfaces
[2.099s] -- Up-to-date: /home/triton_07/Documents/framRobot/S1_G2_Machillot_Dridi/tello_ws/install/tello_interfaces/include/tello_interfaces/tello_interfaces/msg
[2.099s] -- Installing: /home/triton_07/Documents/framRobot/S1_G2_Machillot_Dridi/tello_ws/install/tello_interfaces/include/tello_interfaces/tello_interfaces/msg/rosidl_typesupport_fastrtps_cpp__visibility_control.h
[2.100s] -- Up-to-date: /home/triton_07/Documents/framRobot/S1_G2_Machillot_Dridi/tello_ws/install/tello_interfaces/include/tello_interfaces/tello_interfaces/srv
[2.100s] -- Up-to-date: /home/triton_07/Documents/framRobot/S1_G2_Machillot_Dridi/tello_ws/install/tello_interfaces/include/tello_interfaces/tello_interfaces/srv/detail
[2.100s] -- Installing: /home/triton_07/Documents/framRobot/S1_G2_Machillot_Dridi/tello_ws/install/tello_interfaces/include/tello_interfaces/tello_interfaces/srv/detail/dds_fastrtps
[2.100s] -- Installing: /home/triton_07/Documents/framRobot/S1_G2_Machillot_Dridi/tello_ws/install/tello_interfaces/include/tello_interfaces/tello_interfaces/srv/detail/drone_mode__rosidl_typesupport_fastrtps_cpp.hpp
[2.100s] -- Installing: /home/triton_07/Documents/framRobot/S1_G2_Machillot_Dridi/tello_ws/install/tello_interfaces/lib/libtello_interfaces__rosidl_typesupport_fastrtps_cpp.so
[2.100s] -- Set runtime path of "/home/triton_07/Documents/framRobot/S1_G2_Machillot_Dridi/tello_ws/install/tello_interfaces/lib/libtello_interfaces__rosidl_typesupport_fastrtps_cpp.so" to ""
[2.100s] -- Up-to-date: /home/triton_07/Documents/framRobot/S1_G2_Machillot_Dridi/tello_ws/install/tello_interfaces/include/tello_interfaces/tello_interfaces
[2.100s] -- Up-to-date: /home/triton_07/Documents/framRobot/S1_G2_Machillot_Dridi/tello_ws/install/tello_interfaces/include/tello_interfaces/tello_interfaces/srv
[2.100s] -- Up-to-date: /home/triton_07/Documents/framRobot/S1_G2_Machillot_Dridi/tello_ws/install/tello_interfaces/include/tello_interfaces/tello_interfaces/srv/detail
[2.100s] -- Installing: /home/triton_07/Documents/framRobot/S1_G2_Machillot_Dridi/tello_ws/install/tello_interfaces/include/tello_interfaces/tello_interfaces/srv/detail/drone_mode__type_support.cpp
[2.100s] -- Installing: /home/triton_07/Documents/framRobot/S1_G2_Machillot_Dridi/tello_ws/install/tello_interfaces/include/tello_interfaces/tello_interfaces/srv/detail/drone_mode__rosidl_typesupport_introspection_cpp.hpp
[2.100s] -- Installing: /home/triton_07/Documents/framRobot/S1_G2_Machillot_Dridi/tello_ws/install/tello_interfaces/lib/libtello_interfaces__rosidl_typesupport_introspection_cpp.so
[2.100s] -- Set runtime path of "/home/triton_07/Documents/framRobot/S1_G2_Machillot_Dridi/tello_ws/install/tello_interfaces/lib/libtello_interfaces__rosidl_typesupport_introspection_cpp.so" to ""
[2.100s] -- Installing: /home/triton_07/Documents/framRobot/S1_G2_Machillot_Dridi/tello_ws/install/tello_interfaces/lib/libtello_interfaces__rosidl_typesupport_cpp.so
[2.101s] -- Set runtime path of "/home/triton_07/Documents/framRobot/S1_G2_Machillot_Dridi/tello_ws/install/tello_interfaces/lib/libtello_interfaces__rosidl_typesupport_cpp.so" to ""
[2.101s] -- Installing: /home/triton_07/Documents/framRobot/S1_G2_Machillot_Dridi/tello_ws/install/tello_interfaces/share/tello_interfaces/environment/pythonpath.sh
[2.101s] -- Installing: /home/triton_07/Documents/framRobot/S1_G2_Machillot_Dridi/tello_ws/install/tello_interfaces/share/tello_interfaces/environment/pythonpath.dsv
[2.101s] -- Installing: /home/triton_07/Documents/framRobot/S1_G2_Machillot_Dridi/tello_ws/install/tello_interfaces/local/lib/python3.10/dist-packages/tello_interfaces-0.0.0-py3.10.egg-info
[2.101s] -- Installing: /home/triton_07/Documents/framRobot/S1_G2_Machillot_Dridi/tello_ws/install/tello_interfaces/local/lib/python3.10/dist-packages/tello_interfaces-0.0.0-py3.10.egg-info/top_level.txt
[2.101s] -- Installing: /home/triton_07/Documents/framRobot/S1_G2_Machillot_Dridi/tello_ws/install/tello_interfaces/local/lib/python3.10/dist-packages/tello_interfaces-0.0.0-py3.10.egg-info/PKG-INFO
[2.101s] -- Installing: /home/triton_07/Documents/framRobot/S1_G2_Machillot_Dridi/tello_ws/install/tello_interfaces/local/lib/python3.10/dist-packages/tello_interfaces-0.0.0-py3.10.egg-info/SOURCES.txt
[2.101s] -- Installing: /home/triton_07/Documents/framRobot/S1_G2_Machillot_Dridi/tello_ws/install/tello_interfaces/local/lib/python3.10/dist-packages/tello_interfaces-0.0.0-py3.10.egg-info/dependency_links.txt
[2.101s] -- Installing: /home/triton_07/Documents/framRobot/S1_G2_Machillot_Dridi/tello_ws/install/tello_interfaces/local/lib/python3.10/dist-packages/tello_interfaces
[2.101s] -- Installing: /home/triton_07/Documents/framRobot/S1_G2_Machillot_Dridi/tello_ws/install/tello_interfaces/local/lib/python3.10/dist-packages/tello_interfaces/tello_interfaces_s__rosidl_typesupport_c.cpython-310-x86_64-linux-gnu.so
[2.101s] -- Installing: /home/triton_07/Documents/framRobot/S1_G2_Machillot_Dridi/tello_ws/install/tello_interfaces/local/lib/python3.10/dist-packages/tello_interfaces/tello_interfaces_s__rosidl_typesupport_fastrtps_c.cpython-310-x86_64-linux-gnu.so
[2.102s] -- Installing: /home/triton_07/Documents/framRobot/S1_G2_Machillot_Dridi/tello_ws/install/tello_interfaces/local/lib/python3.10/dist-packages/tello_interfaces/srv
[2.102s] -- Installing: /home/triton_07/Documents/framRobot/S1_G2_Machillot_Dridi/tello_ws/install/tello_interfaces/local/lib/python3.10/dist-packages/tello_interfaces/srv/_drone_mode.py
[2.102s] -- Installing: /home/triton_07/Documents/framRobot/S1_G2_Machillot_Dridi/tello_ws/install/tello_interfaces/local/lib/python3.10/dist-packages/tello_interfaces/srv/__init__.py
[2.102s] -- Installing: /home/triton_07/Documents/framRobot/S1_G2_Machillot_Dridi/tello_ws/install/tello_interfaces/local/lib/python3.10/dist-packages/tello_interfaces/srv/_drone_mode_s.c
[2.102s] -- Installing: /home/triton_07/Documents/framRobot/S1_G2_Machillot_Dridi/tello_ws/install/tello_interfaces/local/lib/python3.10/dist-packages/tello_interfaces/__init__.py
[2.102s] -- Installing: /home/triton_07/Documents/framRobot/S1_G2_Machillot_Dridi/tello_ws/install/tello_interfaces/local/lib/python3.10/dist-packages/tello_interfaces/tello_interfaces_s__rosidl_typesupport_introspection_c.cpython-310-x86_64-linux-gnu.so
[2.102s] -- Installing: /home/triton_07/Documents/framRobot/S1_G2_Machillot_Dridi/tello_ws/install/tello_interfaces/local/lib/python3.10/dist-packages/tello_interfaces/_tello_interfaces_s.ep.rosidl_typesupport_fastrtps_c.c
[2.102s] -- Installing: /home/triton_07/Documents/framRobot/S1_G2_Machillot_Dridi/tello_ws/install/tello_interfaces/local/lib/python3.10/dist-packages/tello_interfaces/libtello_interfaces__rosidl_generator_py.so
[2.102s] -- Installing: /home/triton_07/Documents/framRobot/S1_G2_Machillot_Dridi/tello_ws/install/tello_interfaces/local/lib/python3.10/dist-packages/tello_interfaces/_tello_interfaces_s.ep.rosidl_typesupport_c.c
[2.102s] -- Installing: /home/triton_07/Documents/framRobot/S1_G2_Machillot_Dridi/tello_ws/install/tello_interfaces/local/lib/python3.10/dist-packages/tello_interfaces/_tello_interfaces_s.ep.rosidl_typesupport_introspection_c.c
[2.127s] Listing '/home/triton_07/Documents/framRobot/S1_G2_Machillot_Dridi/tello_ws/install/tello_interfaces/local/lib/python3.10/dist-packages/tello_interfaces'...
[2.127s] Compiling '/home/triton_07/Documents/framRobot/S1_G2_Machillot_Dridi/tello_ws/install/tello_interfaces/local/lib/python3.10/dist-packages/tello_interfaces/__init__.py'...
[2.127s] Listing '/home/triton_07/Documents/framRobot/S1_G2_Machillot_Dridi/tello_ws/install/tello_interfaces/local/lib/python3.10/dist-packages/tello_interfaces/srv'...
[2.127s] Compiling '/home/triton_07/Documents/framRobot/S1_G2_Machillot_Dridi/tello_ws/install/tello_interfaces/local/lib/python3.10/dist-packages/tello_interfaces/srv/__init__.py'...
[2.127s] Compiling '/home/triton_07/Documents/framRobot/S1_G2_Machillot_Dridi/tello_ws/install/tello_interfaces/local/lib/python3.10/dist-packages/tello_interfaces/srv/_drone_mode.py'...
[2.130s] -- Installing: /home/triton_07/Documents/framRobot/S1_G2_Machillot_Dridi/tello_ws/install/tello_interfaces/local/lib/python3.10/dist-packages/tello_interfaces/tello_interfaces_s__rosidl_typesupport_fastrtps_c.cpython-310-x86_64-linux-gnu.so
[2.130s] -- Set runtime path of "/home/triton_07/Documents/framRobot/S1_G2_Machillot_Dridi/tello_ws/install/tello_interfaces/local/lib/python3.10/dist-packages/tello_interfaces/tello_interfaces_s__rosidl_typesupport_fastrtps_c.cpython-310-x86_64-linux-gnu.so" to ""
[2.130s] -- Installing: /home/triton_07/Documents/framRobot/S1_G2_Machillot_Dridi/tello_ws/install/tello_interfaces/local/lib/python3.10/dist-packages/tello_interfaces/tello_interfaces_s__rosidl_typesupport_introspection_c.cpython-310-x86_64-linux-gnu.so
[2.130s] -- Set runtime path of "/home/triton_07/Documents/framRobot/S1_G2_Machillot_Dridi/tello_ws/install/tello_interfaces/local/lib/python3.10/dist-packages/tello_interfaces/tello_interfaces_s__rosidl_typesupport_introspection_c.cpython-310-x86_64-linux-gnu.so" to ""
[2.130s] -- Installing: /home/triton_07/Documents/framRobot/S1_G2_Machillot_Dridi/tello_ws/install/tello_interfaces/local/lib/python3.10/dist-packages/tello_interfaces/tello_interfaces_s__rosidl_typesupport_c.cpython-310-x86_64-linux-gnu.so
[2.131s] -- Set runtime path of "/home/triton_07/Documents/framRobot/S1_G2_Machillot_Dridi/tello_ws/install/tello_interfaces/local/lib/python3.10/dist-packages/tello_interfaces/tello_interfaces_s__rosidl_typesupport_c.cpython-310-x86_64-linux-gnu.so" to ""
[2.131s] -- Installing: /home/triton_07/Documents/framRobot/S1_G2_Machillot_Dridi/tello_ws/install/tello_interfaces/lib/libtello_interfaces__rosidl_generator_py.so
[2.131s] -- Set runtime path of "/home/triton_07/Documents/framRobot/S1_G2_Machillot_Dridi/tello_ws/install/tello_interfaces/lib/libtello_interfaces__rosidl_generator_py.so" to ""
[2.131s] -- Installing: /home/triton_07/Documents/framRobot/S1_G2_Machillot_Dridi/tello_ws/install/tello_interfaces/share/tello_interfaces/srv/DroneMode.idl
[2.131s] -- Installing: /home/triton_07/Documents/framRobot/S1_G2_Machillot_Dridi/tello_ws/install/tello_interfaces/share/tello_interfaces/srv/DroneMode.srv
[2.131s] -- Installing: /home/triton_07/Documents/framRobot/S1_G2_Machillot_Dridi/tello_ws/install/tello_interfaces/share/tello_interfaces/srv/DroneMode_Request.msg
[2.131s] -- Installing: /home/triton_07/Documents/framRobot/S1_G2_Machillot_Dridi/tello_ws/install/tello_interfaces/share/tello_interfaces/srv/DroneMode_Response.msg
[2.131s] -- Installing: /home/triton_07/Documents/framRobot/S1_G2_Machillot_Dridi/tello_ws/install/tello_interfaces/share/ament_index/resource_index/package_run_dependencies/tello_interfaces
[2.131s] -- Installing: /home/triton_07/Documents/framRobot/S1_G2_Machillot_Dridi/tello_ws/install/tello_interfaces/share/ament_index/resource_index/parent_prefix_path/tello_interfaces
[2.131s] -- Installing: /home/triton_07/Documents/framRobot/S1_G2_Machillot_Dridi/tello_ws/install/tello_interfaces/share/tello_interfaces/environment/ament_prefix_path.sh
[2.131s] -- Installing: /home/triton_07/Documents/framRobot/S1_G2_Machillot_Dridi/tello_ws/install/tello_interfaces/share/tello_interfaces/environment/ament_prefix_path.dsv
[2.131s] -- Installing: /home/triton_07/Documents/framRobot/S1_G2_Machillot_Dridi/tello_ws/install/tello_interfaces/share/tello_interfaces/environment/path.sh
[2.132s] -- Installing: /home/triton_07/Documents/framRobot/S1_G2_Machillot_Dridi/tello_ws/install/tello_interfaces/share/tello_interfaces/environment/path.dsv
[2.132s] -- Installing: /home/triton_07/Documents/framRobot/S1_G2_Machillot_Dridi/tello_ws/install/tello_interfaces/share/tello_interfaces/local_setup.bash
[2.132s] -- Installing: /home/triton_07/Documents/framRobot/S1_G2_Machillot_Dridi/tello_ws/install/tello_interfaces/share/tello_interfaces/local_setup.sh
[2.132s] -- Installing: /home/triton_07/Documents/framRobot/S1_G2_Machillot_Dridi/tello_ws/install/tello_interfaces/share/tello_interfaces/local_setup.zsh
[2.132s] -- Installing: /home/triton_07/Documents/framRobot/S1_G2_Machillot_Dridi/tello_ws/install/tello_interfaces/share/tello_interfaces/local_setup.dsv
[2.132s] -- Installing: /home/triton_07/Documents/framRobot/S1_G2_Machillot_Dridi/tello_ws/install/tello_interfaces/share/tello_interfaces/package.dsv
[2.132s] -- Installing: /home/triton_07/Documents/framRobot/S1_G2_Machillot_Dridi/tello_ws/install/tello_interfaces/share/ament_index/resource_index/packages/tello_interfaces
[2.132s] -- Installing: /home/triton_07/Documents/framRobot/S1_G2_Machillot_Dridi/tello_ws/install/tello_interfaces/share/tello_interfaces/cmake/export_tello_interfaces__rosidl_generator_cExport.cmake
[2.132s] -- Installing: /home/triton_07/Documents/framRobot/S1_G2_Machillot_Dridi/tello_ws/install/tello_interfaces/share/tello_interfaces/cmake/export_tello_interfaces__rosidl_generator_cExport-noconfig.cmake
[2.132s] -- Installing: /home/triton_07/Documents/framRobot/S1_G2_Machillot_Dridi/tello_ws/install/tello_interfaces/share/tello_interfaces/cmake/export_tello_interfaces__rosidl_typesupport_fastrtps_cExport.cmake
[2.133s] -- Installing: /home/triton_07/Documents/framRobot/S1_G2_Machillot_Dridi/tello_ws/install/tello_interfaces/share/tello_interfaces/cmake/export_tello_interfaces__rosidl_typesupport_fastrtps_cExport-noconfig.cmake
[2.133s] -- Installing: /home/triton_07/Documents/framRobot/S1_G2_Machillot_Dridi/tello_ws/install/tello_interfaces/share/tello_interfaces/cmake/tello_interfaces__rosidl_typesupport_introspection_cExport.cmake
[2.133s] -- Installing: /home/triton_07/Documents/framRobot/S1_G2_Machillot_Dridi/tello_ws/install/tello_interfaces/share/tello_interfaces/cmake/tello_interfaces__rosidl_typesupport_introspection_cExport-noconfig.cmake
[2.133s] -- Installing: /home/triton_07/Documents/framRobot/S1_G2_Machillot_Dridi/tello_ws/install/tello_interfaces/share/tello_interfaces/cmake/tello_interfaces__rosidl_typesupport_cExport.cmake
[2.133s] -- Installing: /home/triton_07/Documents/framRobot/S1_G2_Machillot_Dridi/tello_ws/install/tello_interfaces/share/tello_interfaces/cmake/tello_interfaces__rosidl_typesupport_cExport-noconfig.cmake
[2.133s] -- Installing: /home/triton_07/Documents/framRobot/S1_G2_Machillot_Dridi/tello_ws/install/tello_interfaces/share/tello_interfaces/cmake/export_tello_interfaces__rosidl_generator_cppExport.cmake
[2.133s] -- Installing: /home/triton_07/Documents/framRobot/S1_G2_Machillot_Dridi/tello_ws/install/tello_interfaces/share/tello_interfaces/cmake/export_tello_interfaces__rosidl_typesupport_fastrtps_cppExport.cmake
[2.133s] -- Installing: /home/triton_07/Documents/framRobot/S1_G2_Machillot_Dridi/tello_ws/install/tello_interfaces/share/tello_interfaces/cmake/export_tello_interfaces__rosidl_typesupport_fastrtps_cppExport-noconfig.cmake
[2.133s] -- Installing: /home/triton_07/Documents/framRobot/S1_G2_Machillot_Dridi/tello_ws/install/tello_interfaces/share/tello_interfaces/cmake/tello_interfaces__rosidl_typesupport_introspection_cppExport.cmake
[2.133s] -- Installing: /home/triton_07/Documents/framRobot/S1_G2_Machillot_Dridi/tello_ws/install/tello_interfaces/share/tello_interfaces/cmake/tello_interfaces__rosidl_typesupport_introspection_cppExport-noconfig.cmake
[2.134s] -- Installing: /home/triton_07/Documents/framRobot/S1_G2_Machillot_Dridi/tello_ws/install/tello_interfaces/share/tello_interfaces/cmake/tello_interfaces__rosidl_typesupport_cppExport.cmake
[2.134s] -- Installing: /home/triton_07/Documents/framRobot/S1_G2_Machillot_Dridi/tello_ws/install/tello_interfaces/share/tello_interfaces/cmake/tello_interfaces__rosidl_typesupport_cppExport-noconfig.cmake
[2.134s] -- Installing: /home/triton_07/Documents/framRobot/S1_G2_Machillot_Dridi/tello_ws/install/tello_interfaces/share/tello_interfaces/cmake/export_tello_interfaces__rosidl_generator_pyExport.cmake
[2.134s] -- Installing: /home/triton_07/Documents/framRobot/S1_G2_Machillot_Dridi/tello_ws/install/tello_interfaces/share/tello_interfaces/cmake/export_tello_interfaces__rosidl_generator_pyExport-noconfig.cmake
[2.134s] -- Installing: /home/triton_07/Documents/framRobot/S1_G2_Machillot_Dridi/tello_ws/install/tello_interfaces/share/tello_interfaces/cmake/rosidl_cmake-extras.cmake
[2.134s] -- Installing: /home/triton_07/Documents/framRobot/S1_G2_Machillot_Dridi/tello_ws/install/tello_interfaces/share/tello_interfaces/cmake/ament_cmake_export_include_directories-extras.cmake
[2.134s] -- Installing: /home/triton_07/Documents/framRobot/S1_G2_Machillot_Dridi/tello_ws/install/tello_interfaces/share/tello_interfaces/cmake/ament_cmake_export_libraries-extras.cmake
[2.134s] -- Installing: /home/triton_07/Documents/framRobot/S1_G2_Machillot_Dridi/tello_ws/install/tello_interfaces/share/tello_interfaces/cmake/ament_cmake_export_targets-extras.cmake
[2.134s] -- Installing: /home/triton_07/Documents/framRobot/S1_G2_Machillot_Dridi/tello_ws/install/tello_interfaces/share/tello_interfaces/cmake/rosidl_cmake_export_typesupport_targets-extras.cmake
[2.134s] -- Installing: /home/triton_07/Documents/framRobot/S1_G2_Machillot_Dridi/tello_ws/install/tello_interfaces/share/tello_interfaces/cmake/ament_cmake_export_dependencies-extras.cmake
[2.134s] -- Installing: /home/triton_07/Documents/framRobot/S1_G2_Machillot_Dridi/tello_ws/install/tello_interfaces/share/tello_interfaces/cmake/rosidl_cmake_export_typesupport_libraries-extras.cmake
[2.135s] -- Installing: /home/triton_07/Documents/framRobot/S1_G2_Machillot_Dridi/tello_ws/install/tello_interfaces/share/tello_interfaces/cmake/tello_interfacesConfig.cmake
[2.135s] -- Installing: /home/triton_07/Documents/framRobot/S1_G2_Machillot_Dridi/tello_ws/install/tello_interfaces/share/tello_interfaces/cmake/tello_interfacesConfig-version.cmake
[2.135s] -- Installing: /home/triton_07/Documents/framRobot/S1_G2_Machillot_Dridi/tello_ws/install/tello_interfaces/share/tello_interfaces/package.xml
[2.137s] Invoked command in '/home/triton_07/Documents/framRobot/S1_G2_Machillot_Dridi/tello_ws/build/tello_interfaces' returned '0': CMAKE_PREFIX_PATH=${CMAKE_PREFIX_PATH}:/home/triton_07/Documents/framRobot/S1_G2_Machillot_Dridi/tello_ws/install/pypackage:/home/triton_07/Documents/framRobot/S1_G2_Machillot_Dridi/tello_ws/install/tello:/opt/ros/humble /usr/bin/cmake --install /home/triton_07/Documents/framRobot/S1_G2_Machillot_Dridi/tello_ws/build/tello_interfaces
