[  2%] Built target tello_interfaces__cpp
[ 12%] Built target tello_interfaces__rosidl_generator_c
[ 12%] Built target ament_cmake_python_copy_tello_interfaces
[ 33%] Built target tello_interfaces__rosidl_typesupport_c
[ 33%] Built target tello_interfaces__rosidl_typesupport_introspection_c
[ 48%] Built target tello_interfaces__rosidl_typesupport_cpp
[ 53%] Built target tello_interfaces__rosidl_typesupport_introspection_cpp
[ 64%] Built target tello_interfaces__rosidl_typesupport_fastrtps_cpp
[ 74%] Built target tello_interfaces__rosidl_typesupport_fastrtps_c
[ 74%] Built target tello_interfaces
[ 76%] Built target tello_interfaces__py
[ 84%] Built target tello_interfaces__rosidl_generator_py
[ 89%] Built target tello_interfaces__rosidl_typesupport_c__pyext
[ 94%] Built target tello_interfaces__rosidl_typesupport_introspection_c__pyext
[100%] Built target tello_interfaces__rosidl_typesupport_fastrtps_c__pyext
running egg_info
writing tello_interfaces.egg-info/PKG-INFO
writing dependency_links to tello_interfaces.egg-info/dependency_links.txt
writing top-level names to tello_interfaces.egg-info/top_level.txt
reading manifest file 'tello_interfaces.egg-info/SOURCES.txt'
writing manifest file 'tello_interfaces.egg-info/SOURCES.txt'
[100%] Built target ament_cmake_python_build_tello_interfaces_egg
-- Install configuration: ""
-- Up-to-date: /home/triton_07/Documents/framRobot/S1_G2_Machillot_Dridi/tello_ws/install/tello_interfaces/share/ament_index/resource_index/rosidl_interfaces/tello_interfaces
-- Up-to-date: /home/triton_07/Documents/framRobot/S1_G2_Machillot_Dridi/tello_ws/install/tello_interfaces/include/tello_interfaces/tello_interfaces
-- Up-to-date: /home/triton_07/Documents/framRobot/S1_G2_Machillot_Dridi/tello_ws/install/tello_interfaces/include/tello_interfaces/tello_interfaces/msg
-- Up-to-date: /home/triton_07/Documents/framRobot/S1_G2_Machillot_Dridi/tello_ws/install/tello_interfaces/include/tello_interfaces/tello_interfaces/msg/coord.h
-- Up-to-date: /home/triton_07/Documents/framRobot/S1_G2_Machillot_Dridi/tello_ws/install/tello_interfaces/include/tello_interfaces/tello_interfaces/msg/rosidl_generator_c__visibility_control.h
-- Up-to-date: /home/triton_07/Documents/framRobot/S1_G2_Machillot_Dridi/tello_ws/install/tello_interfaces/include/tello_interfaces/tello_interfaces/msg/detail
-- Up-to-date: /home/triton_07/Documents/framRobot/S1_G2_Machillot_Dridi/tello_ws/install/tello_interfaces/include/tello_interfaces/tello_interfaces/msg/detail/coord__functions.c
-- Up-to-date: /home/triton_07/Documents/framRobot/S1_G2_Machillot_Dridi/tello_ws/install/tello_interfaces/include/tello_interfaces/tello_interfaces/msg/detail/coord__type_support.h
-- Up-to-date: /home/triton_07/Documents/framRobot/S1_G2_Machillot_Dridi/tello_ws/install/tello_interfaces/include/tello_interfaces/tello_interfaces/msg/detail/coord__struct.h
-- Up-to-date: /home/triton_07/Documents/framRobot/S1_G2_Machillot_Dridi/tello_ws/install/tello_interfaces/include/tello_interfaces/tello_interfaces/msg/detail/coord__functions.h
-- Up-to-date: /home/triton_07/Documents/framRobot/S1_G2_Machillot_Dridi/tello_ws/install/tello_interfaces/include/tello_interfaces/tello_interfaces/srv
-- Up-to-date: /home/triton_07/Documents/framRobot/S1_G2_Machillot_Dridi/tello_ws/install/tello_interfaces/include/tello_interfaces/tello_interfaces/srv/drone_mode.h
-- Up-to-date: /home/triton_07/Documents/framRobot/S1_G2_Machillot_Dridi/tello_ws/install/tello_interfaces/include/tello_interfaces/tello_interfaces/srv/detail
-- Up-to-date: /home/triton_07/Documents/framRobot/S1_G2_Machillot_Dridi/tello_ws/install/tello_interfaces/include/tello_interfaces/tello_interfaces/srv/detail/drone_mode__functions.h
-- Up-to-date: /home/triton_07/Documents/framRobot/S1_G2_Machillot_Dridi/tello_ws/install/tello_interfaces/include/tello_interfaces/tello_interfaces/srv/detail/drone_mode__functions.c
-- Up-to-date: /home/triton_07/Documents/framRobot/S1_G2_Machillot_Dridi/tello_ws/install/tello_interfaces/include/tello_interfaces/tello_interfaces/srv/detail/drone_mode__struct.h
-- Up-to-date: /home/triton_07/Documents/framRobot/S1_G2_Machillot_Dridi/tello_ws/install/tello_interfaces/include/tello_interfaces/tello_interfaces/srv/detail/drone_mode__type_support.h
-- Up-to-date: /home/triton_07/Documents/framRobot/S1_G2_Machillot_Dridi/tello_ws/install/tello_interfaces/share/tello_interfaces/environment/library_path.sh
-- Up-to-date: /home/triton_07/Documents/framRobot/S1_G2_Machillot_Dridi/tello_ws/install/tello_interfaces/share/tello_interfaces/environment/library_path.dsv
-- Up-to-date: /home/triton_07/Documents/framRobot/S1_G2_Machillot_Dridi/tello_ws/install/tello_interfaces/lib/libtello_interfaces__rosidl_generator_c.so
-- Up-to-date: /home/triton_07/Documents/framRobot/S1_G2_Machillot_Dridi/tello_ws/install/tello_interfaces/include/tello_interfaces/tello_interfaces
-- Up-to-date: /home/triton_07/Documents/framRobot/S1_G2_Machillot_Dridi/tello_ws/install/tello_interfaces/include/tello_interfaces/tello_interfaces/msg
-- Up-to-date: /home/triton_07/Documents/framRobot/S1_G2_Machillot_Dridi/tello_ws/install/tello_interfaces/include/tello_interfaces/tello_interfaces/msg/rosidl_typesupport_fastrtps_c__visibility_control.h
-- Up-to-date: /home/triton_07/Documents/framRobot/S1_G2_Machillot_Dridi/tello_ws/install/tello_interfaces/include/tello_interfaces/tello_interfaces/msg/detail
-- Up-to-date: /home/triton_07/Documents/framRobot/S1_G2_Machillot_Dridi/tello_ws/install/tello_interfaces/include/tello_interfaces/tello_interfaces/msg/detail/coord__rosidl_typesupport_fastrtps_c.h
-- Up-to-date: /home/triton_07/Documents/framRobot/S1_G2_Machillot_Dridi/tello_ws/install/tello_interfaces/include/tello_interfaces/tello_interfaces/srv
-- Up-to-date: /home/triton_07/Documents/framRobot/S1_G2_Machillot_Dridi/tello_ws/install/tello_interfaces/include/tello_interfaces/tello_interfaces/srv/detail
-- Up-to-date: /home/triton_07/Documents/framRobot/S1_G2_Machillot_Dridi/tello_ws/install/tello_interfaces/include/tello_interfaces/tello_interfaces/srv/detail/drone_mode__rosidl_typesupport_fastrtps_c.h
-- Up-to-date: /home/triton_07/Documents/framRobot/S1_G2_Machillot_Dridi/tello_ws/install/tello_interfaces/lib/libtello_interfaces__rosidl_typesupport_fastrtps_c.so
-- Up-to-date: /home/triton_07/Documents/framRobot/S1_G2_Machillot_Dridi/tello_ws/install/tello_interfaces/include/tello_interfaces/tello_interfaces
-- Up-to-date: /home/triton_07/Documents/framRobot/S1_G2_Machillot_Dridi/tello_ws/install/tello_interfaces/include/tello_interfaces/tello_interfaces/msg
-- Up-to-date: /home/triton_07/Documents/framRobot/S1_G2_Machillot_Dridi/tello_ws/install/tello_interfaces/include/tello_interfaces/tello_interfaces/msg/detail
-- Up-to-date: /home/triton_07/Documents/framRobot/S1_G2_Machillot_Dridi/tello_ws/install/tello_interfaces/include/tello_interfaces/tello_interfaces/msg/detail/coord__rosidl_typesupport_introspection_c.h
-- Up-to-date: /home/triton_07/Documents/framRobot/S1_G2_Machillot_Dridi/tello_ws/install/tello_interfaces/include/tello_interfaces/tello_interfaces/msg/detail/coord__type_support.c
-- Up-to-date: /home/triton_07/Documents/framRobot/S1_G2_Machillot_Dridi/tello_ws/install/tello_interfaces/include/tello_interfaces/tello_interfaces/msg/rosidl_typesupport_introspection_c__visibility_control.h
-- Up-to-date: /home/triton_07/Documents/framRobot/S1_G2_Machillot_Dridi/tello_ws/install/tello_interfaces/include/tello_interfaces/tello_interfaces/srv
-- Up-to-date: /home/triton_07/Documents/framRobot/S1_G2_Machillot_Dridi/tello_ws/install/tello_interfaces/include/tello_interfaces/tello_interfaces/srv/detail
-- Up-to-date: /home/triton_07/Documents/framRobot/S1_G2_Machillot_Dridi/tello_ws/install/tello_interfaces/include/tello_interfaces/tello_interfaces/srv/detail/drone_mode__rosidl_typesupport_introspection_c.h
-- Up-to-date: /home/triton_07/Documents/framRobot/S1_G2_Machillot_Dridi/tello_ws/install/tello_interfaces/include/tello_interfaces/tello_interfaces/srv/detail/drone_mode__type_support.c
-- Up-to-date: /home/triton_07/Documents/framRobot/S1_G2_Machillot_Dridi/tello_ws/install/tello_interfaces/lib/libtello_interfaces__rosidl_typesupport_introspection_c.so
-- Up-to-date: /home/triton_07/Documents/framRobot/S1_G2_Machillot_Dridi/tello_ws/install/tello_interfaces/lib/libtello_interfaces__rosidl_typesupport_c.so
-- Up-to-date: /home/triton_07/Documents/framRobot/S1_G2_Machillot_Dridi/tello_ws/install/tello_interfaces/include/tello_interfaces/tello_interfaces
-- Up-to-date: /home/triton_07/Documents/framRobot/S1_G2_Machillot_Dridi/tello_ws/install/tello_interfaces/include/tello_interfaces/tello_interfaces/msg
-- Up-to-date: /home/triton_07/Documents/framRobot/S1_G2_Machillot_Dridi/tello_ws/install/tello_interfaces/include/tello_interfaces/tello_interfaces/msg/coord.hpp
-- Up-to-date: /home/triton_07/Documents/framRobot/S1_G2_Machillot_Dridi/tello_ws/install/tello_interfaces/include/tello_interfaces/tello_interfaces/msg/detail
-- Up-to-date: /home/triton_07/Documents/framRobot/S1_G2_Machillot_Dridi/tello_ws/install/tello_interfaces/include/tello_interfaces/tello_interfaces/msg/detail/coord__builder.hpp
-- Up-to-date: /home/triton_07/Documents/framRobot/S1_G2_Machillot_Dridi/tello_ws/install/tello_interfaces/include/tello_interfaces/tello_interfaces/msg/detail/coord__struct.hpp
-- Up-to-date: /home/triton_07/Documents/framRobot/S1_G2_Machillot_Dridi/tello_ws/install/tello_interfaces/include/tello_interfaces/tello_interfaces/msg/detail/coord__traits.hpp
-- Up-to-date: /home/triton_07/Documents/framRobot/S1_G2_Machillot_Dridi/tello_ws/install/tello_interfaces/include/tello_interfaces/tello_interfaces/srv
-- Up-to-date: /home/triton_07/Documents/framRobot/S1_G2_Machillot_Dridi/tello_ws/install/tello_interfaces/include/tello_interfaces/tello_interfaces/srv/detail
-- Up-to-date: /home/triton_07/Documents/framRobot/S1_G2_Machillot_Dridi/tello_ws/install/tello_interfaces/include/tello_interfaces/tello_interfaces/srv/detail/drone_mode__traits.hpp
-- Up-to-date: /home/triton_07/Documents/framRobot/S1_G2_Machillot_Dridi/tello_ws/install/tello_interfaces/include/tello_interfaces/tello_interfaces/srv/detail/drone_mode__builder.hpp
-- Up-to-date: /home/triton_07/Documents/framRobot/S1_G2_Machillot_Dridi/tello_ws/install/tello_interfaces/include/tello_interfaces/tello_interfaces/srv/detail/drone_mode__struct.hpp
-- Up-to-date: /home/triton_07/Documents/framRobot/S1_G2_Machillot_Dridi/tello_ws/install/tello_interfaces/include/tello_interfaces/tello_interfaces/srv/drone_mode.hpp
-- Up-to-date: /home/triton_07/Documents/framRobot/S1_G2_Machillot_Dridi/tello_ws/install/tello_interfaces/include/tello_interfaces/tello_interfaces
-- Up-to-date: /home/triton_07/Documents/framRobot/S1_G2_Machillot_Dridi/tello_ws/install/tello_interfaces/include/tello_interfaces/tello_interfaces/msg
-- Up-to-date: /home/triton_07/Documents/framRobot/S1_G2_Machillot_Dridi/tello_ws/install/tello_interfaces/include/tello_interfaces/tello_interfaces/msg/rosidl_typesupport_fastrtps_cpp__visibility_control.h
-- Up-to-date: /home/triton_07/Documents/framRobot/S1_G2_Machillot_Dridi/tello_ws/install/tello_interfaces/include/tello_interfaces/tello_interfaces/msg/detail
-- Up-to-date: /home/triton_07/Documents/framRobot/S1_G2_Machillot_Dridi/tello_ws/install/tello_interfaces/include/tello_interfaces/tello_interfaces/msg/detail/coord__rosidl_typesupport_fastrtps_cpp.hpp
-- Up-to-date: /home/triton_07/Documents/framRobot/S1_G2_Machillot_Dridi/tello_ws/install/tello_interfaces/include/tello_interfaces/tello_interfaces/msg/detail/dds_fastrtps
-- Up-to-date: /home/triton_07/Documents/framRobot/S1_G2_Machillot_Dridi/tello_ws/install/tello_interfaces/include/tello_interfaces/tello_interfaces/srv
-- Up-to-date: /home/triton_07/Documents/framRobot/S1_G2_Machillot_Dridi/tello_ws/install/tello_interfaces/include/tello_interfaces/tello_interfaces/srv/detail
-- Up-to-date: /home/triton_07/Documents/framRobot/S1_G2_Machillot_Dridi/tello_ws/install/tello_interfaces/include/tello_interfaces/tello_interfaces/srv/detail/dds_fastrtps
-- Up-to-date: /home/triton_07/Documents/framRobot/S1_G2_Machillot_Dridi/tello_ws/install/tello_interfaces/include/tello_interfaces/tello_interfaces/srv/detail/drone_mode__rosidl_typesupport_fastrtps_cpp.hpp
-- Up-to-date: /home/triton_07/Documents/framRobot/S1_G2_Machillot_Dridi/tello_ws/install/tello_interfaces/lib/libtello_interfaces__rosidl_typesupport_fastrtps_cpp.so
-- Up-to-date: /home/triton_07/Documents/framRobot/S1_G2_Machillot_Dridi/tello_ws/install/tello_interfaces/include/tello_interfaces/tello_interfaces
-- Up-to-date: /home/triton_07/Documents/framRobot/S1_G2_Machillot_Dridi/tello_ws/install/tello_interfaces/include/tello_interfaces/tello_interfaces/msg
-- Up-to-date: /home/triton_07/Documents/framRobot/S1_G2_Machillot_Dridi/tello_ws/install/tello_interfaces/include/tello_interfaces/tello_interfaces/msg/detail
-- Up-to-date: /home/triton_07/Documents/framRobot/S1_G2_Machillot_Dridi/tello_ws/install/tello_interfaces/include/tello_interfaces/tello_interfaces/msg/detail/coord__type_support.cpp
-- Up-to-date: /home/triton_07/Documents/framRobot/S1_G2_Machillot_Dridi/tello_ws/install/tello_interfaces/include/tello_interfaces/tello_interfaces/msg/detail/coord__rosidl_typesupport_introspection_cpp.hpp
-- Up-to-date: /home/triton_07/Documents/framRobot/S1_G2_Machillot_Dridi/tello_ws/install/tello_interfaces/include/tello_interfaces/tello_interfaces/srv
-- Up-to-date: /home/triton_07/Documents/framRobot/S1_G2_Machillot_Dridi/tello_ws/install/tello_interfaces/include/tello_interfaces/tello_interfaces/srv/detail
-- Up-to-date: /home/triton_07/Documents/framRobot/S1_G2_Machillot_Dridi/tello_ws/install/tello_interfaces/include/tello_interfaces/tello_interfaces/srv/detail/drone_mode__type_support.cpp
-- Up-to-date: /home/triton_07/Documents/framRobot/S1_G2_Machillot_Dridi/tello_ws/install/tello_interfaces/include/tello_interfaces/tello_interfaces/srv/detail/drone_mode__rosidl_typesupport_introspection_cpp.hpp
-- Up-to-date: /home/triton_07/Documents/framRobot/S1_G2_Machillot_Dridi/tello_ws/install/tello_interfaces/lib/libtello_interfaces__rosidl_typesupport_introspection_cpp.so
-- Up-to-date: /home/triton_07/Documents/framRobot/S1_G2_Machillot_Dridi/tello_ws/install/tello_interfaces/lib/libtello_interfaces__rosidl_typesupport_cpp.so
-- Up-to-date: /home/triton_07/Documents/framRobot/S1_G2_Machillot_Dridi/tello_ws/install/tello_interfaces/share/tello_interfaces/environment/pythonpath.sh
-- Up-to-date: /home/triton_07/Documents/framRobot/S1_G2_Machillot_Dridi/tello_ws/install/tello_interfaces/share/tello_interfaces/environment/pythonpath.dsv
-- Up-to-date: /home/triton_07/Documents/framRobot/S1_G2_Machillot_Dridi/tello_ws/install/tello_interfaces/local/lib/python3.10/dist-packages/tello_interfaces-0.0.0-py3.10.egg-info
-- Installing: /home/triton_07/Documents/framRobot/S1_G2_Machillot_Dridi/tello_ws/install/tello_interfaces/local/lib/python3.10/dist-packages/tello_interfaces-0.0.0-py3.10.egg-info/top_level.txt
-- Installing: /home/triton_07/Documents/framRobot/S1_G2_Machillot_Dridi/tello_ws/install/tello_interfaces/local/lib/python3.10/dist-packages/tello_interfaces-0.0.0-py3.10.egg-info/PKG-INFO
-- Installing: /home/triton_07/Documents/framRobot/S1_G2_Machillot_Dridi/tello_ws/install/tello_interfaces/local/lib/python3.10/dist-packages/tello_interfaces-0.0.0-py3.10.egg-info/SOURCES.txt
-- Installing: /home/triton_07/Documents/framRobot/S1_G2_Machillot_Dridi/tello_ws/install/tello_interfaces/local/lib/python3.10/dist-packages/tello_interfaces-0.0.0-py3.10.egg-info/dependency_links.txt
-- Up-to-date: /home/triton_07/Documents/framRobot/S1_G2_Machillot_Dridi/tello_ws/install/tello_interfaces/local/lib/python3.10/dist-packages/tello_interfaces
-- Up-to-date: /home/triton_07/Documents/framRobot/S1_G2_Machillot_Dridi/tello_ws/install/tello_interfaces/local/lib/python3.10/dist-packages/tello_interfaces/tello_interfaces_s__rosidl_typesupport_c.cpython-310-x86_64-linux-gnu.so
-- Up-to-date: /home/triton_07/Documents/framRobot/S1_G2_Machillot_Dridi/tello_ws/install/tello_interfaces/local/lib/python3.10/dist-packages/tello_interfaces/tello_interfaces_s__rosidl_typesupport_fastrtps_c.cpython-310-x86_64-linux-gnu.so
-- Up-to-date: /home/triton_07/Documents/framRobot/S1_G2_Machillot_Dridi/tello_ws/install/tello_interfaces/local/lib/python3.10/dist-packages/tello_interfaces/msg
-- Up-to-date: /home/triton_07/Documents/framRobot/S1_G2_Machillot_Dridi/tello_ws/install/tello_interfaces/local/lib/python3.10/dist-packages/tello_interfaces/msg/__init__.py
-- Up-to-date: /home/triton_07/Documents/framRobot/S1_G2_Machillot_Dridi/tello_ws/install/tello_interfaces/local/lib/python3.10/dist-packages/tello_interfaces/msg/_coord.py
-- Up-to-date: /home/triton_07/Documents/framRobot/S1_G2_Machillot_Dridi/tello_ws/install/tello_interfaces/local/lib/python3.10/dist-packages/tello_interfaces/msg/_coord_s.c
-- Up-to-date: /home/triton_07/Documents/framRobot/S1_G2_Machillot_Dridi/tello_ws/install/tello_interfaces/local/lib/python3.10/dist-packages/tello_interfaces/srv
-- Up-to-date: /home/triton_07/Documents/framRobot/S1_G2_Machillot_Dridi/tello_ws/install/tello_interfaces/local/lib/python3.10/dist-packages/tello_interfaces/srv/_drone_mode.py
-- Up-to-date: /home/triton_07/Documents/framRobot/S1_G2_Machillot_Dridi/tello_ws/install/tello_interfaces/local/lib/python3.10/dist-packages/tello_interfaces/srv/__init__.py
-- Up-to-date: /home/triton_07/Documents/framRobot/S1_G2_Machillot_Dridi/tello_ws/install/tello_interfaces/local/lib/python3.10/dist-packages/tello_interfaces/srv/_drone_mode_s.c
-- Up-to-date: /home/triton_07/Documents/framRobot/S1_G2_Machillot_Dridi/tello_ws/install/tello_interfaces/local/lib/python3.10/dist-packages/tello_interfaces/__init__.py
-- Up-to-date: /home/triton_07/Documents/framRobot/S1_G2_Machillot_Dridi/tello_ws/install/tello_interfaces/local/lib/python3.10/dist-packages/tello_interfaces/tello_interfaces_s__rosidl_typesupport_introspection_c.cpython-310-x86_64-linux-gnu.so
-- Up-to-date: /home/triton_07/Documents/framRobot/S1_G2_Machillot_Dridi/tello_ws/install/tello_interfaces/local/lib/python3.10/dist-packages/tello_interfaces/_tello_interfaces_s.ep.rosidl_typesupport_fastrtps_c.c
-- Up-to-date: /home/triton_07/Documents/framRobot/S1_G2_Machillot_Dridi/tello_ws/install/tello_interfaces/local/lib/python3.10/dist-packages/tello_interfaces/libtello_interfaces__rosidl_generator_py.so
-- Up-to-date: /home/triton_07/Documents/framRobot/S1_G2_Machillot_Dridi/tello_ws/install/tello_interfaces/local/lib/python3.10/dist-packages/tello_interfaces/_tello_interfaces_s.ep.rosidl_typesupport_c.c
-- Up-to-date: /home/triton_07/Documents/framRobot/S1_G2_Machillot_Dridi/tello_ws/install/tello_interfaces/local/lib/python3.10/dist-packages/tello_interfaces/_tello_interfaces_s.ep.rosidl_typesupport_introspection_c.c
Listing '/home/triton_07/Documents/framRobot/S1_G2_Machillot_Dridi/tello_ws/install/tello_interfaces/local/lib/python3.10/dist-packages/tello_interfaces'...
Listing '/home/triton_07/Documents/framRobot/S1_G2_Machillot_Dridi/tello_ws/install/tello_interfaces/local/lib/python3.10/dist-packages/tello_interfaces/msg'...
Listing '/home/triton_07/Documents/framRobot/S1_G2_Machillot_Dridi/tello_ws/install/tello_interfaces/local/lib/python3.10/dist-packages/tello_interfaces/srv'...
-- Up-to-date: /home/triton_07/Documents/framRobot/S1_G2_Machillot_Dridi/tello_ws/install/tello_interfaces/local/lib/python3.10/dist-packages/tello_interfaces/tello_interfaces_s__rosidl_typesupport_fastrtps_c.cpython-310-x86_64-linux-gnu.so
-- Up-to-date: /home/triton_07/Documents/framRobot/S1_G2_Machillot_Dridi/tello_ws/install/tello_interfaces/local/lib/python3.10/dist-packages/tello_interfaces/tello_interfaces_s__rosidl_typesupport_introspection_c.cpython-310-x86_64-linux-gnu.so
-- Up-to-date: /home/triton_07/Documents/framRobot/S1_G2_Machillot_Dridi/tello_ws/install/tello_interfaces/local/lib/python3.10/dist-packages/tello_interfaces/tello_interfaces_s__rosidl_typesupport_c.cpython-310-x86_64-linux-gnu.so
-- Up-to-date: /home/triton_07/Documents/framRobot/S1_G2_Machillot_Dridi/tello_ws/install/tello_interfaces/lib/libtello_interfaces__rosidl_generator_py.so
-- Up-to-date: /home/triton_07/Documents/framRobot/S1_G2_Machillot_Dridi/tello_ws/install/tello_interfaces/share/tello_interfaces/srv/DroneMode.idl
-- Up-to-date: /home/triton_07/Documents/framRobot/S1_G2_Machillot_Dridi/tello_ws/install/tello_interfaces/share/tello_interfaces/msg/Coord.idl
-- Up-to-date: /home/triton_07/Documents/framRobot/S1_G2_Machillot_Dridi/tello_ws/install/tello_interfaces/share/tello_interfaces/srv/DroneMode.srv
-- Up-to-date: /home/triton_07/Documents/framRobot/S1_G2_Machillot_Dridi/tello_ws/install/tello_interfaces/share/tello_interfaces/srv/DroneMode_Request.msg
-- Up-to-date: /home/triton_07/Documents/framRobot/S1_G2_Machillot_Dridi/tello_ws/install/tello_interfaces/share/tello_interfaces/srv/DroneMode_Response.msg
-- Up-to-date: /home/triton_07/Documents/framRobot/S1_G2_Machillot_Dridi/tello_ws/install/tello_interfaces/share/tello_interfaces/msg/Coord.msg
-- Up-to-date: /home/triton_07/Documents/framRobot/S1_G2_Machillot_Dridi/tello_ws/install/tello_interfaces/share/ament_index/resource_index/package_run_dependencies/tello_interfaces
-- Up-to-date: /home/triton_07/Documents/framRobot/S1_G2_Machillot_Dridi/tello_ws/install/tello_interfaces/share/ament_index/resource_index/parent_prefix_path/tello_interfaces
-- Up-to-date: /home/triton_07/Documents/framRobot/S1_G2_Machillot_Dridi/tello_ws/install/tello_interfaces/share/tello_interfaces/environment/ament_prefix_path.sh
-- Up-to-date: /home/triton_07/Documents/framRobot/S1_G2_Machillot_Dridi/tello_ws/install/tello_interfaces/share/tello_interfaces/environment/ament_prefix_path.dsv
-- Up-to-date: /home/triton_07/Documents/framRobot/S1_G2_Machillot_Dridi/tello_ws/install/tello_interfaces/share/tello_interfaces/environment/path.sh
-- Up-to-date: /home/triton_07/Documents/framRobot/S1_G2_Machillot_Dridi/tello_ws/install/tello_interfaces/share/tello_interfaces/environment/path.dsv
-- Up-to-date: /home/triton_07/Documents/framRobot/S1_G2_Machillot_Dridi/tello_ws/install/tello_interfaces/share/tello_interfaces/local_setup.bash
-- Up-to-date: /home/triton_07/Documents/framRobot/S1_G2_Machillot_Dridi/tello_ws/install/tello_interfaces/share/tello_interfaces/local_setup.sh
-- Up-to-date: /home/triton_07/Documents/framRobot/S1_G2_Machillot_Dridi/tello_ws/install/tello_interfaces/share/tello_interfaces/local_setup.zsh
-- Up-to-date: /home/triton_07/Documents/framRobot/S1_G2_Machillot_Dridi/tello_ws/install/tello_interfaces/share/tello_interfaces/local_setup.dsv
-- Installing: /home/triton_07/Documents/framRobot/S1_G2_Machillot_Dridi/tello_ws/install/tello_interfaces/share/tello_interfaces/package.dsv
-- Up-to-date: /home/triton_07/Documents/framRobot/S1_G2_Machillot_Dridi/tello_ws/install/tello_interfaces/share/ament_index/resource_index/packages/tello_interfaces
-- Up-to-date: /home/triton_07/Documents/framRobot/S1_G2_Machillot_Dridi/tello_ws/install/tello_interfaces/share/tello_interfaces/cmake/export_tello_interfaces__rosidl_generator_cExport.cmake
-- Up-to-date: /home/triton_07/Documents/framRobot/S1_G2_Machillot_Dridi/tello_ws/install/tello_interfaces/share/tello_interfaces/cmake/export_tello_interfaces__rosidl_generator_cExport-noconfig.cmake
-- Up-to-date: /home/triton_07/Documents/framRobot/S1_G2_Machillot_Dridi/tello_ws/install/tello_interfaces/share/tello_interfaces/cmake/export_tello_interfaces__rosidl_typesupport_fastrtps_cExport.cmake
-- Up-to-date: /home/triton_07/Documents/framRobot/S1_G2_Machillot_Dridi/tello_ws/install/tello_interfaces/share/tello_interfaces/cmake/export_tello_interfaces__rosidl_typesupport_fastrtps_cExport-noconfig.cmake
-- Up-to-date: /home/triton_07/Documents/framRobot/S1_G2_Machillot_Dridi/tello_ws/install/tello_interfaces/share/tello_interfaces/cmake/tello_interfaces__rosidl_typesupport_introspection_cExport.cmake
-- Up-to-date: /home/triton_07/Documents/framRobot/S1_G2_Machillot_Dridi/tello_ws/install/tello_interfaces/share/tello_interfaces/cmake/tello_interfaces__rosidl_typesupport_introspection_cExport-noconfig.cmake
-- Up-to-date: /home/triton_07/Documents/framRobot/S1_G2_Machillot_Dridi/tello_ws/install/tello_interfaces/share/tello_interfaces/cmake/tello_interfaces__rosidl_typesupport_cExport.cmake
-- Up-to-date: /home/triton_07/Documents/framRobot/S1_G2_Machillot_Dridi/tello_ws/install/tello_interfaces/share/tello_interfaces/cmake/tello_interfaces__rosidl_typesupport_cExport-noconfig.cmake
-- Up-to-date: /home/triton_07/Documents/framRobot/S1_G2_Machillot_Dridi/tello_ws/install/tello_interfaces/share/tello_interfaces/cmake/export_tello_interfaces__rosidl_generator_cppExport.cmake
-- Up-to-date: /home/triton_07/Documents/framRobot/S1_G2_Machillot_Dridi/tello_ws/install/tello_interfaces/share/tello_interfaces/cmake/export_tello_interfaces__rosidl_typesupport_fastrtps_cppExport.cmake
-- Up-to-date: /home/triton_07/Documents/framRobot/S1_G2_Machillot_Dridi/tello_ws/install/tello_interfaces/share/tello_interfaces/cmake/export_tello_interfaces__rosidl_typesupport_fastrtps_cppExport-noconfig.cmake
-- Up-to-date: /home/triton_07/Documents/framRobot/S1_G2_Machillot_Dridi/tello_ws/install/tello_interfaces/share/tello_interfaces/cmake/tello_interfaces__rosidl_typesupport_introspection_cppExport.cmake
-- Up-to-date: /home/triton_07/Documents/framRobot/S1_G2_Machillot_Dridi/tello_ws/install/tello_interfaces/share/tello_interfaces/cmake/tello_interfaces__rosidl_typesupport_introspection_cppExport-noconfig.cmake
-- Up-to-date: /home/triton_07/Documents/framRobot/S1_G2_Machillot_Dridi/tello_ws/install/tello_interfaces/share/tello_interfaces/cmake/tello_interfaces__rosidl_typesupport_cppExport.cmake
-- Up-to-date: /home/triton_07/Documents/framRobot/S1_G2_Machillot_Dridi/tello_ws/install/tello_interfaces/share/tello_interfaces/cmake/tello_interfaces__rosidl_typesupport_cppExport-noconfig.cmake
-- Up-to-date: /home/triton_07/Documents/framRobot/S1_G2_Machillot_Dridi/tello_ws/install/tello_interfaces/share/tello_interfaces/cmake/export_tello_interfaces__rosidl_generator_pyExport.cmake
-- Up-to-date: /home/triton_07/Documents/framRobot/S1_G2_Machillot_Dridi/tello_ws/install/tello_interfaces/share/tello_interfaces/cmake/export_tello_interfaces__rosidl_generator_pyExport-noconfig.cmake
-- Up-to-date: /home/triton_07/Documents/framRobot/S1_G2_Machillot_Dridi/tello_ws/install/tello_interfaces/share/tello_interfaces/cmake/rosidl_cmake-extras.cmake
-- Up-to-date: /home/triton_07/Documents/framRobot/S1_G2_Machillot_Dridi/tello_ws/install/tello_interfaces/share/tello_interfaces/cmake/ament_cmake_export_include_directories-extras.cmake
-- Up-to-date: /home/triton_07/Documents/framRobot/S1_G2_Machillot_Dridi/tello_ws/install/tello_interfaces/share/tello_interfaces/cmake/ament_cmake_export_libraries-extras.cmake
-- Up-to-date: /home/triton_07/Documents/framRobot/S1_G2_Machillot_Dridi/tello_ws/install/tello_interfaces/share/tello_interfaces/cmake/ament_cmake_export_targets-extras.cmake
-- Up-to-date: /home/triton_07/Documents/framRobot/S1_G2_Machillot_Dridi/tello_ws/install/tello_interfaces/share/tello_interfaces/cmake/rosidl_cmake_export_typesupport_targets-extras.cmake
-- Up-to-date: /home/triton_07/Documents/framRobot/S1_G2_Machillot_Dridi/tello_ws/install/tello_interfaces/share/tello_interfaces/cmake/ament_cmake_export_dependencies-extras.cmake
-- Up-to-date: /home/triton_07/Documents/framRobot/S1_G2_Machillot_Dridi/tello_ws/install/tello_interfaces/share/tello_interfaces/cmake/rosidl_cmake_export_typesupport_libraries-extras.cmake
-- Up-to-date: /home/triton_07/Documents/framRobot/S1_G2_Machillot_Dridi/tello_ws/install/tello_interfaces/share/tello_interfaces/cmake/tello_interfacesConfig.cmake
-- Up-to-date: /home/triton_07/Documents/framRobot/S1_G2_Machillot_Dridi/tello_ws/install/tello_interfaces/share/tello_interfaces/cmake/tello_interfacesConfig-version.cmake
-- Up-to-date: /home/triton_07/Documents/framRobot/S1_G2_Machillot_Dridi/tello_ws/install/tello_interfaces/share/tello_interfaces/package.xml
