[0.593s] Invoking command in '/home/triton_07/Documents/framRobot/S1_G2_Machillot_Dridi/tello_ws/src/tello': PYTHONPATH=/home/triton_07/Documents/framRobot/S1_G2_Machillot_Dridi/tello_ws/build/tello/prefix_override:/home/triton_07/Documents/framRobot/S1_G2_Machillot_Dridi/tello_ws/install/tello/lib/python3.10/site-packages:${PYTHONPATH} /usr/bin/python3 setup.py egg_info --egg-base ../../build/tello build --build-base /home/triton_07/Documents/framRobot/S1_G2_Machillot_Dridi/tello_ws/build/tello/build install --record /home/triton_07/Documents/framRobot/S1_G2_Machillot_Dridi/tello_ws/build/tello/install.log --install-scripts $base/lib/tello --single-version-externally-managed
[0.808s] /usr/lib/python3/dist-packages/setuptools/dist.py:723: UserWarning: Usage of dash-separated 'script-dir' will not be supported in future versions. Please use the underscore name 'script_dir' instead
[0.808s]   warnings.warn(
[0.814s] running egg_info
[0.815s] creating ../../build/tello/tello.egg-info
[0.815s] writing ../../build/tello/tello.egg-info/PKG-INFO
[0.815s] writing dependency_links to ../../build/tello/tello.egg-info/dependency_links.txt
[0.815s] writing entry points to ../../build/tello/tello.egg-info/entry_points.txt
[0.815s] writing requirements to ../../build/tello/tello.egg-info/requires.txt
[0.815s] writing top-level names to ../../build/tello/tello.egg-info/top_level.txt
[0.815s] writing manifest file '../../build/tello/tello.egg-info/SOURCES.txt'
[0.817s] reading manifest file '../../build/tello/tello.egg-info/SOURCES.txt'
[0.817s] adding license file 'LICENSE.txt'
[0.817s] writing manifest file '../../build/tello/tello.egg-info/SOURCES.txt'
[0.817s] running build
[0.818s] running build_py
[0.818s] creating /home/triton_07/Documents/framRobot/S1_G2_Machillot_Dridi/tello_ws/build/tello/build
[0.818s] creating /home/triton_07/Documents/framRobot/S1_G2_Machillot_Dridi/tello_ws/build/tello/build/lib
[0.818s] creating /home/triton_07/Documents/framRobot/S1_G2_Machillot_Dridi/tello_ws/build/tello/build/lib/tello
[0.818s] copying tello/__init__.py -> /home/triton_07/Documents/framRobot/S1_G2_Machillot_Dridi/tello_ws/build/tello/build/lib/tello
[0.818s] copying tello/node.py -> /home/triton_07/Documents/framRobot/S1_G2_Machillot_Dridi/tello_ws/build/tello/build/lib/tello
[0.818s] running install
[0.818s] /usr/lib/python3/dist-packages/setuptools/command/install.py:34: SetuptoolsDeprecationWarning: setup.py install is deprecated. Use build and pip and other standards-based tools.
[0.818s]   warnings.warn(
[0.818s] running install_lib
[0.819s] creating /home/triton_07/Documents/framRobot/S1_G2_Machillot_Dridi/tello_ws/install/tello/lib/python3.10/site-packages/tello
[0.819s] copying /home/triton_07/Documents/framRobot/S1_G2_Machillot_Dridi/tello_ws/build/tello/build/lib/tello/__init__.py -> /home/triton_07/Documents/framRobot/S1_G2_Machillot_Dridi/tello_ws/install/tello/lib/python3.10/site-packages/tello
[0.819s] copying /home/triton_07/Documents/framRobot/S1_G2_Machillot_Dridi/tello_ws/build/tello/build/lib/tello/node.py -> /home/triton_07/Documents/framRobot/S1_G2_Machillot_Dridi/tello_ws/install/tello/lib/python3.10/site-packages/tello
[0.819s] byte-compiling /home/triton_07/Documents/framRobot/S1_G2_Machillot_Dridi/tello_ws/install/tello/lib/python3.10/site-packages/tello/__init__.py to __init__.cpython-310.pyc
[0.820s] byte-compiling /home/triton_07/Documents/framRobot/S1_G2_Machillot_Dridi/tello_ws/install/tello/lib/python3.10/site-packages/tello/node.py to node.cpython-310.pyc
[0.821s] running install_data
[0.822s] creating /home/triton_07/Documents/framRobot/S1_G2_Machillot_Dridi/tello_ws/install/tello/share/ament_index
[0.822s] creating /home/triton_07/Documents/framRobot/S1_G2_Machillot_Dridi/tello_ws/install/tello/share/ament_index/resource_index
[0.822s] creating /home/triton_07/Documents/framRobot/S1_G2_Machillot_Dridi/tello_ws/install/tello/share/ament_index/resource_index/packages
[0.822s] copying resource/tello -> /home/triton_07/Documents/framRobot/S1_G2_Machillot_Dridi/tello_ws/install/tello/share/ament_index/resource_index/packages
[0.822s] copying package.xml -> /home/triton_07/Documents/framRobot/S1_G2_Machillot_Dridi/tello_ws/install/tello/share/tello
[0.822s] copying resource/ost.txt -> /home/triton_07/Documents/framRobot/S1_G2_Machillot_Dridi/tello_ws/install/tello/share/tello
[0.822s] copying resource/ost.yaml -> /home/triton_07/Documents/framRobot/S1_G2_Machillot_Dridi/tello_ws/install/tello/share/tello
[0.822s] running install_egg_info
[0.823s] Copying ../../build/tello/tello.egg-info to /home/triton_07/Documents/framRobot/S1_G2_Machillot_Dridi/tello_ws/install/tello/lib/python3.10/site-packages/tello-0.1.0-py3.10.egg-info
[0.824s] running install_scripts
[0.839s] Installing tello script to /home/triton_07/Documents/framRobot/S1_G2_Machillot_Dridi/tello_ws/install/tello/lib/tello
[0.839s] writing list of installed files to '/home/triton_07/Documents/framRobot/S1_G2_Machillot_Dridi/tello_ws/build/tello/install.log'
[0.857s] Invoked command in '/home/triton_07/Documents/framRobot/S1_G2_Machillot_Dridi/tello_ws/src/tello' returned '0': PYTHONPATH=/home/triton_07/Documents/framRobot/S1_G2_Machillot_Dridi/tello_ws/build/tello/prefix_override:/home/triton_07/Documents/framRobot/S1_G2_Machillot_Dridi/tello_ws/install/tello/lib/python3.10/site-packages:${PYTHONPATH} /usr/bin/python3 setup.py egg_info --egg-base ../../build/tello build --build-base /home/triton_07/Documents/framRobot/S1_G2_Machillot_Dridi/tello_ws/build/tello/build install --record /home/triton_07/Documents/framRobot/S1_G2_Machillot_Dridi/tello_ws/build/tello/install.log --install-scripts $base/lib/tello --single-version-externally-managed
