[0.010s] Invoking command in '/home/triton_07/Documents/framRobot/S1_G2_Machillot_Dridi/tello_ws/build/tello_interfaces': CMAKE_PREFIX_PATH=${CMAKE_PREFIX_PATH}:/home/triton_07/Documents/framRobot/S1_G2_Machillot_Dridi/tello_ws/install/pypackage:/home/triton_07/Documents/framRobot/S1_G2_Machillot_Dridi/tello_ws/install/tello:/opt/ros/humble /usr/bin/cmake --build /home/triton_07/Documents/framRobot/S1_G2_Machillot_Dridi/tello_ws/build/tello_interfaces -- -j16 -l16
[0.026s] -- Found ament_cmake: 1.3.3 (/opt/ros/humble/share/ament_cmake/cmake)
[0.127s] -- Found rosidl_default_generators: 1.2.0 (/opt/ros/humble/share/rosidl_default_generators/cmake)
[0.128s] -- Using all available rosidl_typesupport_c: rosidl_typesupport_fastrtps_c;rosidl_typesupport_introspection_c
[0.130s] -- Found rosidl_adapter: 3.1.4 (/opt/ros/humble/share/rosidl_adapter/cmake)
[0.151s] -- Using all available rosidl_typesupport_cpp: rosidl_typesupport_fastrtps_cpp;rosidl_typesupport_introspection_cpp
[0.338s] -- Found ament_cmake_ros: 0.10.0 (/opt/ros/humble/share/ament_cmake_ros/cmake)
[0.460s] -- Using all available rosidl_typesupport_c: rosidl_typesupport_fastrtps_c;rosidl_typesupport_introspection_c
[0.625s] -- Using all available rosidl_typesupport_cpp: rosidl_typesupport_fastrtps_cpp;rosidl_typesupport_introspection_cpp
[0.641s] -- Found python_cmake_module: 0.10.0 (/opt/ros/humble/share/python_cmake_module/cmake)
[0.657s] -- Using PYTHON_EXECUTABLE: /usr/bin/python3
[0.657s] -- Using PYTHON_INCLUDE_DIRS: /usr/include/python3.10
[0.657s] -- Using PYTHON_LIBRARIES: /usr/lib/x86_64-linux-gnu/libpython3.10.so
[0.665s] -- Found ament_lint_auto: 0.12.5 (/opt/ros/humble/share/ament_lint_auto/cmake)
[0.671s] -- Added test 'lint_cmake' to check CMake code style
[0.672s] -- Added test 'xmllint' to check XML markup files
[0.673s] -- Configuring done
[0.691s] -- Generating done
[0.693s] -- Build files have been written to: /home/triton_07/Documents/framRobot/S1_G2_Machillot_Dridi/tello_ws/build/tello_interfaces
[0.709s] [35m[1mConsolidate compiler generated dependencies of target tello_interfaces__rosidl_generator_c[0m
[0.716s] [  3%] Built target tello_interfaces__cpp
[0.717s] [ 12%] Built target tello_interfaces__rosidl_generator_c
[0.723s] [ 12%] Built target ament_cmake_python_copy_tello_interfaces
[0.723s] [35m[1mConsolidate compiler generated dependencies of target tello_interfaces__rosidl_typesupport_introspection_cpp[0m
[0.723s] [35m[1mConsolidate compiler generated dependencies of target tello_interfaces__rosidl_typesupport_cpp[0m
[0.724s] [35m[1mConsolidate compiler generated dependencies of target tello_interfaces__rosidl_typesupport_fastrtps_cpp[0m
[0.724s] [35m[1mConsolidate compiler generated dependencies of target tello_interfaces__rosidl_typesupport_c[0m
[0.724s] [35m[1mConsolidate compiler generated dependencies of target tello_interfaces__rosidl_typesupport_fastrtps_c[0m
[0.724s] [35m[1mConsolidate compiler generated dependencies of target tello_interfaces__rosidl_typesupport_introspection_c[0m
[0.732s] [ 22%] Built target tello_interfaces__rosidl_typesupport_c
[0.733s] [ 48%] Built target tello_interfaces__rosidl_typesupport_introspection_cpp
[0.733s] [ 51%] Built target tello_interfaces__rosidl_typesupport_introspection_c
[0.733s] [ 51%] Built target tello_interfaces__rosidl_typesupport_cpp
[0.733s] [ 61%] Built target tello_interfaces__rosidl_typesupport_fastrtps_c
[0.735s] [ 70%] Built target tello_interfaces__rosidl_typesupport_fastrtps_cpp
[0.748s] [ 70%] Built target tello_interfaces
[0.760s] [ 74%] Built target tello_interfaces__py
[0.767s] [35m[1mConsolidate compiler generated dependencies of target tello_interfaces__rosidl_generator_py[0m
[0.776s] [ 80%] Built target tello_interfaces__rosidl_generator_py
[0.783s] [35m[1mConsolidate compiler generated dependencies of target tello_interfaces__rosidl_typesupport_introspection_c__pyext[0m
[0.783s] [35m[1mConsolidate compiler generated dependencies of target tello_interfaces__rosidl_typesupport_fastrtps_c__pyext[0m
[0.783s] [35m[1mConsolidate compiler generated dependencies of target tello_interfaces__rosidl_typesupport_c__pyext[0m
[0.792s] [100%] Built target tello_interfaces__rosidl_typesupport_fastrtps_c__pyext
[0.792s] [100%] Built target tello_interfaces__rosidl_typesupport_c__pyext
[0.793s] [100%] Built target tello_interfaces__rosidl_typesupport_introspection_c__pyext
[0.949s] running egg_info
[0.950s] writing tello_interfaces.egg-info/PKG-INFO
[0.950s] writing dependency_links to tello_interfaces.egg-info/dependency_links.txt
[0.950s] writing top-level names to tello_interfaces.egg-info/top_level.txt
[0.952s] reading manifest file 'tello_interfaces.egg-info/SOURCES.txt'
[0.952s] writing manifest file 'tello_interfaces.egg-info/SOURCES.txt'
[0.969s] [100%] Built target ament_cmake_python_build_tello_interfaces_egg
[0.976s] Invoked command in '/home/triton_07/Documents/framRobot/S1_G2_Machillot_Dridi/tello_ws/build/tello_interfaces' returned '0': CMAKE_PREFIX_PATH=${CMAKE_PREFIX_PATH}:/home/triton_07/Documents/framRobot/S1_G2_Machillot_Dridi/tello_ws/install/pypackage:/home/triton_07/Documents/framRobot/S1_G2_Machillot_Dridi/tello_ws/install/tello:/opt/ros/humble /usr/bin/cmake --build /home/triton_07/Documents/framRobot/S1_G2_Machillot_Dridi/tello_ws/build/tello_interfaces -- -j16 -l16
[1.017s] Invoking command in '/home/triton_07/Documents/framRobot/S1_G2_Machillot_Dridi/tello_ws/build/tello_interfaces': CMAKE_PREFIX_PATH=${CMAKE_PREFIX_PATH}:/home/triton_07/Documents/framRobot/S1_G2_Machillot_Dridi/tello_ws/install/pypackage:/home/triton_07/Documents/framRobot/S1_G2_Machillot_Dridi/tello_ws/install/tello:/opt/ros/humble /usr/bin/cmake --install /home/triton_07/Documents/framRobot/S1_G2_Machillot_Dridi/tello_ws/build/tello_interfaces
[1.022s] -- Install configuration: ""
[1.022s] -- Up-to-date: /home/triton_07/Documents/framRobot/S1_G2_Machillot_Dridi/tello_ws/install/tello_interfaces/share/ament_index/resource_index/rosidl_interfaces/tello_interfaces
[1.022s] -- Up-to-date: /home/triton_07/Documents/framRobot/S1_G2_Machillot_Dridi/tello_ws/install/tello_interfaces/include/tello_interfaces/tello_interfaces
[1.022s] -- Up-to-date: /home/triton_07/Documents/framRobot/S1_G2_Machillot_Dridi/tello_ws/install/tello_interfaces/include/tello_interfaces/tello_interfaces/msg
[1.022s] -- Up-to-date: /home/triton_07/Documents/framRobot/S1_G2_Machillot_Dridi/tello_ws/install/tello_interfaces/include/tello_interfaces/tello_interfaces/msg/rosidl_generator_c__visibility_control.h
[1.022s] -- Up-to-date: /home/triton_07/Documents/framRobot/S1_G2_Machillot_Dridi/tello_ws/install/tello_interfaces/include/tello_interfaces/tello_interfaces/srv
[1.022s] -- Up-to-date: /home/triton_07/Documents/framRobot/S1_G2_Machillot_Dridi/tello_ws/install/tello_interfaces/include/tello_interfaces/tello_interfaces/srv/drone_mode.h
[1.023s] -- Up-to-date: /home/triton_07/Documents/framRobot/S1_G2_Machillot_Dridi/tello_ws/install/tello_interfaces/include/tello_interfaces/tello_interfaces/srv/detail
[1.023s] -- Up-to-date: /home/triton_07/Documents/framRobot/S1_G2_Machillot_Dridi/tello_ws/install/tello_interfaces/include/tello_interfaces/tello_interfaces/srv/detail/drone_mode__functions.h
[1.023s] -- Up-to-date: /home/triton_07/Documents/framRobot/S1_G2_Machillot_Dridi/tello_ws/install/tello_interfaces/include/tello_interfaces/tello_interfaces/srv/detail/drone_mode__functions.c
[1.023s] -- Up-to-date: /home/triton_07/Documents/framRobot/S1_G2_Machillot_Dridi/tello_ws/install/tello_interfaces/include/tello_interfaces/tello_interfaces/srv/detail/drone_mode__struct.h
[1.023s] -- Up-to-date: /home/triton_07/Documents/framRobot/S1_G2_Machillot_Dridi/tello_ws/install/tello_interfaces/include/tello_interfaces/tello_interfaces/srv/detail/drone_mode__type_support.h
[1.023s] -- Up-to-date: /home/triton_07/Documents/framRobot/S1_G2_Machillot_Dridi/tello_ws/install/tello_interfaces/share/tello_interfaces/environment/library_path.sh
[1.023s] -- Installing: /home/triton_07/Documents/framRobot/S1_G2_Machillot_Dridi/tello_ws/install/tello_interfaces/share/tello_interfaces/environment/library_path.dsv
[1.023s] -- Up-to-date: /home/triton_07/Documents/framRobot/S1_G2_Machillot_Dridi/tello_ws/install/tello_interfaces/lib/libtello_interfaces__rosidl_generator_c.so
[1.023s] -- Up-to-date: /home/triton_07/Documents/framRobot/S1_G2_Machillot_Dridi/tello_ws/install/tello_interfaces/include/tello_interfaces/tello_interfaces
[1.023s] -- Up-to-date: /home/triton_07/Documents/framRobot/S1_G2_Machillot_Dridi/tello_ws/install/tello_interfaces/include/tello_interfaces/tello_interfaces/msg
[1.023s] -- Up-to-date: /home/triton_07/Documents/framRobot/S1_G2_Machillot_Dridi/tello_ws/install/tello_interfaces/include/tello_interfaces/tello_interfaces/msg/rosidl_typesupport_fastrtps_c__visibility_control.h
[1.023s] -- Up-to-date: /home/triton_07/Documents/framRobot/S1_G2_Machillot_Dridi/tello_ws/install/tello_interfaces/include/tello_interfaces/tello_interfaces/srv
[1.023s] -- Up-to-date: /home/triton_07/Documents/framRobot/S1_G2_Machillot_Dridi/tello_ws/install/tello_interfaces/include/tello_interfaces/tello_interfaces/srv/detail
[1.023s] -- Up-to-date: /home/triton_07/Documents/framRobot/S1_G2_Machillot_Dridi/tello_ws/install/tello_interfaces/include/tello_interfaces/tello_interfaces/srv/detail/drone_mode__rosidl_typesupport_fastrtps_c.h
[1.023s] -- Up-to-date: /home/triton_07/Documents/framRobot/S1_G2_Machillot_Dridi/tello_ws/install/tello_interfaces/lib/libtello_interfaces__rosidl_typesupport_fastrtps_c.so
[1.023s] -- Up-to-date: /home/triton_07/Documents/framRobot/S1_G2_Machillot_Dridi/tello_ws/install/tello_interfaces/include/tello_interfaces/tello_interfaces
[1.024s] -- Up-to-date: /home/triton_07/Documents/framRobot/S1_G2_Machillot_Dridi/tello_ws/install/tello_interfaces/include/tello_interfaces/tello_interfaces/msg
[1.024s] -- Up-to-date: /home/triton_07/Documents/framRobot/S1_G2_Machillot_Dridi/tello_ws/install/tello_interfaces/include/tello_interfaces/tello_interfaces/msg/rosidl_typesupport_introspection_c__visibility_control.h
[1.024s] -- Up-to-date: /home/triton_07/Documents/framRobot/S1_G2_Machillot_Dridi/tello_ws/install/tello_interfaces/include/tello_interfaces/tello_interfaces/srv
[1.024s] -- Up-to-date: /home/triton_07/Documents/framRobot/S1_G2_Machillot_Dridi/tello_ws/install/tello_interfaces/include/tello_interfaces/tello_interfaces/srv/detail
[1.024s] -- Up-to-date: /home/triton_07/Documents/framRobot/S1_G2_Machillot_Dridi/tello_ws/install/tello_interfaces/include/tello_interfaces/tello_interfaces/srv/detail/drone_mode__rosidl_typesupport_introspection_c.h
[1.024s] -- Up-to-date: /home/triton_07/Documents/framRobot/S1_G2_Machillot_Dridi/tello_ws/install/tello_interfaces/include/tello_interfaces/tello_interfaces/srv/detail/drone_mode__type_support.c
[1.024s] -- Up-to-date: /home/triton_07/Documents/framRobot/S1_G2_Machillot_Dridi/tello_ws/install/tello_interfaces/lib/libtello_interfaces__rosidl_typesupport_introspection_c.so
[1.024s] -- Up-to-date: /home/triton_07/Documents/framRobot/S1_G2_Machillot_Dridi/tello_ws/install/tello_interfaces/lib/libtello_interfaces__rosidl_typesupport_c.so
[1.024s] -- Up-to-date: /home/triton_07/Documents/framRobot/S1_G2_Machillot_Dridi/tello_ws/install/tello_interfaces/include/tello_interfaces/tello_interfaces
[1.024s] -- Up-to-date: /home/triton_07/Documents/framRobot/S1_G2_Machillot_Dridi/tello_ws/install/tello_interfaces/include/tello_interfaces/tello_interfaces/srv
[1.024s] -- Up-to-date: /home/triton_07/Documents/framRobot/S1_G2_Machillot_Dridi/tello_ws/install/tello_interfaces/include/tello_interfaces/tello_interfaces/srv/detail
[1.024s] -- Up-to-date: /home/triton_07/Documents/framRobot/S1_G2_Machillot_Dridi/tello_ws/install/tello_interfaces/include/tello_interfaces/tello_interfaces/srv/detail/drone_mode__traits.hpp
[1.024s] -- Up-to-date: /home/triton_07/Documents/framRobot/S1_G2_Machillot_Dridi/tello_ws/install/tello_interfaces/include/tello_interfaces/tello_interfaces/srv/detail/drone_mode__builder.hpp
[1.024s] -- Up-to-date: /home/triton_07/Documents/framRobot/S1_G2_Machillot_Dridi/tello_ws/install/tello_interfaces/include/tello_interfaces/tello_interfaces/srv/detail/drone_mode__struct.hpp
[1.024s] -- Up-to-date: /home/triton_07/Documents/framRobot/S1_G2_Machillot_Dridi/tello_ws/install/tello_interfaces/include/tello_interfaces/tello_interfaces/srv/drone_mode.hpp
[1.024s] -- Up-to-date: /home/triton_07/Documents/framRobot/S1_G2_Machillot_Dridi/tello_ws/install/tello_interfaces/include/tello_interfaces/tello_interfaces
[1.024s] -- Up-to-date: /home/triton_07/Documents/framRobot/S1_G2_Machillot_Dridi/tello_ws/install/tello_interfaces/include/tello_interfaces/tello_interfaces/msg
[1.024s] -- Up-to-date: /home/triton_07/Documents/framRobot/S1_G2_Machillot_Dridi/tello_ws/install/tello_interfaces/include/tello_interfaces/tello_interfaces/msg/rosidl_typesupport_fastrtps_cpp__visibility_control.h
[1.025s] -- Up-to-date: /home/triton_07/Documents/framRobot/S1_G2_Machillot_Dridi/tello_ws/install/tello_interfaces/include/tello_interfaces/tello_interfaces/srv
[1.025s] -- Up-to-date: /home/triton_07/Documents/framRobot/S1_G2_Machillot_Dridi/tello_ws/install/tello_interfaces/include/tello_interfaces/tello_interfaces/srv/detail
[1.025s] -- Up-to-date: /home/triton_07/Documents/framRobot/S1_G2_Machillot_Dridi/tello_ws/install/tello_interfaces/include/tello_interfaces/tello_interfaces/srv/detail/dds_fastrtps
[1.025s] -- Up-to-date: /home/triton_07/Documents/framRobot/S1_G2_Machillot_Dridi/tello_ws/install/tello_interfaces/include/tello_interfaces/tello_interfaces/srv/detail/drone_mode__rosidl_typesupport_fastrtps_cpp.hpp
[1.025s] -- Up-to-date: /home/triton_07/Documents/framRobot/S1_G2_Machillot_Dridi/tello_ws/install/tello_interfaces/lib/libtello_interfaces__rosidl_typesupport_fastrtps_cpp.so
[1.025s] -- Up-to-date: /home/triton_07/Documents/framRobot/S1_G2_Machillot_Dridi/tello_ws/install/tello_interfaces/include/tello_interfaces/tello_interfaces
[1.025s] -- Up-to-date: /home/triton_07/Documents/framRobot/S1_G2_Machillot_Dridi/tello_ws/install/tello_interfaces/include/tello_interfaces/tello_interfaces/srv
[1.025s] -- Up-to-date: /home/triton_07/Documents/framRobot/S1_G2_Machillot_Dridi/tello_ws/install/tello_interfaces/include/tello_interfaces/tello_interfaces/srv/detail
[1.025s] -- Up-to-date: /home/triton_07/Documents/framRobot/S1_G2_Machillot_Dridi/tello_ws/install/tello_interfaces/include/tello_interfaces/tello_interfaces/srv/detail/drone_mode__type_support.cpp
[1.025s] -- Up-to-date: /home/triton_07/Documents/framRobot/S1_G2_Machillot_Dridi/tello_ws/install/tello_interfaces/include/tello_interfaces/tello_interfaces/srv/detail/drone_mode__rosidl_typesupport_introspection_cpp.hpp
[1.025s] -- Up-to-date: /home/triton_07/Documents/framRobot/S1_G2_Machillot_Dridi/tello_ws/install/tello_interfaces/lib/libtello_interfaces__rosidl_typesupport_introspection_cpp.so
[1.025s] -- Up-to-date: /home/triton_07/Documents/framRobot/S1_G2_Machillot_Dridi/tello_ws/install/tello_interfaces/lib/libtello_interfaces__rosidl_typesupport_cpp.so
[1.025s] -- Up-to-date: /home/triton_07/Documents/framRobot/S1_G2_Machillot_Dridi/tello_ws/install/tello_interfaces/share/tello_interfaces/environment/pythonpath.sh
[1.025s] -- Installing: /home/triton_07/Documents/framRobot/S1_G2_Machillot_Dridi/tello_ws/install/tello_interfaces/share/tello_interfaces/environment/pythonpath.dsv
[1.025s] -- Up-to-date: /home/triton_07/Documents/framRobot/S1_G2_Machillot_Dridi/tello_ws/install/tello_interfaces/local/lib/python3.10/dist-packages/tello_interfaces-0.0.0-py3.10.egg-info
[1.025s] -- Installing: /home/triton_07/Documents/framRobot/S1_G2_Machillot_Dridi/tello_ws/install/tello_interfaces/local/lib/python3.10/dist-packages/tello_interfaces-0.0.0-py3.10.egg-info/top_level.txt
[1.025s] -- Installing: /home/triton_07/Documents/framRobot/S1_G2_Machillot_Dridi/tello_ws/install/tello_interfaces/local/lib/python3.10/dist-packages/tello_interfaces-0.0.0-py3.10.egg-info/PKG-INFO
[1.025s] -- Installing: /home/triton_07/Documents/framRobot/S1_G2_Machillot_Dridi/tello_ws/install/tello_interfaces/local/lib/python3.10/dist-packages/tello_interfaces-0.0.0-py3.10.egg-info/SOURCES.txt
[1.025s] -- Installing: /home/triton_07/Documents/framRobot/S1_G2_Machillot_Dridi/tello_ws/install/tello_interfaces/local/lib/python3.10/dist-packages/tello_interfaces-0.0.0-py3.10.egg-info/dependency_links.txt
[1.026s] -- Up-to-date: /home/triton_07/Documents/framRobot/S1_G2_Machillot_Dridi/tello_ws/install/tello_interfaces/local/lib/python3.10/dist-packages/tello_interfaces
[1.026s] -- Up-to-date: /home/triton_07/Documents/framRobot/S1_G2_Machillot_Dridi/tello_ws/install/tello_interfaces/local/lib/python3.10/dist-packages/tello_interfaces/tello_interfaces_s__rosidl_typesupport_c.cpython-310-x86_64-linux-gnu.so
[1.026s] -- Up-to-date: /home/triton_07/Documents/framRobot/S1_G2_Machillot_Dridi/tello_ws/install/tello_interfaces/local/lib/python3.10/dist-packages/tello_interfaces/tello_interfaces_s__rosidl_typesupport_fastrtps_c.cpython-310-x86_64-linux-gnu.so
[1.026s] -- Up-to-date: /home/triton_07/Documents/framRobot/S1_G2_Machillot_Dridi/tello_ws/install/tello_interfaces/local/lib/python3.10/dist-packages/tello_interfaces/srv
[1.026s] -- Up-to-date: /home/triton_07/Documents/framRobot/S1_G2_Machillot_Dridi/tello_ws/install/tello_interfaces/local/lib/python3.10/dist-packages/tello_interfaces/srv/_drone_mode.py
[1.026s] -- Up-to-date: /home/triton_07/Documents/framRobot/S1_G2_Machillot_Dridi/tello_ws/install/tello_interfaces/local/lib/python3.10/dist-packages/tello_interfaces/srv/__init__.py
[1.026s] -- Up-to-date: /home/triton_07/Documents/framRobot/S1_G2_Machillot_Dridi/tello_ws/install/tello_interfaces/local/lib/python3.10/dist-packages/tello_interfaces/srv/_drone_mode_s.c
[1.026s] -- Installing: /home/triton_07/Documents/framRobot/S1_G2_Machillot_Dridi/tello_ws/install/tello_interfaces/local/lib/python3.10/dist-packages/tello_interfaces/__init__.py
[1.026s] -- Up-to-date: /home/triton_07/Documents/framRobot/S1_G2_Machillot_Dridi/tello_ws/install/tello_interfaces/local/lib/python3.10/dist-packages/tello_interfaces/tello_interfaces_s__rosidl_typesupport_introspection_c.cpython-310-x86_64-linux-gnu.so
[1.026s] -- Up-to-date: /home/triton_07/Documents/framRobot/S1_G2_Machillot_Dridi/tello_ws/install/tello_interfaces/local/lib/python3.10/dist-packages/tello_interfaces/_tello_interfaces_s.ep.rosidl_typesupport_fastrtps_c.c
[1.026s] -- Up-to-date: /home/triton_07/Documents/framRobot/S1_G2_Machillot_Dridi/tello_ws/install/tello_interfaces/local/lib/python3.10/dist-packages/tello_interfaces/libtello_interfaces__rosidl_generator_py.so
[1.026s] -- Up-to-date: /home/triton_07/Documents/framRobot/S1_G2_Machillot_Dridi/tello_ws/install/tello_interfaces/local/lib/python3.10/dist-packages/tello_interfaces/_tello_interfaces_s.ep.rosidl_typesupport_c.c
[1.026s] -- Up-to-date: /home/triton_07/Documents/framRobot/S1_G2_Machillot_Dridi/tello_ws/install/tello_interfaces/local/lib/python3.10/dist-packages/tello_interfaces/_tello_interfaces_s.ep.rosidl_typesupport_introspection_c.c
[1.049s] Listing '/home/triton_07/Documents/framRobot/S1_G2_Machillot_Dridi/tello_ws/install/tello_interfaces/local/lib/python3.10/dist-packages/tello_interfaces'...
[1.049s] Compiling '/home/triton_07/Documents/framRobot/S1_G2_Machillot_Dridi/tello_ws/install/tello_interfaces/local/lib/python3.10/dist-packages/tello_interfaces/__init__.py'...
[1.049s] Listing '/home/triton_07/Documents/framRobot/S1_G2_Machillot_Dridi/tello_ws/install/tello_interfaces/local/lib/python3.10/dist-packages/tello_interfaces/srv'...
[1.052s] -- Up-to-date: /home/triton_07/Documents/framRobot/S1_G2_Machillot_Dridi/tello_ws/install/tello_interfaces/local/lib/python3.10/dist-packages/tello_interfaces/tello_interfaces_s__rosidl_typesupport_fastrtps_c.cpython-310-x86_64-linux-gnu.so
[1.052s] -- Up-to-date: /home/triton_07/Documents/framRobot/S1_G2_Machillot_Dridi/tello_ws/install/tello_interfaces/local/lib/python3.10/dist-packages/tello_interfaces/tello_interfaces_s__rosidl_typesupport_introspection_c.cpython-310-x86_64-linux-gnu.so
[1.052s] -- Up-to-date: /home/triton_07/Documents/framRobot/S1_G2_Machillot_Dridi/tello_ws/install/tello_interfaces/local/lib/python3.10/dist-packages/tello_interfaces/tello_interfaces_s__rosidl_typesupport_c.cpython-310-x86_64-linux-gnu.so
[1.053s] -- Up-to-date: /home/triton_07/Documents/framRobot/S1_G2_Machillot_Dridi/tello_ws/install/tello_interfaces/lib/libtello_interfaces__rosidl_generator_py.so
[1.053s] -- Up-to-date: /home/triton_07/Documents/framRobot/S1_G2_Machillot_Dridi/tello_ws/install/tello_interfaces/share/tello_interfaces/srv/DroneMode.idl
[1.053s] -- Up-to-date: /home/triton_07/Documents/framRobot/S1_G2_Machillot_Dridi/tello_ws/install/tello_interfaces/share/tello_interfaces/srv/DroneMode.srv
[1.053s] -- Up-to-date: /home/triton_07/Documents/framRobot/S1_G2_Machillot_Dridi/tello_ws/install/tello_interfaces/share/tello_interfaces/srv/DroneMode_Request.msg
[1.053s] -- Up-to-date: /home/triton_07/Documents/framRobot/S1_G2_Machillot_Dridi/tello_ws/install/tello_interfaces/share/tello_interfaces/srv/DroneMode_Response.msg
[1.053s] -- Up-to-date: /home/triton_07/Documents/framRobot/S1_G2_Machillot_Dridi/tello_ws/install/tello_interfaces/share/ament_index/resource_index/package_run_dependencies/tello_interfaces
[1.053s] -- Up-to-date: /home/triton_07/Documents/framRobot/S1_G2_Machillot_Dridi/tello_ws/install/tello_interfaces/share/ament_index/resource_index/parent_prefix_path/tello_interfaces
[1.053s] -- Up-to-date: /home/triton_07/Documents/framRobot/S1_G2_Machillot_Dridi/tello_ws/install/tello_interfaces/share/tello_interfaces/environment/ament_prefix_path.sh
[1.053s] -- Installing: /home/triton_07/Documents/framRobot/S1_G2_Machillot_Dridi/tello_ws/install/tello_interfaces/share/tello_interfaces/environment/ament_prefix_path.dsv
[1.053s] -- Up-to-date: /home/triton_07/Documents/framRobot/S1_G2_Machillot_Dridi/tello_ws/install/tello_interfaces/share/tello_interfaces/environment/path.sh
[1.053s] -- Installing: /home/triton_07/Documents/framRobot/S1_G2_Machillot_Dridi/tello_ws/install/tello_interfaces/share/tello_interfaces/environment/path.dsv
[1.053s] -- Up-to-date: /home/triton_07/Documents/framRobot/S1_G2_Machillot_Dridi/tello_ws/install/tello_interfaces/share/tello_interfaces/local_setup.bash
[1.054s] -- Up-to-date: /home/triton_07/Documents/framRobot/S1_G2_Machillot_Dridi/tello_ws/install/tello_interfaces/share/tello_interfaces/local_setup.sh
[1.054s] -- Up-to-date: /home/triton_07/Documents/framRobot/S1_G2_Machillot_Dridi/tello_ws/install/tello_interfaces/share/tello_interfaces/local_setup.zsh
[1.054s] -- Installing: /home/triton_07/Documents/framRobot/S1_G2_Machillot_Dridi/tello_ws/install/tello_interfaces/share/tello_interfaces/local_setup.dsv
[1.054s] -- Installing: /home/triton_07/Documents/framRobot/S1_G2_Machillot_Dridi/tello_ws/install/tello_interfaces/share/tello_interfaces/package.dsv
[1.054s] -- Up-to-date: /home/triton_07/Documents/framRobot/S1_G2_Machillot_Dridi/tello_ws/install/tello_interfaces/share/ament_index/resource_index/packages/tello_interfaces
[1.054s] -- Up-to-date: /home/triton_07/Documents/framRobot/S1_G2_Machillot_Dridi/tello_ws/install/tello_interfaces/share/tello_interfaces/cmake/export_tello_interfaces__rosidl_generator_cExport.cmake
[1.054s] -- Up-to-date: /home/triton_07/Documents/framRobot/S1_G2_Machillot_Dridi/tello_ws/install/tello_interfaces/share/tello_interfaces/cmake/export_tello_interfaces__rosidl_generator_cExport-noconfig.cmake
[1.054s] -- Up-to-date: /home/triton_07/Documents/framRobot/S1_G2_Machillot_Dridi/tello_ws/install/tello_interfaces/share/tello_interfaces/cmake/export_tello_interfaces__rosidl_typesupport_fastrtps_cExport.cmake
[1.054s] -- Up-to-date: /home/triton_07/Documents/framRobot/S1_G2_Machillot_Dridi/tello_ws/install/tello_interfaces/share/tello_interfaces/cmake/export_tello_interfaces__rosidl_typesupport_fastrtps_cExport-noconfig.cmake
[1.054s] -- Up-to-date: /home/triton_07/Documents/framRobot/S1_G2_Machillot_Dridi/tello_ws/install/tello_interfaces/share/tello_interfaces/cmake/tello_interfaces__rosidl_typesupport_introspection_cExport.cmake
[1.054s] -- Up-to-date: /home/triton_07/Documents/framRobot/S1_G2_Machillot_Dridi/tello_ws/install/tello_interfaces/share/tello_interfaces/cmake/tello_interfaces__rosidl_typesupport_introspection_cExport-noconfig.cmake
[1.054s] -- Up-to-date: /home/triton_07/Documents/framRobot/S1_G2_Machillot_Dridi/tello_ws/install/tello_interfaces/share/tello_interfaces/cmake/tello_interfaces__rosidl_typesupport_cExport.cmake
[1.054s] -- Up-to-date: /home/triton_07/Documents/framRobot/S1_G2_Machillot_Dridi/tello_ws/install/tello_interfaces/share/tello_interfaces/cmake/tello_interfaces__rosidl_typesupport_cExport-noconfig.cmake
[1.054s] -- Up-to-date: /home/triton_07/Documents/framRobot/S1_G2_Machillot_Dridi/tello_ws/install/tello_interfaces/share/tello_interfaces/cmake/export_tello_interfaces__rosidl_generator_cppExport.cmake
[1.055s] -- Up-to-date: /home/triton_07/Documents/framRobot/S1_G2_Machillot_Dridi/tello_ws/install/tello_interfaces/share/tello_interfaces/cmake/export_tello_interfaces__rosidl_typesupport_fastrtps_cppExport.cmake
[1.055s] -- Up-to-date: /home/triton_07/Documents/framRobot/S1_G2_Machillot_Dridi/tello_ws/install/tello_interfaces/share/tello_interfaces/cmake/export_tello_interfaces__rosidl_typesupport_fastrtps_cppExport-noconfig.cmake
[1.055s] -- Up-to-date: /home/triton_07/Documents/framRobot/S1_G2_Machillot_Dridi/tello_ws/install/tello_interfaces/share/tello_interfaces/cmake/tello_interfaces__rosidl_typesupport_introspection_cppExport.cmake
[1.055s] -- Up-to-date: /home/triton_07/Documents/framRobot/S1_G2_Machillot_Dridi/tello_ws/install/tello_interfaces/share/tello_interfaces/cmake/tello_interfaces__rosidl_typesupport_introspection_cppExport-noconfig.cmake
[1.055s] -- Up-to-date: /home/triton_07/Documents/framRobot/S1_G2_Machillot_Dridi/tello_ws/install/tello_interfaces/share/tello_interfaces/cmake/tello_interfaces__rosidl_typesupport_cppExport.cmake
[1.055s] -- Up-to-date: /home/triton_07/Documents/framRobot/S1_G2_Machillot_Dridi/tello_ws/install/tello_interfaces/share/tello_interfaces/cmake/tello_interfaces__rosidl_typesupport_cppExport-noconfig.cmake
[1.055s] -- Up-to-date: /home/triton_07/Documents/framRobot/S1_G2_Machillot_Dridi/tello_ws/install/tello_interfaces/share/tello_interfaces/cmake/export_tello_interfaces__rosidl_generator_pyExport.cmake
[1.055s] -- Up-to-date: /home/triton_07/Documents/framRobot/S1_G2_Machillot_Dridi/tello_ws/install/tello_interfaces/share/tello_interfaces/cmake/export_tello_interfaces__rosidl_generator_pyExport-noconfig.cmake
[1.055s] -- Up-to-date: /home/triton_07/Documents/framRobot/S1_G2_Machillot_Dridi/tello_ws/install/tello_interfaces/share/tello_interfaces/cmake/rosidl_cmake-extras.cmake
[1.055s] -- Up-to-date: /home/triton_07/Documents/framRobot/S1_G2_Machillot_Dridi/tello_ws/install/tello_interfaces/share/tello_interfaces/cmake/ament_cmake_export_include_directories-extras.cmake
[1.055s] -- Up-to-date: /home/triton_07/Documents/framRobot/S1_G2_Machillot_Dridi/tello_ws/install/tello_interfaces/share/tello_interfaces/cmake/ament_cmake_export_libraries-extras.cmake
[1.055s] -- Up-to-date: /home/triton_07/Documents/framRobot/S1_G2_Machillot_Dridi/tello_ws/install/tello_interfaces/share/tello_interfaces/cmake/ament_cmake_export_targets-extras.cmake
[1.055s] -- Up-to-date: /home/triton_07/Documents/framRobot/S1_G2_Machillot_Dridi/tello_ws/install/tello_interfaces/share/tello_interfaces/cmake/rosidl_cmake_export_typesupport_targets-extras.cmake
[1.055s] -- Up-to-date: /home/triton_07/Documents/framRobot/S1_G2_Machillot_Dridi/tello_ws/install/tello_interfaces/share/tello_interfaces/cmake/ament_cmake_export_dependencies-extras.cmake
[1.055s] -- Up-to-date: /home/triton_07/Documents/framRobot/S1_G2_Machillot_Dridi/tello_ws/install/tello_interfaces/share/tello_interfaces/cmake/rosidl_cmake_export_typesupport_libraries-extras.cmake
[1.055s] -- Up-to-date: /home/triton_07/Documents/framRobot/S1_G2_Machillot_Dridi/tello_ws/install/tello_interfaces/share/tello_interfaces/cmake/tello_interfacesConfig.cmake
[1.055s] -- Up-to-date: /home/triton_07/Documents/framRobot/S1_G2_Machillot_Dridi/tello_ws/install/tello_interfaces/share/tello_interfaces/cmake/tello_interfacesConfig-version.cmake
[1.055s] -- Up-to-date: /home/triton_07/Documents/framRobot/S1_G2_Machillot_Dridi/tello_ws/install/tello_interfaces/share/tello_interfaces/package.xml
[1.057s] Invoked command in '/home/triton_07/Documents/framRobot/S1_G2_Machillot_Dridi/tello_ws/build/tello_interfaces' returned '0': CMAKE_PREFIX_PATH=${CMAKE_PREFIX_PATH}:/home/triton_07/Documents/framRobot/S1_G2_Machillot_Dridi/tello_ws/install/pypackage:/home/triton_07/Documents/framRobot/S1_G2_Machillot_Dridi/tello_ws/install/tello:/opt/ros/humble /usr/bin/cmake --install /home/triton_07/Documents/framRobot/S1_G2_Machillot_Dridi/tello_ws/build/tello_interfaces
