running egg_info
creating ../../build/pypackage/pypackage.egg-info
writing ../../build/pypackage/pypackage.egg-info/PKG-INFO
writing dependency_links to ../../build/pypackage/pypackage.egg-info/dependency_links.txt
writing entry points to ../../build/pypackage/pypackage.egg-info/entry_points.txt
writing requirements to ../../build/pypackage/pypackage.egg-info/requires.txt
writing top-level names to ../../build/pypackage/pypackage.egg-info/top_level.txt
writing manifest file '../../build/pypackage/pypackage.egg-info/SOURCES.txt'
reading manifest file '../../build/pypackage/pypackage.egg-info/SOURCES.txt'
adding license file 'LICENSE'
writing manifest file '../../build/pypackage/pypackage.egg-info/SOURCES.txt'
running build
running build_py
creating /home/triton_07/Documents/framRobot/S1_G2_Machillot_Dridi/tello_ws/build/pypackage/build
creating /home/triton_07/Documents/framRobot/S1_G2_Machillot_Dridi/tello_ws/build/pypackage/build/lib
creating /home/triton_07/Documents/framRobot/S1_G2_Machillot_Dridi/tello_ws/build/pypackage/build/lib/pypackage
copying pypackage/tello_behavior.py -> /home/triton_07/Documents/framRobot/S1_G2_Machillot_Dridi/tello_ws/build/pypackage/build/lib/pypackage
copying pypackage/center.py -> /home/triton_07/Documents/framRobot/S1_G2_Machillot_Dridi/tello_ws/build/pypackage/build/lib/pypackage
copying pypackage/control.py -> /home/triton_07/Documents/framRobot/S1_G2_Machillot_Dridi/tello_ws/build/pypackage/build/lib/pypackage
copying pypackage/__init__.py -> /home/triton_07/Documents/framRobot/S1_G2_Machillot_Dridi/tello_ws/build/pypackage/build/lib/pypackage
running install
/usr/lib/python3/dist-packages/setuptools/command/install.py:34: SetuptoolsDeprecationWarning: setup.py install is deprecated. Use build and pip and other standards-based tools.
  warnings.warn(
running install_lib
creating /home/triton_07/Documents/framRobot/S1_G2_Machillot_Dridi/tello_ws/install/pypackage/lib/python3.10/site-packages/pypackage
copying /home/triton_07/Documents/framRobot/S1_G2_Machillot_Dridi/tello_ws/build/pypackage/build/lib/pypackage/tello_behavior.py -> /home/triton_07/Documents/framRobot/S1_G2_Machillot_Dridi/tello_ws/install/pypackage/lib/python3.10/site-packages/pypackage
copying /home/triton_07/Documents/framRobot/S1_G2_Machillot_Dridi/tello_ws/build/pypackage/build/lib/pypackage/center.py -> /home/triton_07/Documents/framRobot/S1_G2_Machillot_Dridi/tello_ws/install/pypackage/lib/python3.10/site-packages/pypackage
copying /home/triton_07/Documents/framRobot/S1_G2_Machillot_Dridi/tello_ws/build/pypackage/build/lib/pypackage/control.py -> /home/triton_07/Documents/framRobot/S1_G2_Machillot_Dridi/tello_ws/install/pypackage/lib/python3.10/site-packages/pypackage
copying /home/triton_07/Documents/framRobot/S1_G2_Machillot_Dridi/tello_ws/build/pypackage/build/lib/pypackage/__init__.py -> /home/triton_07/Documents/framRobot/S1_G2_Machillot_Dridi/tello_ws/install/pypackage/lib/python3.10/site-packages/pypackage
byte-compiling /home/triton_07/Documents/framRobot/S1_G2_Machillot_Dridi/tello_ws/install/pypackage/lib/python3.10/site-packages/pypackage/tello_behavior.py to tello_behavior.cpython-310.pyc
byte-compiling /home/triton_07/Documents/framRobot/S1_G2_Machillot_Dridi/tello_ws/install/pypackage/lib/python3.10/site-packages/pypackage/center.py to center.cpython-310.pyc
byte-compiling /home/triton_07/Documents/framRobot/S1_G2_Machillot_Dridi/tello_ws/install/pypackage/lib/python3.10/site-packages/pypackage/control.py to control.cpython-310.pyc
byte-compiling /home/triton_07/Documents/framRobot/S1_G2_Machillot_Dridi/tello_ws/install/pypackage/lib/python3.10/site-packages/pypackage/__init__.py to __init__.cpython-310.pyc
running install_data
creating /home/triton_07/Documents/framRobot/S1_G2_Machillot_Dridi/tello_ws/install/pypackage/share/ament_index
creating /home/triton_07/Documents/framRobot/S1_G2_Machillot_Dridi/tello_ws/install/pypackage/share/ament_index/resource_index
creating /home/triton_07/Documents/framRobot/S1_G2_Machillot_Dridi/tello_ws/install/pypackage/share/ament_index/resource_index/packages
copying resource/pypackage -> /home/triton_07/Documents/framRobot/S1_G2_Machillot_Dridi/tello_ws/install/pypackage/share/ament_index/resource_index/packages
copying package.xml -> /home/triton_07/Documents/framRobot/S1_G2_Machillot_Dridi/tello_ws/install/pypackage/share/pypackage
creating /home/triton_07/Documents/framRobot/S1_G2_Machillot_Dridi/tello_ws/install/pypackage/share/pypackage/launch
copying launch/controlrqtlaunch.py -> /home/triton_07/Documents/framRobot/S1_G2_Machillot_Dridi/tello_ws/install/pypackage/share/pypackage/launch
running install_egg_info
Copying ../../build/pypackage/pypackage.egg-info to /home/triton_07/Documents/framRobot/S1_G2_Machillot_Dridi/tello_ws/install/pypackage/lib/python3.10/site-packages/pypackage-0.0.0-py3.10.egg-info
running install_scripts
Installing center script to /home/triton_07/Documents/framRobot/S1_G2_Machillot_Dridi/tello_ws/install/pypackage/lib/pypackage
Installing control script to /home/triton_07/Documents/framRobot/S1_G2_Machillot_Dridi/tello_ws/install/pypackage/lib/pypackage
Installing tello_behavior script to /home/triton_07/Documents/framRobot/S1_G2_Machillot_Dridi/tello_ws/install/pypackage/lib/pypackage
writing list of installed files to '/home/triton_07/Documents/framRobot/S1_G2_Machillot_Dridi/tello_ws/build/pypackage/install.log'
