[0.020s] Invoking command in '/home/triton_07/Documents/framRobot/S1_G2_Machillot_Dridi/tello_ws/build/tello_msg': CMAKE_PREFIX_PATH=${CMAKE_PREFIX_PATH}:/home/triton_07/Documents/framRobot/S1_G2_Machillot_Dridi/tello_ws/install/pypackage:/home/triton_07/Documents/framRobot/S1_G2_Machillot_Dridi/tello_ws/install/tello:/opt/ros/humble /usr/bin/cmake --build /home/triton_07/Documents/framRobot/S1_G2_Machillot_Dridi/tello_ws/build/tello_msg -- -j16 -l16
[0.051s] [35m[1mConsolidate compiler generated dependencies of target tello_msg__rosidl_generator_c[0m
[0.058s] [  2%] Built target tello_msg__cpp
[0.060s] [ 12%] Built target tello_msg__rosidl_generator_c
[0.066s] [ 12%] Built target ament_cmake_python_copy_tello_msg
[0.068s] [35m[1mConsolidate compiler generated dependencies of target tello_msg__rosidl_typesupport_fastrtps_cpp[0m
[0.068s] [35m[1mConsolidate compiler generated dependencies of target tello_msg__rosidl_typesupport_cpp[0m
[0.069s] [35m[1mConsolidate compiler generated dependencies of target tello_msg__rosidl_typesupport_introspection_cpp[0m
[0.070s] [35m[1mConsolidate compiler generated dependencies of target tello_msg__rosidl_typesupport_c[0m
[0.071s] [35m[1mConsolidate compiler generated dependencies of target tello_msg__rosidl_typesupport_fastrtps_c[0m
[0.074s] [35m[1mConsolidate compiler generated dependencies of target tello_msg__rosidl_typesupport_introspection_c[0m
[0.083s] [ 23%] Built target tello_msg__rosidl_typesupport_c
[0.084s] [ 44%] Built target tello_msg__rosidl_typesupport_fastrtps_cpp
[0.084s] [ 44%] Built target tello_msg__rosidl_typesupport_cpp
[0.085s] [ 55%] Built target tello_msg__rosidl_typesupport_introspection_cpp
[0.085s] [ 65%] Built target tello_msg__rosidl_typesupport_fastrtps_c
[0.087s] [ 76%] Built target tello_msg__rosidl_typesupport_introspection_c
[0.101s] [ 76%] Built target tello_msg
[0.117s] [ 78%] Built target tello_msg__py
[0.127s] [35m[1mConsolidate compiler generated dependencies of target tello_msg__rosidl_generator_py[0m
[0.136s] [ 87%] Built target tello_msg__rosidl_generator_py
[0.144s] [35m[1mConsolidate compiler generated dependencies of target tello_msg__rosidl_typesupport_fastrtps_c__pyext[0m
[0.146s] [35m[1mConsolidate compiler generated dependencies of target tello_msg__rosidl_typesupport_introspection_c__pyext[0m
[0.146s] [35m[1mConsolidate compiler generated dependencies of target tello_msg__rosidl_typesupport_c__pyext[0m
[0.156s] [ 91%] Built target tello_msg__rosidl_typesupport_fastrtps_c__pyext
[0.156s] [ 95%] Built target tello_msg__rosidl_typesupport_introspection_c__pyext
[0.156s] [100%] Built target tello_msg__rosidl_typesupport_c__pyext
[0.311s] running egg_info
[0.311s] writing tello_msg.egg-info/PKG-INFO
[0.311s] writing dependency_links to tello_msg.egg-info/dependency_links.txt
[0.311s] writing top-level names to tello_msg.egg-info/top_level.txt
[0.313s] reading manifest file 'tello_msg.egg-info/SOURCES.txt'
[0.314s] writing manifest file 'tello_msg.egg-info/SOURCES.txt'
[0.333s] [100%] Built target ament_cmake_python_build_tello_msg_egg
[0.341s] Invoked command in '/home/triton_07/Documents/framRobot/S1_G2_Machillot_Dridi/tello_ws/build/tello_msg' returned '0': CMAKE_PREFIX_PATH=${CMAKE_PREFIX_PATH}:/home/triton_07/Documents/framRobot/S1_G2_Machillot_Dridi/tello_ws/install/pypackage:/home/triton_07/Documents/framRobot/S1_G2_Machillot_Dridi/tello_ws/install/tello:/opt/ros/humble /usr/bin/cmake --build /home/triton_07/Documents/framRobot/S1_G2_Machillot_Dridi/tello_ws/build/tello_msg -- -j16 -l16
[0.405s] Invoking command in '/home/triton_07/Documents/framRobot/S1_G2_Machillot_Dridi/tello_ws/build/tello_msg': CMAKE_PREFIX_PATH=${CMAKE_PREFIX_PATH}:/home/triton_07/Documents/framRobot/S1_G2_Machillot_Dridi/tello_ws/install/pypackage:/home/triton_07/Documents/framRobot/S1_G2_Machillot_Dridi/tello_ws/install/tello:/opt/ros/humble /usr/bin/cmake --install /home/triton_07/Documents/framRobot/S1_G2_Machillot_Dridi/tello_ws/build/tello_msg
[0.407s] -- Install configuration: ""
[0.407s] -- Up-to-date: /home/triton_07/Documents/framRobot/S1_G2_Machillot_Dridi/tello_ws/install/tello_msg/share/ament_index/resource_index/rosidl_interfaces/tello_msg
[0.407s] -- Up-to-date: /home/triton_07/Documents/framRobot/S1_G2_Machillot_Dridi/tello_ws/install/tello_msg/include/tello_msg/tello_msg
[0.407s] -- Up-to-date: /home/triton_07/Documents/framRobot/S1_G2_Machillot_Dridi/tello_ws/install/tello_msg/include/tello_msg/tello_msg/msg
[0.407s] -- Up-to-date: /home/triton_07/Documents/framRobot/S1_G2_Machillot_Dridi/tello_ws/install/tello_msg/include/tello_msg/tello_msg/msg/tello_wifi_config.h
[0.407s] -- Up-to-date: /home/triton_07/Documents/framRobot/S1_G2_Machillot_Dridi/tello_ws/install/tello_msg/include/tello_msg/tello_msg/msg/rosidl_generator_c__visibility_control.h
[0.407s] -- Up-to-date: /home/triton_07/Documents/framRobot/S1_G2_Machillot_Dridi/tello_ws/install/tello_msg/include/tello_msg/tello_msg/msg/detail
[0.407s] -- Up-to-date: /home/triton_07/Documents/framRobot/S1_G2_Machillot_Dridi/tello_ws/install/tello_msg/include/tello_msg/tello_msg/msg/detail/tello_wifi_config__struct.h
[0.407s] -- Up-to-date: /home/triton_07/Documents/framRobot/S1_G2_Machillot_Dridi/tello_ws/install/tello_msg/include/tello_msg/tello_msg/msg/detail/tello_wifi_config__type_support.h
[0.408s] -- Up-to-date: /home/triton_07/Documents/framRobot/S1_G2_Machillot_Dridi/tello_ws/install/tello_msg/include/tello_msg/tello_msg/msg/detail/tello_status__struct.h
[0.408s] -- Up-to-date: /home/triton_07/Documents/framRobot/S1_G2_Machillot_Dridi/tello_ws/install/tello_msg/include/tello_msg/tello_msg/msg/detail/tello_status__functions.h
[0.408s] -- Up-to-date: /home/triton_07/Documents/framRobot/S1_G2_Machillot_Dridi/tello_ws/install/tello_msg/include/tello_msg/tello_msg/msg/detail/tello_status__functions.c
[0.408s] -- Up-to-date: /home/triton_07/Documents/framRobot/S1_G2_Machillot_Dridi/tello_ws/install/tello_msg/include/tello_msg/tello_msg/msg/detail/tello_wifi_config__functions.c
[0.408s] -- Up-to-date: /home/triton_07/Documents/framRobot/S1_G2_Machillot_Dridi/tello_ws/install/tello_msg/include/tello_msg/tello_msg/msg/detail/tello_id__type_support.h
[0.408s] -- Up-to-date: /home/triton_07/Documents/framRobot/S1_G2_Machillot_Dridi/tello_ws/install/tello_msg/include/tello_msg/tello_msg/msg/detail/tello_id__functions.h
[0.408s] -- Up-to-date: /home/triton_07/Documents/framRobot/S1_G2_Machillot_Dridi/tello_ws/install/tello_msg/include/tello_msg/tello_msg/msg/detail/tello_id__functions.c
[0.408s] -- Up-to-date: /home/triton_07/Documents/framRobot/S1_G2_Machillot_Dridi/tello_ws/install/tello_msg/include/tello_msg/tello_msg/msg/detail/tello_status__type_support.h
[0.408s] -- Up-to-date: /home/triton_07/Documents/framRobot/S1_G2_Machillot_Dridi/tello_ws/install/tello_msg/include/tello_msg/tello_msg/msg/detail/tello_id__struct.h
[0.408s] -- Up-to-date: /home/triton_07/Documents/framRobot/S1_G2_Machillot_Dridi/tello_ws/install/tello_msg/include/tello_msg/tello_msg/msg/detail/tello_wifi_config__functions.h
[0.408s] -- Up-to-date: /home/triton_07/Documents/framRobot/S1_G2_Machillot_Dridi/tello_ws/install/tello_msg/include/tello_msg/tello_msg/msg/tello_status.h
[0.408s] -- Up-to-date: /home/triton_07/Documents/framRobot/S1_G2_Machillot_Dridi/tello_ws/install/tello_msg/include/tello_msg/tello_msg/msg/tello_id.h
[0.408s] -- Up-to-date: /home/triton_07/Documents/framRobot/S1_G2_Machillot_Dridi/tello_ws/install/tello_msg/share/tello_msg/environment/library_path.sh
[0.408s] -- Up-to-date: /home/triton_07/Documents/framRobot/S1_G2_Machillot_Dridi/tello_ws/install/tello_msg/share/tello_msg/environment/library_path.dsv
[0.408s] -- Up-to-date: /home/triton_07/Documents/framRobot/S1_G2_Machillot_Dridi/tello_ws/install/tello_msg/lib/libtello_msg__rosidl_generator_c.so
[0.409s] -- Up-to-date: /home/triton_07/Documents/framRobot/S1_G2_Machillot_Dridi/tello_ws/install/tello_msg/include/tello_msg/tello_msg
[0.409s] -- Up-to-date: /home/triton_07/Documents/framRobot/S1_G2_Machillot_Dridi/tello_ws/install/tello_msg/include/tello_msg/tello_msg/msg
[0.409s] -- Up-to-date: /home/triton_07/Documents/framRobot/S1_G2_Machillot_Dridi/tello_ws/install/tello_msg/include/tello_msg/tello_msg/msg/rosidl_typesupport_fastrtps_c__visibility_control.h
[0.409s] -- Up-to-date: /home/triton_07/Documents/framRobot/S1_G2_Machillot_Dridi/tello_ws/install/tello_msg/include/tello_msg/tello_msg/msg/detail
[0.409s] -- Up-to-date: /home/triton_07/Documents/framRobot/S1_G2_Machillot_Dridi/tello_ws/install/tello_msg/include/tello_msg/tello_msg/msg/detail/tello_wifi_config__rosidl_typesupport_fastrtps_c.h
[0.409s] -- Up-to-date: /home/triton_07/Documents/framRobot/S1_G2_Machillot_Dridi/tello_ws/install/tello_msg/include/tello_msg/tello_msg/msg/detail/tello_id__rosidl_typesupport_fastrtps_c.h
[0.409s] -- Up-to-date: /home/triton_07/Documents/framRobot/S1_G2_Machillot_Dridi/tello_ws/install/tello_msg/include/tello_msg/tello_msg/msg/detail/tello_status__rosidl_typesupport_fastrtps_c.h
[0.409s] -- Up-to-date: /home/triton_07/Documents/framRobot/S1_G2_Machillot_Dridi/tello_ws/install/tello_msg/lib/libtello_msg__rosidl_typesupport_fastrtps_c.so
[0.409s] -- Up-to-date: /home/triton_07/Documents/framRobot/S1_G2_Machillot_Dridi/tello_ws/install/tello_msg/include/tello_msg/tello_msg
[0.409s] -- Up-to-date: /home/triton_07/Documents/framRobot/S1_G2_Machillot_Dridi/tello_ws/install/tello_msg/include/tello_msg/tello_msg/msg
[0.409s] -- Up-to-date: /home/triton_07/Documents/framRobot/S1_G2_Machillot_Dridi/tello_ws/install/tello_msg/include/tello_msg/tello_msg/msg/detail
[0.409s] -- Up-to-date: /home/triton_07/Documents/framRobot/S1_G2_Machillot_Dridi/tello_ws/install/tello_msg/include/tello_msg/tello_msg/msg/detail/tello_id__type_support.c
[0.409s] -- Up-to-date: /home/triton_07/Documents/framRobot/S1_G2_Machillot_Dridi/tello_ws/install/tello_msg/include/tello_msg/tello_msg/msg/detail/tello_status__rosidl_typesupport_introspection_c.h
[0.409s] -- Up-to-date: /home/triton_07/Documents/framRobot/S1_G2_Machillot_Dridi/tello_ws/install/tello_msg/include/tello_msg/tello_msg/msg/detail/tello_wifi_config__type_support.c
[0.409s] -- Up-to-date: /home/triton_07/Documents/framRobot/S1_G2_Machillot_Dridi/tello_ws/install/tello_msg/include/tello_msg/tello_msg/msg/detail/tello_id__rosidl_typesupport_introspection_c.h
[0.410s] -- Up-to-date: /home/triton_07/Documents/framRobot/S1_G2_Machillot_Dridi/tello_ws/install/tello_msg/include/tello_msg/tello_msg/msg/detail/tello_wifi_config__rosidl_typesupport_introspection_c.h
[0.410s] -- Up-to-date: /home/triton_07/Documents/framRobot/S1_G2_Machillot_Dridi/tello_ws/install/tello_msg/include/tello_msg/tello_msg/msg/detail/tello_status__type_support.c
[0.410s] -- Up-to-date: /home/triton_07/Documents/framRobot/S1_G2_Machillot_Dridi/tello_ws/install/tello_msg/include/tello_msg/tello_msg/msg/rosidl_typesupport_introspection_c__visibility_control.h
[0.410s] -- Up-to-date: /home/triton_07/Documents/framRobot/S1_G2_Machillot_Dridi/tello_ws/install/tello_msg/lib/libtello_msg__rosidl_typesupport_introspection_c.so
[0.410s] -- Up-to-date: /home/triton_07/Documents/framRobot/S1_G2_Machillot_Dridi/tello_ws/install/tello_msg/lib/libtello_msg__rosidl_typesupport_c.so
[0.410s] -- Up-to-date: /home/triton_07/Documents/framRobot/S1_G2_Machillot_Dridi/tello_ws/install/tello_msg/include/tello_msg/tello_msg
[0.410s] -- Up-to-date: /home/triton_07/Documents/framRobot/S1_G2_Machillot_Dridi/tello_ws/install/tello_msg/include/tello_msg/tello_msg/msg
[0.410s] -- Up-to-date: /home/triton_07/Documents/framRobot/S1_G2_Machillot_Dridi/tello_ws/install/tello_msg/include/tello_msg/tello_msg/msg/tello_wifi_config.hpp
[0.410s] -- Up-to-date: /home/triton_07/Documents/framRobot/S1_G2_Machillot_Dridi/tello_ws/install/tello_msg/include/tello_msg/tello_msg/msg/tello_id.hpp
[0.410s] -- Up-to-date: /home/triton_07/Documents/framRobot/S1_G2_Machillot_Dridi/tello_ws/install/tello_msg/include/tello_msg/tello_msg/msg/detail
[0.410s] -- Up-to-date: /home/triton_07/Documents/framRobot/S1_G2_Machillot_Dridi/tello_ws/install/tello_msg/include/tello_msg/tello_msg/msg/detail/tello_wifi_config__builder.hpp
[0.410s] -- Up-to-date: /home/triton_07/Documents/framRobot/S1_G2_Machillot_Dridi/tello_ws/install/tello_msg/include/tello_msg/tello_msg/msg/detail/tello_status__traits.hpp
[0.410s] -- Up-to-date: /home/triton_07/Documents/framRobot/S1_G2_Machillot_Dridi/tello_ws/install/tello_msg/include/tello_msg/tello_msg/msg/detail/tello_wifi_config__traits.hpp
[0.410s] -- Up-to-date: /home/triton_07/Documents/framRobot/S1_G2_Machillot_Dridi/tello_ws/install/tello_msg/include/tello_msg/tello_msg/msg/detail/tello_wifi_config__struct.hpp
[0.410s] -- Up-to-date: /home/triton_07/Documents/framRobot/S1_G2_Machillot_Dridi/tello_ws/install/tello_msg/include/tello_msg/tello_msg/msg/detail/tello_id__builder.hpp
[0.410s] -- Up-to-date: /home/triton_07/Documents/framRobot/S1_G2_Machillot_Dridi/tello_ws/install/tello_msg/include/tello_msg/tello_msg/msg/detail/tello_status__builder.hpp
[0.410s] -- Up-to-date: /home/triton_07/Documents/framRobot/S1_G2_Machillot_Dridi/tello_ws/install/tello_msg/include/tello_msg/tello_msg/msg/detail/tello_id__traits.hpp
[0.411s] -- Up-to-date: /home/triton_07/Documents/framRobot/S1_G2_Machillot_Dridi/tello_ws/install/tello_msg/include/tello_msg/tello_msg/msg/detail/tello_status__struct.hpp
[0.411s] -- Up-to-date: /home/triton_07/Documents/framRobot/S1_G2_Machillot_Dridi/tello_ws/install/tello_msg/include/tello_msg/tello_msg/msg/detail/tello_id__struct.hpp
[0.411s] -- Up-to-date: /home/triton_07/Documents/framRobot/S1_G2_Machillot_Dridi/tello_ws/install/tello_msg/include/tello_msg/tello_msg/msg/tello_status.hpp
[0.411s] -- Up-to-date: /home/triton_07/Documents/framRobot/S1_G2_Machillot_Dridi/tello_ws/install/tello_msg/include/tello_msg/tello_msg
[0.411s] -- Up-to-date: /home/triton_07/Documents/framRobot/S1_G2_Machillot_Dridi/tello_ws/install/tello_msg/include/tello_msg/tello_msg/msg
[0.411s] -- Up-to-date: /home/triton_07/Documents/framRobot/S1_G2_Machillot_Dridi/tello_ws/install/tello_msg/include/tello_msg/tello_msg/msg/rosidl_typesupport_fastrtps_cpp__visibility_control.h
[0.411s] -- Up-to-date: /home/triton_07/Documents/framRobot/S1_G2_Machillot_Dridi/tello_ws/install/tello_msg/include/tello_msg/tello_msg/msg/detail
[0.411s] -- Up-to-date: /home/triton_07/Documents/framRobot/S1_G2_Machillot_Dridi/tello_ws/install/tello_msg/include/tello_msg/tello_msg/msg/detail/tello_wifi_config__rosidl_typesupport_fastrtps_cpp.hpp
[0.411s] -- Up-to-date: /home/triton_07/Documents/framRobot/S1_G2_Machillot_Dridi/tello_ws/install/tello_msg/include/tello_msg/tello_msg/msg/detail/tello_id__rosidl_typesupport_fastrtps_cpp.hpp
[0.411s] -- Up-to-date: /home/triton_07/Documents/framRobot/S1_G2_Machillot_Dridi/tello_ws/install/tello_msg/include/tello_msg/tello_msg/msg/detail/dds_fastrtps
[0.411s] -- Up-to-date: /home/triton_07/Documents/framRobot/S1_G2_Machillot_Dridi/tello_ws/install/tello_msg/include/tello_msg/tello_msg/msg/detail/tello_status__rosidl_typesupport_fastrtps_cpp.hpp
[0.411s] -- Up-to-date: /home/triton_07/Documents/framRobot/S1_G2_Machillot_Dridi/tello_ws/install/tello_msg/lib/libtello_msg__rosidl_typesupport_fastrtps_cpp.so
[0.411s] -- Up-to-date: /home/triton_07/Documents/framRobot/S1_G2_Machillot_Dridi/tello_ws/install/tello_msg/include/tello_msg/tello_msg
[0.411s] -- Up-to-date: /home/triton_07/Documents/framRobot/S1_G2_Machillot_Dridi/tello_ws/install/tello_msg/include/tello_msg/tello_msg/msg
[0.411s] -- Up-to-date: /home/triton_07/Documents/framRobot/S1_G2_Machillot_Dridi/tello_ws/install/tello_msg/include/tello_msg/tello_msg/msg/detail
[0.411s] -- Up-to-date: /home/triton_07/Documents/framRobot/S1_G2_Machillot_Dridi/tello_ws/install/tello_msg/include/tello_msg/tello_msg/msg/detail/tello_wifi_config__type_support.cpp
[0.411s] -- Up-to-date: /home/triton_07/Documents/framRobot/S1_G2_Machillot_Dridi/tello_ws/install/tello_msg/include/tello_msg/tello_msg/msg/detail/tello_status__type_support.cpp
[0.411s] -- Up-to-date: /home/triton_07/Documents/framRobot/S1_G2_Machillot_Dridi/tello_ws/install/tello_msg/include/tello_msg/tello_msg/msg/detail/tello_status__rosidl_typesupport_introspection_cpp.hpp
[0.411s] -- Up-to-date: /home/triton_07/Documents/framRobot/S1_G2_Machillot_Dridi/tello_ws/install/tello_msg/include/tello_msg/tello_msg/msg/detail/tello_id__rosidl_typesupport_introspection_cpp.hpp
[0.411s] -- Up-to-date: /home/triton_07/Documents/framRobot/S1_G2_Machillot_Dridi/tello_ws/install/tello_msg/include/tello_msg/tello_msg/msg/detail/tello_id__type_support.cpp
[0.412s] -- Up-to-date: /home/triton_07/Documents/framRobot/S1_G2_Machillot_Dridi/tello_ws/install/tello_msg/include/tello_msg/tello_msg/msg/detail/tello_wifi_config__rosidl_typesupport_introspection_cpp.hpp
[0.412s] -- Up-to-date: /home/triton_07/Documents/framRobot/S1_G2_Machillot_Dridi/tello_ws/install/tello_msg/lib/libtello_msg__rosidl_typesupport_introspection_cpp.so
[0.412s] -- Up-to-date: /home/triton_07/Documents/framRobot/S1_G2_Machillot_Dridi/tello_ws/install/tello_msg/lib/libtello_msg__rosidl_typesupport_cpp.so
[0.412s] -- Up-to-date: /home/triton_07/Documents/framRobot/S1_G2_Machillot_Dridi/tello_ws/install/tello_msg/share/tello_msg/environment/pythonpath.sh
[0.412s] -- Up-to-date: /home/triton_07/Documents/framRobot/S1_G2_Machillot_Dridi/tello_ws/install/tello_msg/share/tello_msg/environment/pythonpath.dsv
[0.412s] -- Up-to-date: /home/triton_07/Documents/framRobot/S1_G2_Machillot_Dridi/tello_ws/install/tello_msg/local/lib/python3.10/dist-packages/tello_msg-0.0.1-py3.10.egg-info
[0.412s] -- Installing: /home/triton_07/Documents/framRobot/S1_G2_Machillot_Dridi/tello_ws/install/tello_msg/local/lib/python3.10/dist-packages/tello_msg-0.0.1-py3.10.egg-info/top_level.txt
[0.412s] -- Installing: /home/triton_07/Documents/framRobot/S1_G2_Machillot_Dridi/tello_ws/install/tello_msg/local/lib/python3.10/dist-packages/tello_msg-0.0.1-py3.10.egg-info/PKG-INFO
[0.412s] -- Installing: /home/triton_07/Documents/framRobot/S1_G2_Machillot_Dridi/tello_ws/install/tello_msg/local/lib/python3.10/dist-packages/tello_msg-0.0.1-py3.10.egg-info/SOURCES.txt
[0.412s] -- Installing: /home/triton_07/Documents/framRobot/S1_G2_Machillot_Dridi/tello_ws/install/tello_msg/local/lib/python3.10/dist-packages/tello_msg-0.0.1-py3.10.egg-info/dependency_links.txt
[0.412s] -- Up-to-date: /home/triton_07/Documents/framRobot/S1_G2_Machillot_Dridi/tello_ws/install/tello_msg/local/lib/python3.10/dist-packages/tello_msg
[0.412s] -- Up-to-date: /home/triton_07/Documents/framRobot/S1_G2_Machillot_Dridi/tello_ws/install/tello_msg/local/lib/python3.10/dist-packages/tello_msg/msg
[0.412s] -- Up-to-date: /home/triton_07/Documents/framRobot/S1_G2_Machillot_Dridi/tello_ws/install/tello_msg/local/lib/python3.10/dist-packages/tello_msg/msg/_tello_id_s.c
[0.412s] -- Up-to-date: /home/triton_07/Documents/framRobot/S1_G2_Machillot_Dridi/tello_ws/install/tello_msg/local/lib/python3.10/dist-packages/tello_msg/msg/_tello_id.py
[0.412s] -- Up-to-date: /home/triton_07/Documents/framRobot/S1_G2_Machillot_Dridi/tello_ws/install/tello_msg/local/lib/python3.10/dist-packages/tello_msg/msg/_tello_status.py
[0.412s] -- Up-to-date: /home/triton_07/Documents/framRobot/S1_G2_Machillot_Dridi/tello_ws/install/tello_msg/local/lib/python3.10/dist-packages/tello_msg/msg/_tello_wifi_config_s.c
[0.412s] -- Up-to-date: /home/triton_07/Documents/framRobot/S1_G2_Machillot_Dridi/tello_ws/install/tello_msg/local/lib/python3.10/dist-packages/tello_msg/msg/_tello_status_s.c
[0.412s] -- Up-to-date: /home/triton_07/Documents/framRobot/S1_G2_Machillot_Dridi/tello_ws/install/tello_msg/local/lib/python3.10/dist-packages/tello_msg/msg/__init__.py
[0.412s] -- Up-to-date: /home/triton_07/Documents/framRobot/S1_G2_Machillot_Dridi/tello_ws/install/tello_msg/local/lib/python3.10/dist-packages/tello_msg/msg/_tello_wifi_config.py
[0.413s] -- Up-to-date: /home/triton_07/Documents/framRobot/S1_G2_Machillot_Dridi/tello_ws/install/tello_msg/local/lib/python3.10/dist-packages/tello_msg/_tello_msg_s.ep.rosidl_typesupport_introspection_c.c
[0.413s] -- Up-to-date: /home/triton_07/Documents/framRobot/S1_G2_Machillot_Dridi/tello_ws/install/tello_msg/local/lib/python3.10/dist-packages/tello_msg/_tello_msg_s.ep.rosidl_typesupport_fastrtps_c.c
[0.413s] -- Up-to-date: /home/triton_07/Documents/framRobot/S1_G2_Machillot_Dridi/tello_ws/install/tello_msg/local/lib/python3.10/dist-packages/tello_msg/libtello_msg__rosidl_generator_py.so
[0.413s] -- Up-to-date: /home/triton_07/Documents/framRobot/S1_G2_Machillot_Dridi/tello_ws/install/tello_msg/local/lib/python3.10/dist-packages/tello_msg/_tello_msg_s.ep.rosidl_typesupport_c.c
[0.413s] -- Up-to-date: /home/triton_07/Documents/framRobot/S1_G2_Machillot_Dridi/tello_ws/install/tello_msg/local/lib/python3.10/dist-packages/tello_msg/__init__.py
[0.413s] -- Up-to-date: /home/triton_07/Documents/framRobot/S1_G2_Machillot_Dridi/tello_ws/install/tello_msg/local/lib/python3.10/dist-packages/tello_msg/tello_msg_s__rosidl_typesupport_fastrtps_c.cpython-310-x86_64-linux-gnu.so
[0.413s] -- Up-to-date: /home/triton_07/Documents/framRobot/S1_G2_Machillot_Dridi/tello_ws/install/tello_msg/local/lib/python3.10/dist-packages/tello_msg/tello_msg_s__rosidl_typesupport_c.cpython-310-x86_64-linux-gnu.so
[0.413s] -- Up-to-date: /home/triton_07/Documents/framRobot/S1_G2_Machillot_Dridi/tello_ws/install/tello_msg/local/lib/python3.10/dist-packages/tello_msg/tello_msg_s__rosidl_typesupport_introspection_c.cpython-310-x86_64-linux-gnu.so
[0.437s] Listing '/home/triton_07/Documents/framRobot/S1_G2_Machillot_Dridi/tello_ws/install/tello_msg/local/lib/python3.10/dist-packages/tello_msg'...
[0.437s] Listing '/home/triton_07/Documents/framRobot/S1_G2_Machillot_Dridi/tello_ws/install/tello_msg/local/lib/python3.10/dist-packages/tello_msg/msg'...
[0.439s] -- Up-to-date: /home/triton_07/Documents/framRobot/S1_G2_Machillot_Dridi/tello_ws/install/tello_msg/local/lib/python3.10/dist-packages/tello_msg/tello_msg_s__rosidl_typesupport_fastrtps_c.cpython-310-x86_64-linux-gnu.so
[0.439s] -- Up-to-date: /home/triton_07/Documents/framRobot/S1_G2_Machillot_Dridi/tello_ws/install/tello_msg/local/lib/python3.10/dist-packages/tello_msg/tello_msg_s__rosidl_typesupport_introspection_c.cpython-310-x86_64-linux-gnu.so
[0.439s] -- Up-to-date: /home/triton_07/Documents/framRobot/S1_G2_Machillot_Dridi/tello_ws/install/tello_msg/local/lib/python3.10/dist-packages/tello_msg/tello_msg_s__rosidl_typesupport_c.cpython-310-x86_64-linux-gnu.so
[0.440s] -- Up-to-date: /home/triton_07/Documents/framRobot/S1_G2_Machillot_Dridi/tello_ws/install/tello_msg/lib/libtello_msg__rosidl_generator_py.so
[0.440s] -- Up-to-date: /home/triton_07/Documents/framRobot/S1_G2_Machillot_Dridi/tello_ws/install/tello_msg/share/tello_msg/msg/TelloStatus.idl
[0.440s] -- Up-to-date: /home/triton_07/Documents/framRobot/S1_G2_Machillot_Dridi/tello_ws/install/tello_msg/share/tello_msg/msg/TelloID.idl
[0.440s] -- Up-to-date: /home/triton_07/Documents/framRobot/S1_G2_Machillot_Dridi/tello_ws/install/tello_msg/share/tello_msg/msg/TelloWifiConfig.idl
[0.440s] -- Up-to-date: /home/triton_07/Documents/framRobot/S1_G2_Machillot_Dridi/tello_ws/install/tello_msg/share/tello_msg/msg/TelloStatus.msg
[0.441s] -- Up-to-date: /home/triton_07/Documents/framRobot/S1_G2_Machillot_Dridi/tello_ws/install/tello_msg/share/tello_msg/msg/TelloID.msg
[0.441s] -- Up-to-date: /home/triton_07/Documents/framRobot/S1_G2_Machillot_Dridi/tello_ws/install/tello_msg/share/tello_msg/msg/TelloWifiConfig.msg
[0.442s] -- Up-to-date: /home/triton_07/Documents/framRobot/S1_G2_Machillot_Dridi/tello_ws/install/tello_msg/share/ament_index/resource_index/package_run_dependencies/tello_msg
[0.442s] -- Up-to-date: /home/triton_07/Documents/framRobot/S1_G2_Machillot_Dridi/tello_ws/install/tello_msg/share/ament_index/resource_index/parent_prefix_path/tello_msg
[0.442s] -- Up-to-date: /home/triton_07/Documents/framRobot/S1_G2_Machillot_Dridi/tello_ws/install/tello_msg/share/tello_msg/environment/ament_prefix_path.sh
[0.442s] -- Up-to-date: /home/triton_07/Documents/framRobot/S1_G2_Machillot_Dridi/tello_ws/install/tello_msg/share/tello_msg/environment/ament_prefix_path.dsv
[0.442s] -- Up-to-date: /home/triton_07/Documents/framRobot/S1_G2_Machillot_Dridi/tello_ws/install/tello_msg/share/tello_msg/environment/path.sh
[0.442s] -- Up-to-date: /home/triton_07/Documents/framRobot/S1_G2_Machillot_Dridi/tello_ws/install/tello_msg/share/tello_msg/environment/path.dsv
[0.443s] -- Up-to-date: /home/triton_07/Documents/framRobot/S1_G2_Machillot_Dridi/tello_ws/install/tello_msg/share/tello_msg/local_setup.bash
[0.443s] -- Up-to-date: /home/triton_07/Documents/framRobot/S1_G2_Machillot_Dridi/tello_ws/install/tello_msg/share/tello_msg/local_setup.sh
[0.443s] -- Up-to-date: /home/triton_07/Documents/framRobot/S1_G2_Machillot_Dridi/tello_ws/install/tello_msg/share/tello_msg/local_setup.zsh
[0.443s] -- Up-to-date: /home/triton_07/Documents/framRobot/S1_G2_Machillot_Dridi/tello_ws/install/tello_msg/share/tello_msg/local_setup.dsv
[0.443s] -- Installing: /home/triton_07/Documents/framRobot/S1_G2_Machillot_Dridi/tello_ws/install/tello_msg/share/tello_msg/package.dsv
[0.443s] -- Up-to-date: /home/triton_07/Documents/framRobot/S1_G2_Machillot_Dridi/tello_ws/install/tello_msg/share/ament_index/resource_index/packages/tello_msg
[0.443s] -- Up-to-date: /home/triton_07/Documents/framRobot/S1_G2_Machillot_Dridi/tello_ws/install/tello_msg/share/tello_msg/cmake/export_tello_msg__rosidl_generator_cExport.cmake
[0.443s] -- Up-to-date: /home/triton_07/Documents/framRobot/S1_G2_Machillot_Dridi/tello_ws/install/tello_msg/share/tello_msg/cmake/export_tello_msg__rosidl_generator_cExport-noconfig.cmake
[0.444s] -- Up-to-date: /home/triton_07/Documents/framRobot/S1_G2_Machillot_Dridi/tello_ws/install/tello_msg/share/tello_msg/cmake/export_tello_msg__rosidl_typesupport_fastrtps_cExport.cmake
[0.445s] -- Up-to-date: /home/triton_07/Documents/framRobot/S1_G2_Machillot_Dridi/tello_ws/install/tello_msg/share/tello_msg/cmake/export_tello_msg__rosidl_typesupport_fastrtps_cExport-noconfig.cmake
[0.445s] -- Up-to-date: /home/triton_07/Documents/framRobot/S1_G2_Machillot_Dridi/tello_ws/install/tello_msg/share/tello_msg/cmake/tello_msg__rosidl_typesupport_introspection_cExport.cmake
[0.446s] -- Up-to-date: /home/triton_07/Documents/framRobot/S1_G2_Machillot_Dridi/tello_ws/install/tello_msg/share/tello_msg/cmake/tello_msg__rosidl_typesupport_introspection_cExport-noconfig.cmake
[0.446s] -- Up-to-date: /home/triton_07/Documents/framRobot/S1_G2_Machillot_Dridi/tello_ws/install/tello_msg/share/tello_msg/cmake/tello_msg__rosidl_typesupport_cExport.cmake
[0.446s] -- Up-to-date: /home/triton_07/Documents/framRobot/S1_G2_Machillot_Dridi/tello_ws/install/tello_msg/share/tello_msg/cmake/tello_msg__rosidl_typesupport_cExport-noconfig.cmake
[0.446s] -- Up-to-date: /home/triton_07/Documents/framRobot/S1_G2_Machillot_Dridi/tello_ws/install/tello_msg/share/tello_msg/cmake/export_tello_msg__rosidl_generator_cppExport.cmake
[0.446s] -- Up-to-date: /home/triton_07/Documents/framRobot/S1_G2_Machillot_Dridi/tello_ws/install/tello_msg/share/tello_msg/cmake/export_tello_msg__rosidl_typesupport_fastrtps_cppExport.cmake
[0.446s] -- Up-to-date: /home/triton_07/Documents/framRobot/S1_G2_Machillot_Dridi/tello_ws/install/tello_msg/share/tello_msg/cmake/export_tello_msg__rosidl_typesupport_fastrtps_cppExport-noconfig.cmake
[0.446s] -- Up-to-date: /home/triton_07/Documents/framRobot/S1_G2_Machillot_Dridi/tello_ws/install/tello_msg/share/tello_msg/cmake/tello_msg__rosidl_typesupport_introspection_cppExport.cmake
[0.447s] -- Up-to-date: /home/triton_07/Documents/framRobot/S1_G2_Machillot_Dridi/tello_ws/install/tello_msg/share/tello_msg/cmake/tello_msg__rosidl_typesupport_introspection_cppExport-noconfig.cmake
[0.447s] -- Up-to-date: /home/triton_07/Documents/framRobot/S1_G2_Machillot_Dridi/tello_ws/install/tello_msg/share/tello_msg/cmake/tello_msg__rosidl_typesupport_cppExport.cmake
[0.447s] -- Up-to-date: /home/triton_07/Documents/framRobot/S1_G2_Machillot_Dridi/tello_ws/install/tello_msg/share/tello_msg/cmake/tello_msg__rosidl_typesupport_cppExport-noconfig.cmake
[0.447s] -- Up-to-date: /home/triton_07/Documents/framRobot/S1_G2_Machillot_Dridi/tello_ws/install/tello_msg/share/tello_msg/cmake/export_tello_msg__rosidl_generator_pyExport.cmake
[0.447s] -- Up-to-date: /home/triton_07/Documents/framRobot/S1_G2_Machillot_Dridi/tello_ws/install/tello_msg/share/tello_msg/cmake/export_tello_msg__rosidl_generator_pyExport-noconfig.cmake
[0.447s] -- Up-to-date: /home/triton_07/Documents/framRobot/S1_G2_Machillot_Dridi/tello_ws/install/tello_msg/share/tello_msg/cmake/rosidl_cmake-extras.cmake
[0.447s] -- Up-to-date: /home/triton_07/Documents/framRobot/S1_G2_Machillot_Dridi/tello_ws/install/tello_msg/share/tello_msg/cmake/ament_cmake_export_dependencies-extras.cmake
[0.447s] -- Up-to-date: /home/triton_07/Documents/framRobot/S1_G2_Machillot_Dridi/tello_ws/install/tello_msg/share/tello_msg/cmake/ament_cmake_export_include_directories-extras.cmake
[0.447s] -- Up-to-date: /home/triton_07/Documents/framRobot/S1_G2_Machillot_Dridi/tello_ws/install/tello_msg/share/tello_msg/cmake/ament_cmake_export_libraries-extras.cmake
[0.448s] -- Up-to-date: /home/triton_07/Documents/framRobot/S1_G2_Machillot_Dridi/tello_ws/install/tello_msg/share/tello_msg/cmake/ament_cmake_export_targets-extras.cmake
[0.448s] -- Up-to-date: /home/triton_07/Documents/framRobot/S1_G2_Machillot_Dridi/tello_ws/install/tello_msg/share/tello_msg/cmake/rosidl_cmake_export_typesupport_targets-extras.cmake
[0.448s] -- Up-to-date: /home/triton_07/Documents/framRobot/S1_G2_Machillot_Dridi/tello_ws/install/tello_msg/share/tello_msg/cmake/rosidl_cmake_export_typesupport_libraries-extras.cmake
[0.448s] -- Up-to-date: /home/triton_07/Documents/framRobot/S1_G2_Machillot_Dridi/tello_ws/install/tello_msg/share/tello_msg/cmake/tello_msgConfig.cmake
[0.448s] -- Up-to-date: /home/triton_07/Documents/framRobot/S1_G2_Machillot_Dridi/tello_ws/install/tello_msg/share/tello_msg/cmake/tello_msgConfig-version.cmake
[0.448s] -- Up-to-date: /home/triton_07/Documents/framRobot/S1_G2_Machillot_Dridi/tello_ws/install/tello_msg/share/tello_msg/package.xml
[0.451s] Invoked command in '/home/triton_07/Documents/framRobot/S1_G2_Machillot_Dridi/tello_ws/build/tello_msg' returned '0': CMAKE_PREFIX_PATH=${CMAKE_PREFIX_PATH}:/home/triton_07/Documents/framRobot/S1_G2_Machillot_Dridi/tello_ws/install/pypackage:/home/triton_07/Documents/framRobot/S1_G2_Machillot_Dridi/tello_ws/install/tello:/opt/ros/humble /usr/bin/cmake --install /home/triton_07/Documents/framRobot/S1_G2_Machillot_Dridi/tello_ws/build/tello_msg
