[0.011s] Invoking command in '/home/triton_07/Documents/framRobot/S1_G2_Machillot_Dridi/tello_ws/build/tello_interfaces': CMAKE_PREFIX_PATH=${CMAKE_PREFIX_PATH}:/home/triton_07/Documents/framRobot/S1_G2_Machillot_Dridi/tello_ws/install/pypackage:/home/triton_07/Documents/framRobot/S1_G2_Machillot_Dridi/tello_ws/install/tello:/opt/ros/humble /usr/bin/cmake --build /home/triton_07/Documents/framRobot/S1_G2_Machillot_Dridi/tello_ws/build/tello_interfaces -- -j16 -l16
[0.027s] -- Found ament_cmake: 1.3.3 (/opt/ros/humble/share/ament_cmake/cmake)
[0.129s] -- Found rosidl_default_generators: 1.2.0 (/opt/ros/humble/share/rosidl_default_generators/cmake)
[0.130s] -- Using all available rosidl_typesupport_c: rosidl_typesupport_fastrtps_c;rosidl_typesupport_introspection_c
[0.132s] -- Found rosidl_adapter: 3.1.4 (/opt/ros/humble/share/rosidl_adapter/cmake)
[0.155s] -- Using all available rosidl_typesupport_cpp: rosidl_typesupport_fastrtps_cpp;rosidl_typesupport_introspection_cpp
[0.350s] -- Found ament_cmake_ros: 0.10.0 (/opt/ros/humble/share/ament_cmake_ros/cmake)
[0.473s] -- Using all available rosidl_typesupport_c: rosidl_typesupport_fastrtps_c;rosidl_typesupport_introspection_c
[0.644s] -- Using all available rosidl_typesupport_cpp: rosidl_typesupport_fastrtps_cpp;rosidl_typesupport_introspection_cpp
[0.660s] -- Found python_cmake_module: 0.10.0 (/opt/ros/humble/share/python_cmake_module/cmake)
[0.676s] -- Using PYTHON_EXECUTABLE: /usr/bin/python3
[0.676s] -- Using PYTHON_INCLUDE_DIRS: /usr/include/python3.10
[0.676s] -- Using PYTHON_LIBRARIES: /usr/lib/x86_64-linux-gnu/libpython3.10.so
[0.684s] -- Found ament_lint_auto: 0.12.5 (/opt/ros/humble/share/ament_lint_auto/cmake)
[0.691s] -- Added test 'lint_cmake' to check CMake code style
[0.691s] -- Added test 'xmllint' to check XML markup files
[0.693s] -- Configuring done
[0.714s] -- Generating done
[0.716s] -- Build files have been written to: /home/triton_07/Documents/framRobot/S1_G2_Machillot_Dridi/tello_ws/build/tello_interfaces
[0.734s] [  2%] [34m[1mGenerating C code for ROS interfaces[0m
[0.741s] [  5%] [34m[1mGenerating C++ code for ROS interfaces[0m
[0.748s] [  5%] Built target ament_cmake_python_copy_tello_interfaces
[0.985s] running egg_info
[0.985s] writing tello_interfaces.egg-info/PKG-INFO
[0.986s] writing dependency_links to tello_interfaces.egg-info/dependency_links.txt
[0.986s] writing top-level names to tello_interfaces.egg-info/top_level.txt
[0.988s] reading manifest file 'tello_interfaces.egg-info/SOURCES.txt'
[0.988s] writing manifest file 'tello_interfaces.egg-info/SOURCES.txt'
[0.989s] [  5%] Built target tello_interfaces__cpp
[0.995s] [35m[1mConsolidate compiler generated dependencies of target tello_interfaces__rosidl_generator_c[0m
[0.996s] [ 10%] [34m[1mGenerating C++ type support dispatch for ROS interfaces[0m
[0.996s] [ 12%] [34m[1mGenerating C++ introspection for ROS interfaces[0m
[0.996s] [ 12%] [34m[1mGenerating C++ type support for eProsima Fast-RTPS[0m
[1.004s] [ 17%] [32mBuilding C object CMakeFiles/tello_interfaces__rosidl_generator_c.dir/rosidl_generator_c/tello_interfaces/msg/detail/coord__functions.c.o[0m
[1.004s] [ 17%] [32mBuilding C object CMakeFiles/tello_interfaces__rosidl_generator_c.dir/rosidl_generator_c/tello_interfaces/srv/detail/drone_mode__functions.c.o[0m
[1.011s] [ 17%] Built target ament_cmake_python_build_tello_interfaces_egg
[1.045s] [ 20%] [32m[1mLinking C shared library libtello_interfaces__rosidl_generator_c.so[0m
[1.069s] [ 20%] Built target tello_interfaces__rosidl_generator_c
[1.076s] [ 28%] [34m[1mGenerating C type support dispatch for ROS interfaces[0m
[1.076s] [ 28%] [34m[1mGenerating C introspection for ROS interfaces[0m
[1.076s] [ 28%] [34m[1mGenerating C type support for eProsima Fast-RTPS[0m
[1.195s] [35m[1mConsolidate compiler generated dependencies of target tello_interfaces__rosidl_typesupport_cpp[0m
[1.205s] [ 33%] [32mBuilding CXX object CMakeFiles/tello_interfaces__rosidl_typesupport_cpp.dir/rosidl_typesupport_cpp/tello_interfaces/srv/drone_mode__type_support.cpp.o[0m
[1.206s] [ 33%] [32mBuilding CXX object CMakeFiles/tello_interfaces__rosidl_typesupport_cpp.dir/rosidl_typesupport_cpp/tello_interfaces/msg/coord__type_support.cpp.o[0m
[1.218s] [35m[1mConsolidate compiler generated dependencies of target tello_interfaces__rosidl_typesupport_introspection_cpp[0m
[1.228s] [ 35%] [32mBuilding CXX object CMakeFiles/tello_interfaces__rosidl_typesupport_introspection_cpp.dir/rosidl_typesupport_introspection_cpp/tello_interfaces/srv/detail/drone_mode__type_support.cpp.o[0m
[1.230s] [ 38%] [32mBuilding CXX object CMakeFiles/tello_interfaces__rosidl_typesupport_introspection_cpp.dir/rosidl_typesupport_introspection_cpp/tello_interfaces/msg/detail/coord__type_support.cpp.o[0m
[1.235s] [35m[1mConsolidate compiler generated dependencies of target tello_interfaces__rosidl_typesupport_fastrtps_cpp[0m
[1.245s] [ 41%] [32mBuilding CXX object CMakeFiles/tello_interfaces__rosidl_typesupport_fastrtps_cpp.dir/rosidl_typesupport_fastrtps_cpp/tello_interfaces/srv/detail/dds_fastrtps/drone_mode__type_support.cpp.o[0m
[1.248s] [ 43%] [32mBuilding CXX object CMakeFiles/tello_interfaces__rosidl_typesupport_fastrtps_cpp.dir/rosidl_typesupport_fastrtps_cpp/tello_interfaces/msg/detail/dds_fastrtps/coord__type_support.cpp.o[0m
[1.281s] [35m[1mConsolidate compiler generated dependencies of target tello_interfaces__rosidl_typesupport_c[0m
[1.290s] [ 46%] [32mBuilding CXX object CMakeFiles/tello_interfaces__rosidl_typesupport_c.dir/rosidl_typesupport_c/tello_interfaces/srv/drone_mode__type_support.cpp.o[0m
[1.293s] [ 48%] [32mBuilding CXX object CMakeFiles/tello_interfaces__rosidl_typesupport_c.dir/rosidl_typesupport_c/tello_interfaces/msg/coord__type_support.cpp.o[0m
[1.317s] [35m[1mConsolidate compiler generated dependencies of target tello_interfaces__rosidl_typesupport_introspection_c[0m
[1.325s] [ 51%] [32m[1mLinking CXX shared library libtello_interfaces__rosidl_typesupport_c.so[0m
[1.329s] [ 56%] [32mBuilding C object CMakeFiles/tello_interfaces__rosidl_typesupport_introspection_c.dir/rosidl_typesupport_introspection_c/tello_interfaces/srv/detail/drone_mode__type_support.c.o[0m
[1.330s] [ 56%] [32mBuilding C object CMakeFiles/tello_interfaces__rosidl_typesupport_introspection_c.dir/rosidl_typesupport_introspection_c/tello_interfaces/msg/detail/coord__type_support.c.o[0m
[1.352s] [35m[1mConsolidate compiler generated dependencies of target tello_interfaces__rosidl_typesupport_fastrtps_c[0m
[1.366s] [ 58%] [32mBuilding CXX object CMakeFiles/tello_interfaces__rosidl_typesupport_fastrtps_c.dir/rosidl_typesupport_fastrtps_c/tello_interfaces/srv/detail/drone_mode__type_support_c.cpp.o[0m
[1.366s] [ 58%] Built target tello_interfaces__rosidl_typesupport_c
[1.368s] [ 61%] [32m[1mLinking C shared library libtello_interfaces__rosidl_typesupport_introspection_c.so[0m
[1.368s] [ 64%] [32mBuilding CXX object CMakeFiles/tello_interfaces__rosidl_typesupport_fastrtps_c.dir/rosidl_typesupport_fastrtps_c/tello_interfaces/msg/detail/coord__type_support_c.cpp.o[0m
[1.403s] [ 64%] Built target tello_interfaces__rosidl_typesupport_introspection_c
[1.431s] [ 66%] [32m[1mLinking CXX shared library libtello_interfaces__rosidl_typesupport_cpp.so[0m
[1.462s] [ 66%] Built target tello_interfaces__rosidl_typesupport_cpp
[1.544s] [ 69%] [32m[1mLinking CXX shared library libtello_interfaces__rosidl_typesupport_introspection_cpp.so[0m
[1.575s] [ 69%] Built target tello_interfaces__rosidl_typesupport_introspection_cpp
[1.594s] [ 71%] [32m[1mLinking CXX shared library libtello_interfaces__rosidl_typesupport_fastrtps_cpp.so[0m
[1.634s] [ 74%] [32m[1mLinking CXX shared library libtello_interfaces__rosidl_typesupport_fastrtps_c.so[0m
[1.643s] [ 74%] Built target tello_interfaces__rosidl_typesupport_fastrtps_cpp
[1.681s] [ 74%] Built target tello_interfaces__rosidl_typesupport_fastrtps_c
[1.694s] [ 74%] Built target tello_interfaces
[1.706s] [ 76%] [34m[1mGenerating Python code for ROS interfaces[0m
[2.033s] [ 76%] Built target tello_interfaces__py
[2.039s] [35m[1mConsolidate compiler generated dependencies of target tello_interfaces__rosidl_generator_py[0m
[2.048s] [ 79%] [32mBuilding C object CMakeFiles/tello_interfaces__rosidl_generator_py.dir/rosidl_generator_py/tello_interfaces/srv/_drone_mode_s.c.o[0m
[2.048s] [ 82%] [32mBuilding C object CMakeFiles/tello_interfaces__rosidl_generator_py.dir/rosidl_generator_py/tello_interfaces/msg/_coord_s.c.o[0m
[2.117s] [ 84%] [32m[1mLinking C shared library rosidl_generator_py/tello_interfaces/libtello_interfaces__rosidl_generator_py.so[0m
[2.142s] [ 84%] Built target tello_interfaces__rosidl_generator_py
[2.149s] [35m[1mConsolidate compiler generated dependencies of target tello_interfaces__rosidl_typesupport_c__pyext[0m
[2.149s] [35m[1mConsolidate compiler generated dependencies of target tello_interfaces__rosidl_typesupport_introspection_c__pyext[0m
[2.149s] [35m[1mConsolidate compiler generated dependencies of target tello_interfaces__rosidl_typesupport_fastrtps_c__pyext[0m
[2.158s] [ 92%] [32mBuilding C object CMakeFiles/tello_interfaces__rosidl_typesupport_fastrtps_c__pyext.dir/rosidl_generator_py/tello_interfaces/_tello_interfaces_s.ep.rosidl_typesupport_fastrtps_c.c.o[0m
[2.158s] [ 92%] [32mBuilding C object CMakeFiles/tello_interfaces__rosidl_typesupport_c__pyext.dir/rosidl_generator_py/tello_interfaces/_tello_interfaces_s.ep.rosidl_typesupport_c.c.o[0m
[2.158s] [ 92%] [32mBuilding C object CMakeFiles/tello_interfaces__rosidl_typesupport_introspection_c__pyext.dir/rosidl_generator_py/tello_interfaces/_tello_interfaces_s.ep.rosidl_typesupport_introspection_c.c.o[0m
[2.229s] [ 94%] [32m[1mLinking C shared library rosidl_generator_py/tello_interfaces/tello_interfaces_s__rosidl_typesupport_introspection_c.cpython-310-x86_64-linux-gnu.so[0m
[2.229s] [ 97%] [32m[1mLinking C shared library rosidl_generator_py/tello_interfaces/tello_interfaces_s__rosidl_typesupport_c.cpython-310-x86_64-linux-gnu.so[0m
[2.230s] [100%] [32m[1mLinking C shared library rosidl_generator_py/tello_interfaces/tello_interfaces_s__rosidl_typesupport_fastrtps_c.cpython-310-x86_64-linux-gnu.so[0m
[2.253s] [100%] Built target tello_interfaces__rosidl_typesupport_c__pyext
[2.253s] [100%] Built target tello_interfaces__rosidl_typesupport_introspection_c__pyext
[2.253s] [100%] Built target tello_interfaces__rosidl_typesupport_fastrtps_c__pyext
[2.261s] Invoked command in '/home/triton_07/Documents/framRobot/S1_G2_Machillot_Dridi/tello_ws/build/tello_interfaces' returned '0': CMAKE_PREFIX_PATH=${CMAKE_PREFIX_PATH}:/home/triton_07/Documents/framRobot/S1_G2_Machillot_Dridi/tello_ws/install/pypackage:/home/triton_07/Documents/framRobot/S1_G2_Machillot_Dridi/tello_ws/install/tello:/opt/ros/humble /usr/bin/cmake --build /home/triton_07/Documents/framRobot/S1_G2_Machillot_Dridi/tello_ws/build/tello_interfaces -- -j16 -l16
[2.316s] Invoking command in '/home/triton_07/Documents/framRobot/S1_G2_Machillot_Dridi/tello_ws/build/tello_interfaces': CMAKE_PREFIX_PATH=${CMAKE_PREFIX_PATH}:/home/triton_07/Documents/framRobot/S1_G2_Machillot_Dridi/tello_ws/install/pypackage:/home/triton_07/Documents/framRobot/S1_G2_Machillot_Dridi/tello_ws/install/tello:/opt/ros/humble /usr/bin/cmake --install /home/triton_07/Documents/framRobot/S1_G2_Machillot_Dridi/tello_ws/build/tello_interfaces
[2.321s] -- Install configuration: ""
[2.321s] -- Up-to-date: /home/triton_07/Documents/framRobot/S1_G2_Machillot_Dridi/tello_ws/install/tello_interfaces/share/ament_index/resource_index/rosidl_interfaces/tello_interfaces
[2.321s] -- Up-to-date: /home/triton_07/Documents/framRobot/S1_G2_Machillot_Dridi/tello_ws/install/tello_interfaces/include/tello_interfaces/tello_interfaces
[2.322s] -- Up-to-date: /home/triton_07/Documents/framRobot/S1_G2_Machillot_Dridi/tello_ws/install/tello_interfaces/include/tello_interfaces/tello_interfaces/msg
[2.322s] -- Installing: /home/triton_07/Documents/framRobot/S1_G2_Machillot_Dridi/tello_ws/install/tello_interfaces/include/tello_interfaces/tello_interfaces/msg/coord.h
[2.322s] -- Up-to-date: /home/triton_07/Documents/framRobot/S1_G2_Machillot_Dridi/tello_ws/install/tello_interfaces/include/tello_interfaces/tello_interfaces/msg/rosidl_generator_c__visibility_control.h
[2.322s] -- Up-to-date: /home/triton_07/Documents/framRobot/S1_G2_Machillot_Dridi/tello_ws/install/tello_interfaces/include/tello_interfaces/tello_interfaces/msg/detail
[2.322s] -- Installing: /home/triton_07/Documents/framRobot/S1_G2_Machillot_Dridi/tello_ws/install/tello_interfaces/include/tello_interfaces/tello_interfaces/msg/detail/coord__functions.c
[2.322s] -- Installing: /home/triton_07/Documents/framRobot/S1_G2_Machillot_Dridi/tello_ws/install/tello_interfaces/include/tello_interfaces/tello_interfaces/msg/detail/coord__type_support.h
[2.322s] -- Installing: /home/triton_07/Documents/framRobot/S1_G2_Machillot_Dridi/tello_ws/install/tello_interfaces/include/tello_interfaces/tello_interfaces/msg/detail/coord__struct.h
[2.322s] -- Installing: /home/triton_07/Documents/framRobot/S1_G2_Machillot_Dridi/tello_ws/install/tello_interfaces/include/tello_interfaces/tello_interfaces/msg/detail/coord__functions.h
[2.322s] -- Up-to-date: /home/triton_07/Documents/framRobot/S1_G2_Machillot_Dridi/tello_ws/install/tello_interfaces/include/tello_interfaces/tello_interfaces/srv
[2.322s] -- Installing: /home/triton_07/Documents/framRobot/S1_G2_Machillot_Dridi/tello_ws/install/tello_interfaces/include/tello_interfaces/tello_interfaces/srv/drone_mode.h
[2.322s] -- Up-to-date: /home/triton_07/Documents/framRobot/S1_G2_Machillot_Dridi/tello_ws/install/tello_interfaces/include/tello_interfaces/tello_interfaces/srv/detail
[2.322s] -- Installing: /home/triton_07/Documents/framRobot/S1_G2_Machillot_Dridi/tello_ws/install/tello_interfaces/include/tello_interfaces/tello_interfaces/srv/detail/drone_mode__functions.h
[2.322s] -- Installing: /home/triton_07/Documents/framRobot/S1_G2_Machillot_Dridi/tello_ws/install/tello_interfaces/include/tello_interfaces/tello_interfaces/srv/detail/drone_mode__functions.c
[2.322s] -- Installing: /home/triton_07/Documents/framRobot/S1_G2_Machillot_Dridi/tello_ws/install/tello_interfaces/include/tello_interfaces/tello_interfaces/srv/detail/drone_mode__struct.h
[2.322s] -- Installing: /home/triton_07/Documents/framRobot/S1_G2_Machillot_Dridi/tello_ws/install/tello_interfaces/include/tello_interfaces/tello_interfaces/srv/detail/drone_mode__type_support.h
[2.322s] -- Up-to-date: /home/triton_07/Documents/framRobot/S1_G2_Machillot_Dridi/tello_ws/install/tello_interfaces/share/tello_interfaces/environment/library_path.sh
[2.323s] -- Installing: /home/triton_07/Documents/framRobot/S1_G2_Machillot_Dridi/tello_ws/install/tello_interfaces/share/tello_interfaces/environment/library_path.dsv
[2.323s] -- Installing: /home/triton_07/Documents/framRobot/S1_G2_Machillot_Dridi/tello_ws/install/tello_interfaces/lib/libtello_interfaces__rosidl_generator_c.so
[2.323s] -- Set runtime path of "/home/triton_07/Documents/framRobot/S1_G2_Machillot_Dridi/tello_ws/install/tello_interfaces/lib/libtello_interfaces__rosidl_generator_c.so" to ""
[2.323s] -- Up-to-date: /home/triton_07/Documents/framRobot/S1_G2_Machillot_Dridi/tello_ws/install/tello_interfaces/include/tello_interfaces/tello_interfaces
[2.323s] -- Up-to-date: /home/triton_07/Documents/framRobot/S1_G2_Machillot_Dridi/tello_ws/install/tello_interfaces/include/tello_interfaces/tello_interfaces/msg
[2.323s] -- Up-to-date: /home/triton_07/Documents/framRobot/S1_G2_Machillot_Dridi/tello_ws/install/tello_interfaces/include/tello_interfaces/tello_interfaces/msg/rosidl_typesupport_fastrtps_c__visibility_control.h
[2.323s] -- Up-to-date: /home/triton_07/Documents/framRobot/S1_G2_Machillot_Dridi/tello_ws/install/tello_interfaces/include/tello_interfaces/tello_interfaces/msg/detail
[2.323s] -- Installing: /home/triton_07/Documents/framRobot/S1_G2_Machillot_Dridi/tello_ws/install/tello_interfaces/include/tello_interfaces/tello_interfaces/msg/detail/coord__rosidl_typesupport_fastrtps_c.h
[2.323s] -- Up-to-date: /home/triton_07/Documents/framRobot/S1_G2_Machillot_Dridi/tello_ws/install/tello_interfaces/include/tello_interfaces/tello_interfaces/srv
[2.323s] -- Up-to-date: /home/triton_07/Documents/framRobot/S1_G2_Machillot_Dridi/tello_ws/install/tello_interfaces/include/tello_interfaces/tello_interfaces/srv/detail
[2.323s] -- Installing: /home/triton_07/Documents/framRobot/S1_G2_Machillot_Dridi/tello_ws/install/tello_interfaces/include/tello_interfaces/tello_interfaces/srv/detail/drone_mode__rosidl_typesupport_fastrtps_c.h
[2.323s] -- Installing: /home/triton_07/Documents/framRobot/S1_G2_Machillot_Dridi/tello_ws/install/tello_interfaces/lib/libtello_interfaces__rosidl_typesupport_fastrtps_c.so
[2.323s] -- Set runtime path of "/home/triton_07/Documents/framRobot/S1_G2_Machillot_Dridi/tello_ws/install/tello_interfaces/lib/libtello_interfaces__rosidl_typesupport_fastrtps_c.so" to ""
[2.323s] -- Up-to-date: /home/triton_07/Documents/framRobot/S1_G2_Machillot_Dridi/tello_ws/install/tello_interfaces/include/tello_interfaces/tello_interfaces
[2.324s] -- Up-to-date: /home/triton_07/Documents/framRobot/S1_G2_Machillot_Dridi/tello_ws/install/tello_interfaces/include/tello_interfaces/tello_interfaces/msg
[2.324s] -- Up-to-date: /home/triton_07/Documents/framRobot/S1_G2_Machillot_Dridi/tello_ws/install/tello_interfaces/include/tello_interfaces/tello_interfaces/msg/detail
[2.324s] -- Installing: /home/triton_07/Documents/framRobot/S1_G2_Machillot_Dridi/tello_ws/install/tello_interfaces/include/tello_interfaces/tello_interfaces/msg/detail/coord__rosidl_typesupport_introspection_c.h
[2.324s] -- Installing: /home/triton_07/Documents/framRobot/S1_G2_Machillot_Dridi/tello_ws/install/tello_interfaces/include/tello_interfaces/tello_interfaces/msg/detail/coord__type_support.c
[2.324s] -- Up-to-date: /home/triton_07/Documents/framRobot/S1_G2_Machillot_Dridi/tello_ws/install/tello_interfaces/include/tello_interfaces/tello_interfaces/msg/rosidl_typesupport_introspection_c__visibility_control.h
[2.324s] -- Up-to-date: /home/triton_07/Documents/framRobot/S1_G2_Machillot_Dridi/tello_ws/install/tello_interfaces/include/tello_interfaces/tello_interfaces/srv
[2.324s] -- Up-to-date: /home/triton_07/Documents/framRobot/S1_G2_Machillot_Dridi/tello_ws/install/tello_interfaces/include/tello_interfaces/tello_interfaces/srv/detail
[2.324s] -- Installing: /home/triton_07/Documents/framRobot/S1_G2_Machillot_Dridi/tello_ws/install/tello_interfaces/include/tello_interfaces/tello_interfaces/srv/detail/drone_mode__rosidl_typesupport_introspection_c.h
[2.324s] -- Installing: /home/triton_07/Documents/framRobot/S1_G2_Machillot_Dridi/tello_ws/install/tello_interfaces/include/tello_interfaces/tello_interfaces/srv/detail/drone_mode__type_support.c
[2.324s] -- Installing: /home/triton_07/Documents/framRobot/S1_G2_Machillot_Dridi/tello_ws/install/tello_interfaces/lib/libtello_interfaces__rosidl_typesupport_introspection_c.so
[2.324s] -- Set runtime path of "/home/triton_07/Documents/framRobot/S1_G2_Machillot_Dridi/tello_ws/install/tello_interfaces/lib/libtello_interfaces__rosidl_typesupport_introspection_c.so" to ""
[2.324s] -- Installing: /home/triton_07/Documents/framRobot/S1_G2_Machillot_Dridi/tello_ws/install/tello_interfaces/lib/libtello_interfaces__rosidl_typesupport_c.so
[2.325s] -- Set runtime path of "/home/triton_07/Documents/framRobot/S1_G2_Machillot_Dridi/tello_ws/install/tello_interfaces/lib/libtello_interfaces__rosidl_typesupport_c.so" to ""
[2.325s] -- Up-to-date: /home/triton_07/Documents/framRobot/S1_G2_Machillot_Dridi/tello_ws/install/tello_interfaces/include/tello_interfaces/tello_interfaces
[2.325s] -- Up-to-date: /home/triton_07/Documents/framRobot/S1_G2_Machillot_Dridi/tello_ws/install/tello_interfaces/include/tello_interfaces/tello_interfaces/msg
[2.325s] -- Installing: /home/triton_07/Documents/framRobot/S1_G2_Machillot_Dridi/tello_ws/install/tello_interfaces/include/tello_interfaces/tello_interfaces/msg/coord.hpp
[2.325s] -- Up-to-date: /home/triton_07/Documents/framRobot/S1_G2_Machillot_Dridi/tello_ws/install/tello_interfaces/include/tello_interfaces/tello_interfaces/msg/detail
[2.325s] -- Installing: /home/triton_07/Documents/framRobot/S1_G2_Machillot_Dridi/tello_ws/install/tello_interfaces/include/tello_interfaces/tello_interfaces/msg/detail/coord__builder.hpp
[2.325s] -- Installing: /home/triton_07/Documents/framRobot/S1_G2_Machillot_Dridi/tello_ws/install/tello_interfaces/include/tello_interfaces/tello_interfaces/msg/detail/coord__struct.hpp
[2.325s] -- Installing: /home/triton_07/Documents/framRobot/S1_G2_Machillot_Dridi/tello_ws/install/tello_interfaces/include/tello_interfaces/tello_interfaces/msg/detail/coord__traits.hpp
[2.325s] -- Up-to-date: /home/triton_07/Documents/framRobot/S1_G2_Machillot_Dridi/tello_ws/install/tello_interfaces/include/tello_interfaces/tello_interfaces/srv
[2.325s] -- Up-to-date: /home/triton_07/Documents/framRobot/S1_G2_Machillot_Dridi/tello_ws/install/tello_interfaces/include/tello_interfaces/tello_interfaces/srv/detail
[2.325s] -- Installing: /home/triton_07/Documents/framRobot/S1_G2_Machillot_Dridi/tello_ws/install/tello_interfaces/include/tello_interfaces/tello_interfaces/srv/detail/drone_mode__traits.hpp
[2.325s] -- Installing: /home/triton_07/Documents/framRobot/S1_G2_Machillot_Dridi/tello_ws/install/tello_interfaces/include/tello_interfaces/tello_interfaces/srv/detail/drone_mode__builder.hpp
[2.325s] -- Installing: /home/triton_07/Documents/framRobot/S1_G2_Machillot_Dridi/tello_ws/install/tello_interfaces/include/tello_interfaces/tello_interfaces/srv/detail/drone_mode__struct.hpp
[2.326s] -- Installing: /home/triton_07/Documents/framRobot/S1_G2_Machillot_Dridi/tello_ws/install/tello_interfaces/include/tello_interfaces/tello_interfaces/srv/drone_mode.hpp
[2.326s] -- Up-to-date: /home/triton_07/Documents/framRobot/S1_G2_Machillot_Dridi/tello_ws/install/tello_interfaces/include/tello_interfaces/tello_interfaces
[2.326s] -- Up-to-date: /home/triton_07/Documents/framRobot/S1_G2_Machillot_Dridi/tello_ws/install/tello_interfaces/include/tello_interfaces/tello_interfaces/msg
[2.326s] -- Up-to-date: /home/triton_07/Documents/framRobot/S1_G2_Machillot_Dridi/tello_ws/install/tello_interfaces/include/tello_interfaces/tello_interfaces/msg/rosidl_typesupport_fastrtps_cpp__visibility_control.h
[2.326s] -- Up-to-date: /home/triton_07/Documents/framRobot/S1_G2_Machillot_Dridi/tello_ws/install/tello_interfaces/include/tello_interfaces/tello_interfaces/msg/detail
[2.326s] -- Installing: /home/triton_07/Documents/framRobot/S1_G2_Machillot_Dridi/tello_ws/install/tello_interfaces/include/tello_interfaces/tello_interfaces/msg/detail/coord__rosidl_typesupport_fastrtps_cpp.hpp
[2.326s] -- Up-to-date: /home/triton_07/Documents/framRobot/S1_G2_Machillot_Dridi/tello_ws/install/tello_interfaces/include/tello_interfaces/tello_interfaces/msg/detail/dds_fastrtps
[2.326s] -- Up-to-date: /home/triton_07/Documents/framRobot/S1_G2_Machillot_Dridi/tello_ws/install/tello_interfaces/include/tello_interfaces/tello_interfaces/srv
[2.326s] -- Up-to-date: /home/triton_07/Documents/framRobot/S1_G2_Machillot_Dridi/tello_ws/install/tello_interfaces/include/tello_interfaces/tello_interfaces/srv/detail
[2.326s] -- Up-to-date: /home/triton_07/Documents/framRobot/S1_G2_Machillot_Dridi/tello_ws/install/tello_interfaces/include/tello_interfaces/tello_interfaces/srv/detail/dds_fastrtps
[2.326s] -- Installing: /home/triton_07/Documents/framRobot/S1_G2_Machillot_Dridi/tello_ws/install/tello_interfaces/include/tello_interfaces/tello_interfaces/srv/detail/drone_mode__rosidl_typesupport_fastrtps_cpp.hpp
[2.326s] -- Installing: /home/triton_07/Documents/framRobot/S1_G2_Machillot_Dridi/tello_ws/install/tello_interfaces/lib/libtello_interfaces__rosidl_typesupport_fastrtps_cpp.so
[2.326s] -- Set runtime path of "/home/triton_07/Documents/framRobot/S1_G2_Machillot_Dridi/tello_ws/install/tello_interfaces/lib/libtello_interfaces__rosidl_typesupport_fastrtps_cpp.so" to ""
[2.326s] -- Up-to-date: /home/triton_07/Documents/framRobot/S1_G2_Machillot_Dridi/tello_ws/install/tello_interfaces/include/tello_interfaces/tello_interfaces
[2.327s] -- Up-to-date: /home/triton_07/Documents/framRobot/S1_G2_Machillot_Dridi/tello_ws/install/tello_interfaces/include/tello_interfaces/tello_interfaces/msg
[2.327s] -- Up-to-date: /home/triton_07/Documents/framRobot/S1_G2_Machillot_Dridi/tello_ws/install/tello_interfaces/include/tello_interfaces/tello_interfaces/msg/detail
[2.327s] -- Installing: /home/triton_07/Documents/framRobot/S1_G2_Machillot_Dridi/tello_ws/install/tello_interfaces/include/tello_interfaces/tello_interfaces/msg/detail/coord__type_support.cpp
[2.327s] -- Installing: /home/triton_07/Documents/framRobot/S1_G2_Machillot_Dridi/tello_ws/install/tello_interfaces/include/tello_interfaces/tello_interfaces/msg/detail/coord__rosidl_typesupport_introspection_cpp.hpp
[2.327s] -- Up-to-date: /home/triton_07/Documents/framRobot/S1_G2_Machillot_Dridi/tello_ws/install/tello_interfaces/include/tello_interfaces/tello_interfaces/srv
[2.327s] -- Up-to-date: /home/triton_07/Documents/framRobot/S1_G2_Machillot_Dridi/tello_ws/install/tello_interfaces/include/tello_interfaces/tello_interfaces/srv/detail
[2.327s] -- Installing: /home/triton_07/Documents/framRobot/S1_G2_Machillot_Dridi/tello_ws/install/tello_interfaces/include/tello_interfaces/tello_interfaces/srv/detail/drone_mode__type_support.cpp
[2.327s] -- Installing: /home/triton_07/Documents/framRobot/S1_G2_Machillot_Dridi/tello_ws/install/tello_interfaces/include/tello_interfaces/tello_interfaces/srv/detail/drone_mode__rosidl_typesupport_introspection_cpp.hpp
[2.327s] -- Installing: /home/triton_07/Documents/framRobot/S1_G2_Machillot_Dridi/tello_ws/install/tello_interfaces/lib/libtello_interfaces__rosidl_typesupport_introspection_cpp.so
[2.327s] -- Set runtime path of "/home/triton_07/Documents/framRobot/S1_G2_Machillot_Dridi/tello_ws/install/tello_interfaces/lib/libtello_interfaces__rosidl_typesupport_introspection_cpp.so" to ""
[2.327s] -- Installing: /home/triton_07/Documents/framRobot/S1_G2_Machillot_Dridi/tello_ws/install/tello_interfaces/lib/libtello_interfaces__rosidl_typesupport_cpp.so
[2.328s] -- Set runtime path of "/home/triton_07/Documents/framRobot/S1_G2_Machillot_Dridi/tello_ws/install/tello_interfaces/lib/libtello_interfaces__rosidl_typesupport_cpp.so" to ""
[2.328s] -- Up-to-date: /home/triton_07/Documents/framRobot/S1_G2_Machillot_Dridi/tello_ws/install/tello_interfaces/share/tello_interfaces/environment/pythonpath.sh
[2.328s] -- Installing: /home/triton_07/Documents/framRobot/S1_G2_Machillot_Dridi/tello_ws/install/tello_interfaces/share/tello_interfaces/environment/pythonpath.dsv
[2.328s] -- Up-to-date: /home/triton_07/Documents/framRobot/S1_G2_Machillot_Dridi/tello_ws/install/tello_interfaces/local/lib/python3.10/dist-packages/tello_interfaces-0.0.0-py3.10.egg-info
[2.328s] -- Installing: /home/triton_07/Documents/framRobot/S1_G2_Machillot_Dridi/tello_ws/install/tello_interfaces/local/lib/python3.10/dist-packages/tello_interfaces-0.0.0-py3.10.egg-info/top_level.txt
[2.328s] -- Installing: /home/triton_07/Documents/framRobot/S1_G2_Machillot_Dridi/tello_ws/install/tello_interfaces/local/lib/python3.10/dist-packages/tello_interfaces-0.0.0-py3.10.egg-info/PKG-INFO
[2.328s] -- Installing: /home/triton_07/Documents/framRobot/S1_G2_Machillot_Dridi/tello_ws/install/tello_interfaces/local/lib/python3.10/dist-packages/tello_interfaces-0.0.0-py3.10.egg-info/SOURCES.txt
[2.328s] -- Installing: /home/triton_07/Documents/framRobot/S1_G2_Machillot_Dridi/tello_ws/install/tello_interfaces/local/lib/python3.10/dist-packages/tello_interfaces-0.0.0-py3.10.egg-info/dependency_links.txt
[2.328s] -- Up-to-date: /home/triton_07/Documents/framRobot/S1_G2_Machillot_Dridi/tello_ws/install/tello_interfaces/local/lib/python3.10/dist-packages/tello_interfaces
[2.328s] -- Installing: /home/triton_07/Documents/framRobot/S1_G2_Machillot_Dridi/tello_ws/install/tello_interfaces/local/lib/python3.10/dist-packages/tello_interfaces/tello_interfaces_s__rosidl_typesupport_c.cpython-310-x86_64-linux-gnu.so
[2.329s] -- Installing: /home/triton_07/Documents/framRobot/S1_G2_Machillot_Dridi/tello_ws/install/tello_interfaces/local/lib/python3.10/dist-packages/tello_interfaces/tello_interfaces_s__rosidl_typesupport_fastrtps_c.cpython-310-x86_64-linux-gnu.so
[2.329s] -- Up-to-date: /home/triton_07/Documents/framRobot/S1_G2_Machillot_Dridi/tello_ws/install/tello_interfaces/local/lib/python3.10/dist-packages/tello_interfaces/msg
[2.329s] -- Installing: /home/triton_07/Documents/framRobot/S1_G2_Machillot_Dridi/tello_ws/install/tello_interfaces/local/lib/python3.10/dist-packages/tello_interfaces/msg/__init__.py
[2.329s] -- Installing: /home/triton_07/Documents/framRobot/S1_G2_Machillot_Dridi/tello_ws/install/tello_interfaces/local/lib/python3.10/dist-packages/tello_interfaces/msg/_coord.py
[2.329s] -- Installing: /home/triton_07/Documents/framRobot/S1_G2_Machillot_Dridi/tello_ws/install/tello_interfaces/local/lib/python3.10/dist-packages/tello_interfaces/msg/_coord_s.c
[2.329s] -- Up-to-date: /home/triton_07/Documents/framRobot/S1_G2_Machillot_Dridi/tello_ws/install/tello_interfaces/local/lib/python3.10/dist-packages/tello_interfaces/srv
[2.329s] -- Installing: /home/triton_07/Documents/framRobot/S1_G2_Machillot_Dridi/tello_ws/install/tello_interfaces/local/lib/python3.10/dist-packages/tello_interfaces/srv/_drone_mode.py
[2.329s] -- Installing: /home/triton_07/Documents/framRobot/S1_G2_Machillot_Dridi/tello_ws/install/tello_interfaces/local/lib/python3.10/dist-packages/tello_interfaces/srv/__init__.py
[2.329s] -- Installing: /home/triton_07/Documents/framRobot/S1_G2_Machillot_Dridi/tello_ws/install/tello_interfaces/local/lib/python3.10/dist-packages/tello_interfaces/srv/_drone_mode_s.c
[2.329s] -- Installing: /home/triton_07/Documents/framRobot/S1_G2_Machillot_Dridi/tello_ws/install/tello_interfaces/local/lib/python3.10/dist-packages/tello_interfaces/__init__.py
[2.329s] -- Installing: /home/triton_07/Documents/framRobot/S1_G2_Machillot_Dridi/tello_ws/install/tello_interfaces/local/lib/python3.10/dist-packages/tello_interfaces/tello_interfaces_s__rosidl_typesupport_introspection_c.cpython-310-x86_64-linux-gnu.so
[2.330s] -- Installing: /home/triton_07/Documents/framRobot/S1_G2_Machillot_Dridi/tello_ws/install/tello_interfaces/local/lib/python3.10/dist-packages/tello_interfaces/_tello_interfaces_s.ep.rosidl_typesupport_fastrtps_c.c
[2.330s] -- Installing: /home/triton_07/Documents/framRobot/S1_G2_Machillot_Dridi/tello_ws/install/tello_interfaces/local/lib/python3.10/dist-packages/tello_interfaces/libtello_interfaces__rosidl_generator_py.so
[2.330s] -- Installing: /home/triton_07/Documents/framRobot/S1_G2_Machillot_Dridi/tello_ws/install/tello_interfaces/local/lib/python3.10/dist-packages/tello_interfaces/_tello_interfaces_s.ep.rosidl_typesupport_c.c
[2.330s] -- Installing: /home/triton_07/Documents/framRobot/S1_G2_Machillot_Dridi/tello_ws/install/tello_interfaces/local/lib/python3.10/dist-packages/tello_interfaces/_tello_interfaces_s.ep.rosidl_typesupport_introspection_c.c
[2.355s] Listing '/home/triton_07/Documents/framRobot/S1_G2_Machillot_Dridi/tello_ws/install/tello_interfaces/local/lib/python3.10/dist-packages/tello_interfaces'...
[2.355s] Compiling '/home/triton_07/Documents/framRobot/S1_G2_Machillot_Dridi/tello_ws/install/tello_interfaces/local/lib/python3.10/dist-packages/tello_interfaces/__init__.py'...
[2.355s] Listing '/home/triton_07/Documents/framRobot/S1_G2_Machillot_Dridi/tello_ws/install/tello_interfaces/local/lib/python3.10/dist-packages/tello_interfaces/msg'...
[2.356s] Compiling '/home/triton_07/Documents/framRobot/S1_G2_Machillot_Dridi/tello_ws/install/tello_interfaces/local/lib/python3.10/dist-packages/tello_interfaces/msg/__init__.py'...
[2.356s] Compiling '/home/triton_07/Documents/framRobot/S1_G2_Machillot_Dridi/tello_ws/install/tello_interfaces/local/lib/python3.10/dist-packages/tello_interfaces/msg/_coord.py'...
[2.356s] Listing '/home/triton_07/Documents/framRobot/S1_G2_Machillot_Dridi/tello_ws/install/tello_interfaces/local/lib/python3.10/dist-packages/tello_interfaces/srv'...
[2.356s] Compiling '/home/triton_07/Documents/framRobot/S1_G2_Machillot_Dridi/tello_ws/install/tello_interfaces/local/lib/python3.10/dist-packages/tello_interfaces/srv/__init__.py'...
[2.356s] Compiling '/home/triton_07/Documents/framRobot/S1_G2_Machillot_Dridi/tello_ws/install/tello_interfaces/local/lib/python3.10/dist-packages/tello_interfaces/srv/_drone_mode.py'...
[2.358s] -- Installing: /home/triton_07/Documents/framRobot/S1_G2_Machillot_Dridi/tello_ws/install/tello_interfaces/local/lib/python3.10/dist-packages/tello_interfaces/tello_interfaces_s__rosidl_typesupport_fastrtps_c.cpython-310-x86_64-linux-gnu.so
[2.359s] -- Set runtime path of "/home/triton_07/Documents/framRobot/S1_G2_Machillot_Dridi/tello_ws/install/tello_interfaces/local/lib/python3.10/dist-packages/tello_interfaces/tello_interfaces_s__rosidl_typesupport_fastrtps_c.cpython-310-x86_64-linux-gnu.so" to ""
[2.359s] -- Installing: /home/triton_07/Documents/framRobot/S1_G2_Machillot_Dridi/tello_ws/install/tello_interfaces/local/lib/python3.10/dist-packages/tello_interfaces/tello_interfaces_s__rosidl_typesupport_introspection_c.cpython-310-x86_64-linux-gnu.so
[2.359s] -- Set runtime path of "/home/triton_07/Documents/framRobot/S1_G2_Machillot_Dridi/tello_ws/install/tello_interfaces/local/lib/python3.10/dist-packages/tello_interfaces/tello_interfaces_s__rosidl_typesupport_introspection_c.cpython-310-x86_64-linux-gnu.so" to ""
[2.359s] -- Installing: /home/triton_07/Documents/framRobot/S1_G2_Machillot_Dridi/tello_ws/install/tello_interfaces/local/lib/python3.10/dist-packages/tello_interfaces/tello_interfaces_s__rosidl_typesupport_c.cpython-310-x86_64-linux-gnu.so
[2.359s] -- Set runtime path of "/home/triton_07/Documents/framRobot/S1_G2_Machillot_Dridi/tello_ws/install/tello_interfaces/local/lib/python3.10/dist-packages/tello_interfaces/tello_interfaces_s__rosidl_typesupport_c.cpython-310-x86_64-linux-gnu.so" to ""
[2.359s] -- Installing: /home/triton_07/Documents/framRobot/S1_G2_Machillot_Dridi/tello_ws/install/tello_interfaces/lib/libtello_interfaces__rosidl_generator_py.so
[2.359s] -- Set runtime path of "/home/triton_07/Documents/framRobot/S1_G2_Machillot_Dridi/tello_ws/install/tello_interfaces/lib/libtello_interfaces__rosidl_generator_py.so" to ""
[2.359s] -- Up-to-date: /home/triton_07/Documents/framRobot/S1_G2_Machillot_Dridi/tello_ws/install/tello_interfaces/share/tello_interfaces/srv/DroneMode.idl
[2.359s] -- Installing: /home/triton_07/Documents/framRobot/S1_G2_Machillot_Dridi/tello_ws/install/tello_interfaces/share/tello_interfaces/msg/Coord.idl
[2.360s] -- Up-to-date: /home/triton_07/Documents/framRobot/S1_G2_Machillot_Dridi/tello_ws/install/tello_interfaces/share/tello_interfaces/srv/DroneMode.srv
[2.360s] -- Up-to-date: /home/triton_07/Documents/framRobot/S1_G2_Machillot_Dridi/tello_ws/install/tello_interfaces/share/tello_interfaces/srv/DroneMode_Request.msg
[2.360s] -- Up-to-date: /home/triton_07/Documents/framRobot/S1_G2_Machillot_Dridi/tello_ws/install/tello_interfaces/share/tello_interfaces/srv/DroneMode_Response.msg
[2.360s] -- Installing: /home/triton_07/Documents/framRobot/S1_G2_Machillot_Dridi/tello_ws/install/tello_interfaces/share/tello_interfaces/msg/Coord.msg
[2.360s] -- Up-to-date: /home/triton_07/Documents/framRobot/S1_G2_Machillot_Dridi/tello_ws/install/tello_interfaces/share/ament_index/resource_index/package_run_dependencies/tello_interfaces
[2.360s] -- Up-to-date: /home/triton_07/Documents/framRobot/S1_G2_Machillot_Dridi/tello_ws/install/tello_interfaces/share/ament_index/resource_index/parent_prefix_path/tello_interfaces
[2.360s] -- Up-to-date: /home/triton_07/Documents/framRobot/S1_G2_Machillot_Dridi/tello_ws/install/tello_interfaces/share/tello_interfaces/environment/ament_prefix_path.sh
[2.360s] -- Installing: /home/triton_07/Documents/framRobot/S1_G2_Machillot_Dridi/tello_ws/install/tello_interfaces/share/tello_interfaces/environment/ament_prefix_path.dsv
[2.360s] -- Up-to-date: /home/triton_07/Documents/framRobot/S1_G2_Machillot_Dridi/tello_ws/install/tello_interfaces/share/tello_interfaces/environment/path.sh
[2.360s] -- Installing: /home/triton_07/Documents/framRobot/S1_G2_Machillot_Dridi/tello_ws/install/tello_interfaces/share/tello_interfaces/environment/path.dsv
[2.360s] -- Up-to-date: /home/triton_07/Documents/framRobot/S1_G2_Machillot_Dridi/tello_ws/install/tello_interfaces/share/tello_interfaces/local_setup.bash
[2.360s] -- Up-to-date: /home/triton_07/Documents/framRobot/S1_G2_Machillot_Dridi/tello_ws/install/tello_interfaces/share/tello_interfaces/local_setup.sh
[2.361s] -- Up-to-date: /home/triton_07/Documents/framRobot/S1_G2_Machillot_Dridi/tello_ws/install/tello_interfaces/share/tello_interfaces/local_setup.zsh
[2.361s] -- Installing: /home/triton_07/Documents/framRobot/S1_G2_Machillot_Dridi/tello_ws/install/tello_interfaces/share/tello_interfaces/local_setup.dsv
[2.361s] -- Installing: /home/triton_07/Documents/framRobot/S1_G2_Machillot_Dridi/tello_ws/install/tello_interfaces/share/tello_interfaces/package.dsv
[2.361s] -- Up-to-date: /home/triton_07/Documents/framRobot/S1_G2_Machillot_Dridi/tello_ws/install/tello_interfaces/share/ament_index/resource_index/packages/tello_interfaces
[2.361s] -- Up-to-date: /home/triton_07/Documents/framRobot/S1_G2_Machillot_Dridi/tello_ws/install/tello_interfaces/share/tello_interfaces/cmake/export_tello_interfaces__rosidl_generator_cExport.cmake
[2.361s] -- Up-to-date: /home/triton_07/Documents/framRobot/S1_G2_Machillot_Dridi/tello_ws/install/tello_interfaces/share/tello_interfaces/cmake/export_tello_interfaces__rosidl_generator_cExport-noconfig.cmake
[2.361s] -- Up-to-date: /home/triton_07/Documents/framRobot/S1_G2_Machillot_Dridi/tello_ws/install/tello_interfaces/share/tello_interfaces/cmake/export_tello_interfaces__rosidl_typesupport_fastrtps_cExport.cmake
[2.361s] -- Up-to-date: /home/triton_07/Documents/framRobot/S1_G2_Machillot_Dridi/tello_ws/install/tello_interfaces/share/tello_interfaces/cmake/export_tello_interfaces__rosidl_typesupport_fastrtps_cExport-noconfig.cmake
[2.361s] -- Up-to-date: /home/triton_07/Documents/framRobot/S1_G2_Machillot_Dridi/tello_ws/install/tello_interfaces/share/tello_interfaces/cmake/tello_interfaces__rosidl_typesupport_introspection_cExport.cmake
[2.361s] -- Up-to-date: /home/triton_07/Documents/framRobot/S1_G2_Machillot_Dridi/tello_ws/install/tello_interfaces/share/tello_interfaces/cmake/tello_interfaces__rosidl_typesupport_introspection_cExport-noconfig.cmake
[2.361s] -- Up-to-date: /home/triton_07/Documents/framRobot/S1_G2_Machillot_Dridi/tello_ws/install/tello_interfaces/share/tello_interfaces/cmake/tello_interfaces__rosidl_typesupport_cExport.cmake
[2.361s] -- Up-to-date: /home/triton_07/Documents/framRobot/S1_G2_Machillot_Dridi/tello_ws/install/tello_interfaces/share/tello_interfaces/cmake/tello_interfaces__rosidl_typesupport_cExport-noconfig.cmake
[2.361s] -- Up-to-date: /home/triton_07/Documents/framRobot/S1_G2_Machillot_Dridi/tello_ws/install/tello_interfaces/share/tello_interfaces/cmake/export_tello_interfaces__rosidl_generator_cppExport.cmake
[2.361s] -- Up-to-date: /home/triton_07/Documents/framRobot/S1_G2_Machillot_Dridi/tello_ws/install/tello_interfaces/share/tello_interfaces/cmake/export_tello_interfaces__rosidl_typesupport_fastrtps_cppExport.cmake
[2.361s] -- Up-to-date: /home/triton_07/Documents/framRobot/S1_G2_Machillot_Dridi/tello_ws/install/tello_interfaces/share/tello_interfaces/cmake/export_tello_interfaces__rosidl_typesupport_fastrtps_cppExport-noconfig.cmake
[2.361s] -- Up-to-date: /home/triton_07/Documents/framRobot/S1_G2_Machillot_Dridi/tello_ws/install/tello_interfaces/share/tello_interfaces/cmake/tello_interfaces__rosidl_typesupport_introspection_cppExport.cmake
[2.361s] -- Up-to-date: /home/triton_07/Documents/framRobot/S1_G2_Machillot_Dridi/tello_ws/install/tello_interfaces/share/tello_interfaces/cmake/tello_interfaces__rosidl_typesupport_introspection_cppExport-noconfig.cmake
[2.362s] -- Up-to-date: /home/triton_07/Documents/framRobot/S1_G2_Machillot_Dridi/tello_ws/install/tello_interfaces/share/tello_interfaces/cmake/tello_interfaces__rosidl_typesupport_cppExport.cmake
[2.362s] -- Up-to-date: /home/triton_07/Documents/framRobot/S1_G2_Machillot_Dridi/tello_ws/install/tello_interfaces/share/tello_interfaces/cmake/tello_interfaces__rosidl_typesupport_cppExport-noconfig.cmake
[2.362s] -- Up-to-date: /home/triton_07/Documents/framRobot/S1_G2_Machillot_Dridi/tello_ws/install/tello_interfaces/share/tello_interfaces/cmake/export_tello_interfaces__rosidl_generator_pyExport.cmake
[2.362s] -- Up-to-date: /home/triton_07/Documents/framRobot/S1_G2_Machillot_Dridi/tello_ws/install/tello_interfaces/share/tello_interfaces/cmake/export_tello_interfaces__rosidl_generator_pyExport-noconfig.cmake
[2.362s] -- Up-to-date: /home/triton_07/Documents/framRobot/S1_G2_Machillot_Dridi/tello_ws/install/tello_interfaces/share/tello_interfaces/cmake/rosidl_cmake-extras.cmake
[2.362s] -- Up-to-date: /home/triton_07/Documents/framRobot/S1_G2_Machillot_Dridi/tello_ws/install/tello_interfaces/share/tello_interfaces/cmake/ament_cmake_export_include_directories-extras.cmake
[2.362s] -- Up-to-date: /home/triton_07/Documents/framRobot/S1_G2_Machillot_Dridi/tello_ws/install/tello_interfaces/share/tello_interfaces/cmake/ament_cmake_export_libraries-extras.cmake
[2.362s] -- Up-to-date: /home/triton_07/Documents/framRobot/S1_G2_Machillot_Dridi/tello_ws/install/tello_interfaces/share/tello_interfaces/cmake/ament_cmake_export_targets-extras.cmake
[2.362s] -- Up-to-date: /home/triton_07/Documents/framRobot/S1_G2_Machillot_Dridi/tello_ws/install/tello_interfaces/share/tello_interfaces/cmake/rosidl_cmake_export_typesupport_targets-extras.cmake
[2.362s] -- Up-to-date: /home/triton_07/Documents/framRobot/S1_G2_Machillot_Dridi/tello_ws/install/tello_interfaces/share/tello_interfaces/cmake/ament_cmake_export_dependencies-extras.cmake
[2.362s] -- Up-to-date: /home/triton_07/Documents/framRobot/S1_G2_Machillot_Dridi/tello_ws/install/tello_interfaces/share/tello_interfaces/cmake/rosidl_cmake_export_typesupport_libraries-extras.cmake
[2.362s] -- Up-to-date: /home/triton_07/Documents/framRobot/S1_G2_Machillot_Dridi/tello_ws/install/tello_interfaces/share/tello_interfaces/cmake/tello_interfacesConfig.cmake
[2.362s] -- Up-to-date: /home/triton_07/Documents/framRobot/S1_G2_Machillot_Dridi/tello_ws/install/tello_interfaces/share/tello_interfaces/cmake/tello_interfacesConfig-version.cmake
[2.362s] -- Up-to-date: /home/triton_07/Documents/framRobot/S1_G2_Machillot_Dridi/tello_ws/install/tello_interfaces/share/tello_interfaces/package.xml
[2.364s] Invoked command in '/home/triton_07/Documents/framRobot/S1_G2_Machillot_Dridi/tello_ws/build/tello_interfaces' returned '0': CMAKE_PREFIX_PATH=${CMAKE_PREFIX_PATH}:/home/triton_07/Documents/framRobot/S1_G2_Machillot_Dridi/tello_ws/install/pypackage:/home/triton_07/Documents/framRobot/S1_G2_Machillot_Dridi/tello_ws/install/tello:/opt/ros/humble /usr/bin/cmake --install /home/triton_07/Documents/framRobot/S1_G2_Machillot_Dridi/tello_ws/build/tello_interfaces
